<?xml version="1.0" encoding="UTF-8"?>
<!-- Generated by org.testng.reporters.JUnitXMLReporter -->
<testsuite ignored="0" hostname="Radhakrishnan" failures="1" tests="44" name="afterScreenshot" time="324.032" errors="0" timestamp="2022-07-12T17:02:32 IST">
  <testcase classname="com.maplogik.functional.AfterUpdateScreenShot" name="afterScreenShot" time="12.149"/>
  <testcase classname="com.maplogik.functional.AfterUpdateScreenShot" name="afterScreenShot" time="7.513"/>
  <testcase classname="com.maplogik.functional.AfterUpdateScreenShot" name="afterScreenShot" time="6.694"/>
  <testcase classname="com.maplogik.functional.AfterUpdateScreenShot" name="afterScreenShot" time="7.429"/>
  <testcase classname="com.maplogik.functional.AfterUpdateScreenShot" name="afterScreenShot" time="6.528"/>
  <testcase classname="com.maplogik.functional.AfterUpdateScreenShot" name="afterScreenShot" time="7.272"/>
  <testcase classname="com.maplogik.functional.AfterUpdateScreenShot" name="afterScreenShot" time="6.646"/>
  <testcase classname="com.maplogik.functional.AfterUpdateScreenShot" name="afterScreenShot" time="6.859"/>
  <testcase classname="com.maplogik.functional.AfterUpdateScreenShot" name="afterScreenShot" time="6.487"/>
  <testcase classname="com.maplogik.functional.AfterUpdateScreenShot" name="afterScreenShot" time="6.536"/>
  <testcase classname="com.maplogik.functional.AfterUpdateScreenShot" name="afterScreenShot" time="6.637"/>
  <testcase classname="com.maplogik.functional.AfterUpdateScreenShot" name="afterScreenShot" time="6.944"/>
  <testcase classname="com.maplogik.functional.AfterUpdateScreenShot" name="afterScreenShot" time="6.626"/>
  <testcase classname="com.maplogik.functional.AfterUpdateScreenShot" name="afterScreenShot" time="6.685"/>
  <testcase classname="com.maplogik.functional.AfterUpdateScreenShot" name="afterScreenShot" time="6.628"/>
  <testcase classname="com.maplogik.functional.AfterUpdateScreenShot" name="afterScreenShot" time="7.039"/>
  <testcase classname="com.maplogik.functional.AfterUpdateScreenShot" name="afterScreenShot" time="7.83"/>
  <testcase classname="com.maplogik.functional.AfterUpdateScreenShot" name="afterScreenShot" time="7.224"/>
  <testcase classname="com.maplogik.functional.AfterUpdateScreenShot" name="afterScreenShot" time="7.442"/>
  <testcase classname="com.maplogik.functional.AfterUpdateScreenShot" name="afterScreenShot" time="6.652"/>
  <testcase classname="com.maplogik.functional.AfterUpdateScreenShot" name="afterScreenShot" time="6.6"/>
  <testcase classname="com.maplogik.functional.AfterUpdateScreenShot" name="afterScreenShot" time="6.777"/>
  <testcase classname="com.maplogik.functional.AfterUpdateScreenShot" name="afterScreenShot" time="7.166"/>
  <testcase classname="com.maplogik.functional.AfterUpdateScreenShot" name="afterScreenShot" time="6.728"/>
  <testcase classname="com.maplogik.functional.AfterUpdateScreenShot" name="afterScreenShot" time="6.67"/>
  <testcase classname="com.maplogik.functional.AfterUpdateScreenShot" name="afterScreenShot" time="6.593"/>
  <testcase classname="com.maplogik.functional.AfterUpdateScreenShot" name="afterScreenShot" time="6.533"/>
  <testcase classname="com.maplogik.functional.AfterUpdateScreenShot" name="afterScreenShot" time="6.535"/>
  <testcase classname="com.maplogik.functional.AfterUpdateScreenShot" name="afterScreenShot" time="7.444"/>
  <testcase classname="com.maplogik.functional.AfterUpdateScreenShot" name="afterScreenShot" time="6.573"/>
  <testcase classname="com.maplogik.functional.AfterUpdateScreenShot" name="afterScreenShot" time="6.428"/>
  <testcase classname="com.maplogik.functional.AfterUpdateScreenShot" name="afterScreenShot" time="6.648"/>
  <testcase classname="com.maplogik.functional.AfterUpdateScreenShot" name="afterScreenShot" time="8.024"/>
  <testcase classname="com.maplogik.functional.AfterUpdateScreenShot" name="afterScreenShot" time="7.084"/>
  <testcase classname="com.maplogik.functional.AfterUpdateScreenShot" name="afterScreenShot" time="7.025"/>
  <testcase classname="com.maplogik.functional.AfterUpdateScreenShot" name="afterScreenShot" time="8.312"/>
  <testcase classname="com.maplogik.functional.AfterUpdateScreenShot" name="afterScreenShot" time="7.156"/>
  <testcase classname="com.maplogik.functional.AfterUpdateScreenShot" name="afterScreenShot" time="7.422"/>
  <testcase classname="com.maplogik.functional.AfterUpdateScreenShot" name="afterScreenShot" time="7.275"/>
  <testcase classname="com.maplogik.functional.AfterUpdateScreenShot" name="afterScreenShot" time="7.048"/>
  <testcase classname="com.maplogik.functional.AfterUpdateScreenShot" name="afterScreenShot" time="7.267"/>
  <testcase classname="com.maplogik.functional.AfterUpdateScreenShot" name="afterScreenShot" time="7.429"/>
  <testcase classname="com.maplogik.functional.AfterUpdateScreenShot" name="afterScreenShot" time="7.207"/>
  <testcase classname="com.maplogik.functional.AfterUpdateScreenShot" name="afterScreenShot" time="11.763">
    <failure type="org.openqa.selenium.NoSuchElementException" message="no such element: Unable to locate element: {&amp;quot;method&amp;quot;:&amp;quot;xpath&amp;quot;,&amp;quot;selector&amp;quot;:&amp;quot;(//div[@class=&amp;apos;card custom-card new-custom&amp;apos;])[4]&amp;quot;}
  (Session info: chrome=103.0.5060.114)
For documentation on this error, please visit: https://selenium.dev/exceptions/#no_such_element
Build info: version: &amp;apos;4.1.4&amp;apos;, revision: &amp;apos;535d840ee2&amp;apos;
System info: host: &amp;apos;RADHAKRISHNAN&amp;apos;, ip: &amp;apos;192.168.1.2&amp;apos;, os.name: &amp;apos;Windows 10&amp;apos;, os.arch: &amp;apos;amd64&amp;apos;, os.version: &amp;apos;10.0&amp;apos;, java.version: &amp;apos;17.0.1&amp;apos;
Driver info: org.openqa.selenium.chrome.ChromeDriver
Command: [e9852a1ccd6b13fbdc18d091fad70860, findElement {using=xpath, value=(//div[@class=&amp;apos;card custom-card new-custom&amp;apos;])[4]}]
Capabilities {acceptInsecureCerts: false, browserName: chrome, browserVersion: 103.0.5060.114, chrome: {chromedriverVersion: 102.0.5005.61 (0e59bcc00cc4..., userDataDir: C:\Users\RADHAK~1\AppData\L...}, goog:chromeOptions: {debuggerAddress: localhost:63764}, javascriptEnabled: true, networkConnectionEnabled: false, pageLoadStrategy: normal, platform: WINDOWS, platformName: WINDOWS, proxy: Proxy(), se:cdp: ws://localhost:63764/devtoo..., se:cdpVersion: 103.0.5060.114, setWindowRect: true, strictFileInteractability: false, timeouts: {implicit: 0, pageLoad: 300000, script: 30000}, unhandledPromptBehavior: dismiss and notify, webauthn:extension:credBlob: true, webauthn:extension:largeBlob: true, webauthn:virtualAuthenticators: true}
Session ID: e9852a1ccd6b13fbdc18d091fad70860">
      <![CDATA[org.openqa.selenium.NoSuchElementException: no such element: Unable to locate element: {"method":"xpath","selector":"(//div[@class='card custom-card new-custom'])[4]"}
  (Session info: chrome=103.0.5060.114)
For documentation on this error, please visit: https://selenium.dev/exceptions/#no_such_element
Build info: version: '4.1.4', revision: '535d840ee2'
System info: host: 'RADHAKRISHNAN', ip: '192.168.1.2', os.name: 'Windows 10', os.arch: 'amd64', os.version: '10.0', java.version: '17.0.1'
Driver info: org.openqa.selenium.chrome.ChromeDriver
Command: [e9852a1ccd6b13fbdc18d091fad70860, findElement {using=xpath, value=(//div[@class='card custom-card new-custom'])[4]}]
Capabilities {acceptInsecureCerts: false, browserName: chrome, browserVersion: 103.0.5060.114, chrome: {chromedriverVersion: 102.0.5005.61 (0e59bcc00cc4..., userDataDir: C:\Users\RADHAK~1\AppData\L...}, goog:chromeOptions: {debuggerAddress: localhost:63764}, javascriptEnabled: true, networkConnectionEnabled: false, pageLoadStrategy: normal, platform: WINDOWS, platformName: WINDOWS, proxy: Proxy(), se:cdp: ws://localhost:63764/devtoo..., se:cdpVersion: 103.0.5060.114, setWindowRect: true, strictFileInteractability: false, timeouts: {implicit: 0, pageLoad: 300000, script: 30000}, unhandledPromptBehavior: dismiss and notify, webauthn:extension:credBlob: true, webauthn:extension:largeBlob: true, webauthn:virtualAuthenticators: true}
Session ID: e9852a1ccd6b13fbdc18d091fad70860
at org.openqa.selenium.remote.codec.w3c.W3CHttpResponseCodec.createException(W3CHttpResponseCodec.java:200)
at org.openqa.selenium.remote.codec.w3c.W3CHttpResponseCodec.decode(W3CHttpResponseCodec.java:133)
at org.openqa.selenium.remote.codec.w3c.W3CHttpResponseCodec.decode(W3CHttpResponseCodec.java:53)
at org.openqa.selenium.remote.HttpCommandExecutor.execute(HttpCommandExecutor.java:184)
at org.openqa.selenium.remote.service.DriverCommandExecutor.invokeExecute(DriverCommandExecutor.java:167)
at org.openqa.selenium.remote.service.DriverCommandExecutor.execute(DriverCommandExecutor.java:142)
at org.openqa.selenium.remote.RemoteWebDriver.execute(RemoteWebDriver.java:567)
at org.openqa.selenium.remote.ElementLocation$ElementFinder$2.findElement(ElementLocation.java:162)
at org.openqa.selenium.remote.ElementLocation.findElement(ElementLocation.java:60)
at org.openqa.selenium.remote.RemoteWebDriver.findElement(RemoteWebDriver.java:385)
at org.openqa.selenium.remote.RemoteWebDriver.findElement(RemoteWebDriver.java:377)
at org.openqa.selenium.support.pagefactory.DefaultElementLocator.findElement(DefaultElementLocator.java:70)
at org.openqa.selenium.support.pagefactory.internal.LocatingElementHandler.invoke(LocatingElementHandler.java:39)
at jdk.proxy2/jdk.proxy2.$Proxy19.getScreenshotAs(Unknown Source)
at com.maplogik.utilities.Utilities.takesScreenShot(Utilities.java:60)
at com.maplogik.functional.AfterUpdateScreenShot.afterScreenShot(AfterUpdateScreenShot.java:30)
at java.base/java.util.ArrayList.forEach(ArrayList.java:1511)
... Removed 31 stack frames]]>
    </failure>
  </testcase> <!-- afterScreenShot -->
</testsuite> <!-- afterScreenshot -->
