<?xml version="1.0" encoding="UTF-8"?>
<testng-results ignored="0" total="130" passed="87" failed="43" skipped="0">
  <reporter-output>
  </reporter-output>
  <suite started-at="2022-07-20T01:50:11 IST" name="Suite" finished-at="2022-07-20T01:50:11 IST" duration-ms="0">
    <groups>
    </groups>
  </suite> <!-- Suite -->
  <suite started-at="2022-07-20T01:49:17 IST" name="Suite (1)" finished-at="2022-07-20T01:49:51 IST" duration-ms="34527">
    <groups>
    </groups>
    <test started-at="2022-07-20T01:49:17 IST" name="approve" finished-at="2022-07-20T01:49:51 IST" duration-ms="34527">
      <class name="com.maplogik.functional.ApproveCertificate">
        <test-method is-config="true" signature="openBrowser()[pri:0, instance:com.maplogik.functional.ApproveCertificate@7fb95505]" started-at="2022-07-20T01:49:17 IST" name="openBrowser" finished-at="2022-07-20T01:49:20 IST" duration-ms="2780" status="PASS">
          <reporter-output>
          </reporter-output>
        </test-method> <!-- openBrowser -->
        <test-method signature="adminLogin()[pri:0, instance:com.maplogik.functional.ApproveCertificate@7fb95505]" started-at="2022-07-20T01:49:20 IST" name="adminLogin" finished-at="2022-07-20T01:49:24 IST" duration-ms="4028" status="PASS">
          <reporter-output>
          </reporter-output>
        </test-method> <!-- adminLogin -->
        <test-method signature="certificationApproval(java.lang.String,java.lang.String,java.lang.String)[pri:1, instance:com.maplogik.functional.ApproveCertificate@7fb95505]" started-at="2022-07-20T01:49:24 IST" name="certificationApproval" data-provider="studentIdProvider" finished-at="2022-07-20T01:49:25 IST" duration-ms="760" status="FAIL">
          <params>
            <param index="0">
              <value>
                <![CDATA[STUD0301]]>
              </value>
            </param>
            <param index="1">
              <value>
                <![CDATA[9500012608]]>
              </value>
            </param>
            <param index="2">
              <value>
                <![CDATA[./src/main/resources/certificate/certificate.pdf]]>
              </value>
            </param>
          </params>
          <exception class="java.lang.AssertionError">
            <message>
              <![CDATA[expected [true] but found [false]]]>
            </message>
            <full-stacktrace>
              <![CDATA[java.lang.AssertionError: expected [true] but found [false]
at org.testng.Assert.fail(Assert.java:99)
at org.testng.Assert.failNotEquals(Assert.java:1037)
at org.testng.Assert.assertTrue(Assert.java:45)
at org.testng.Assert.assertTrue(Assert.java:55)
at com.maplogik.functional.ApproveCertificate.certificationApproval(ApproveCertificate.java:34)
at java.base/jdk.internal.reflect.NativeMethodAccessorImpl.invoke0(Native Method)
at java.base/jdk.internal.reflect.NativeMethodAccessorImpl.invoke(NativeMethodAccessorImpl.java:77)
at java.base/jdk.internal.reflect.DelegatingMethodAccessorImpl.invoke(DelegatingMethodAccessorImpl.java:43)
at java.base/java.lang.reflect.Method.invoke(Method.java:568)
at org.testng.internal.MethodInvocationHelper.invokeMethod(MethodInvocationHelper.java:133)
at org.testng.internal.TestInvoker.invokeMethod(TestInvoker.java:598)
at org.testng.internal.TestInvoker.invokeTestMethod(TestInvoker.java:173)
at org.testng.internal.MethodRunner.runInSequence(MethodRunner.java:46)
at org.testng.internal.TestInvoker$MethodInvocationAgent.invoke(TestInvoker.java:824)
at org.testng.internal.TestInvoker.invokeTestMethods(TestInvoker.java:146)
at org.testng.internal.TestMethodWorker.invokeTestMethods(TestMethodWorker.java:146)
at org.testng.internal.TestMethodWorker.run(TestMethodWorker.java:128)
at java.base/java.util.ArrayList.forEach(ArrayList.java:1511)
at org.testng.TestRunner.privateRun(TestRunner.java:794)
at org.testng.TestRunner.run(TestRunner.java:596)
at org.testng.SuiteRunner.runTest(SuiteRunner.java:377)
at org.testng.SuiteRunner.runSequentially(SuiteRunner.java:371)
at org.testng.SuiteRunner.privateRun(SuiteRunner.java:332)
at org.testng.SuiteRunner.run(SuiteRunner.java:276)
at org.testng.SuiteRunnerWorker.runSuite(SuiteRunnerWorker.java:53)
at org.testng.SuiteRunnerWorker.run(SuiteRunnerWorker.java:96)
at org.testng.TestNG.runSuitesSequentially(TestNG.java:1212)
at org.testng.TestNG.runSuitesSequentially(TestNG.java:1207)
at org.testng.TestNG.runSuitesLocally(TestNG.java:1134)
at org.testng.TestNG.runSuites(TestNG.java:1063)
at org.testng.TestNG.run(TestNG.java:1031)
at org.testng.remote.AbstractRemoteTestNG.run(AbstractRemoteTestNG.java:115)
at org.testng.remote.RemoteTestNG.initAndRun(RemoteTestNG.java:251)
at org.testng.remote.RemoteTestNG.main(RemoteTestNG.java:77)
]]>
            </full-stacktrace>
          </exception> <!-- java.lang.AssertionError -->
          <reporter-output>
          </reporter-output>
        </test-method> <!-- certificationApproval -->
        <test-method signature="certificationApproval(java.lang.String,java.lang.String,java.lang.String)[pri:1, instance:com.maplogik.functional.ApproveCertificate@7fb95505]" started-at="2022-07-20T01:49:25 IST" name="certificationApproval" data-provider="studentIdProvider" finished-at="2022-07-20T01:49:25 IST" duration-ms="474" status="FAIL">
          <params>
            <param index="0">
              <value>
                <![CDATA[STUD0302]]>
              </value>
            </param>
            <param index="1">
              <value>
                <![CDATA[9444301442]]>
              </value>
            </param>
            <param index="2">
              <value>
                <![CDATA[./src/main/resources/certificate/certificate.pdf]]>
              </value>
            </param>
          </params>
          <exception class="java.lang.AssertionError">
            <message>
              <![CDATA[expected [true] but found [false]]]>
            </message>
            <full-stacktrace>
              <![CDATA[java.lang.AssertionError: expected [true] but found [false]
at org.testng.Assert.fail(Assert.java:99)
at org.testng.Assert.failNotEquals(Assert.java:1037)
at org.testng.Assert.assertTrue(Assert.java:45)
at org.testng.Assert.assertTrue(Assert.java:55)
at com.maplogik.functional.ApproveCertificate.certificationApproval(ApproveCertificate.java:34)
at java.base/jdk.internal.reflect.NativeMethodAccessorImpl.invoke0(Native Method)
at java.base/jdk.internal.reflect.NativeMethodAccessorImpl.invoke(NativeMethodAccessorImpl.java:77)
at java.base/jdk.internal.reflect.DelegatingMethodAccessorImpl.invoke(DelegatingMethodAccessorImpl.java:43)
at java.base/java.lang.reflect.Method.invoke(Method.java:568)
at org.testng.internal.MethodInvocationHelper.invokeMethod(MethodInvocationHelper.java:133)
at org.testng.internal.TestInvoker.invokeMethod(TestInvoker.java:598)
at org.testng.internal.TestInvoker.invokeTestMethod(TestInvoker.java:173)
at org.testng.internal.MethodRunner.runInSequence(MethodRunner.java:46)
at org.testng.internal.TestInvoker$MethodInvocationAgent.invoke(TestInvoker.java:824)
at org.testng.internal.TestInvoker.invokeTestMethods(TestInvoker.java:146)
at org.testng.internal.TestMethodWorker.invokeTestMethods(TestMethodWorker.java:146)
at org.testng.internal.TestMethodWorker.run(TestMethodWorker.java:128)
at java.base/java.util.ArrayList.forEach(ArrayList.java:1511)
at org.testng.TestRunner.privateRun(TestRunner.java:794)
at org.testng.TestRunner.run(TestRunner.java:596)
at org.testng.SuiteRunner.runTest(SuiteRunner.java:377)
at org.testng.SuiteRunner.runSequentially(SuiteRunner.java:371)
at org.testng.SuiteRunner.privateRun(SuiteRunner.java:332)
at org.testng.SuiteRunner.run(SuiteRunner.java:276)
at org.testng.SuiteRunnerWorker.runSuite(SuiteRunnerWorker.java:53)
at org.testng.SuiteRunnerWorker.run(SuiteRunnerWorker.java:96)
at org.testng.TestNG.runSuitesSequentially(TestNG.java:1212)
at org.testng.TestNG.runSuitesSequentially(TestNG.java:1207)
at org.testng.TestNG.runSuitesLocally(TestNG.java:1134)
at org.testng.TestNG.runSuites(TestNG.java:1063)
at org.testng.TestNG.run(TestNG.java:1031)
at org.testng.remote.AbstractRemoteTestNG.run(AbstractRemoteTestNG.java:115)
at org.testng.remote.RemoteTestNG.initAndRun(RemoteTestNG.java:251)
at org.testng.remote.RemoteTestNG.main(RemoteTestNG.java:77)
]]>
            </full-stacktrace>
          </exception> <!-- java.lang.AssertionError -->
          <reporter-output>
          </reporter-output>
        </test-method> <!-- certificationApproval -->
        <test-method signature="certificationApproval(java.lang.String,java.lang.String,java.lang.String)[pri:1, instance:com.maplogik.functional.ApproveCertificate@7fb95505]" started-at="2022-07-20T01:49:25 IST" name="certificationApproval" data-provider="studentIdProvider" finished-at="2022-07-20T01:49:26 IST" duration-ms="540" status="FAIL">
          <params>
            <param index="0">
              <value>
                <![CDATA[STUD0303]]>
              </value>
            </param>
            <param index="1">
              <value>
                <![CDATA[9751759461]]>
              </value>
            </param>
            <param index="2">
              <value>
                <![CDATA[./src/main/resources/certificate/certificate.pdf]]>
              </value>
            </param>
          </params>
          <exception class="java.lang.AssertionError">
            <message>
              <![CDATA[expected [true] but found [false]]]>
            </message>
            <full-stacktrace>
              <![CDATA[java.lang.AssertionError: expected [true] but found [false]
at org.testng.Assert.fail(Assert.java:99)
at org.testng.Assert.failNotEquals(Assert.java:1037)
at org.testng.Assert.assertTrue(Assert.java:45)
at org.testng.Assert.assertTrue(Assert.java:55)
at com.maplogik.functional.ApproveCertificate.certificationApproval(ApproveCertificate.java:34)
at java.base/jdk.internal.reflect.NativeMethodAccessorImpl.invoke0(Native Method)
at java.base/jdk.internal.reflect.NativeMethodAccessorImpl.invoke(NativeMethodAccessorImpl.java:77)
at java.base/jdk.internal.reflect.DelegatingMethodAccessorImpl.invoke(DelegatingMethodAccessorImpl.java:43)
at java.base/java.lang.reflect.Method.invoke(Method.java:568)
at org.testng.internal.MethodInvocationHelper.invokeMethod(MethodInvocationHelper.java:133)
at org.testng.internal.TestInvoker.invokeMethod(TestInvoker.java:598)
at org.testng.internal.TestInvoker.invokeTestMethod(TestInvoker.java:173)
at org.testng.internal.MethodRunner.runInSequence(MethodRunner.java:46)
at org.testng.internal.TestInvoker$MethodInvocationAgent.invoke(TestInvoker.java:824)
at org.testng.internal.TestInvoker.invokeTestMethods(TestInvoker.java:146)
at org.testng.internal.TestMethodWorker.invokeTestMethods(TestMethodWorker.java:146)
at org.testng.internal.TestMethodWorker.run(TestMethodWorker.java:128)
at java.base/java.util.ArrayList.forEach(ArrayList.java:1511)
at org.testng.TestRunner.privateRun(TestRunner.java:794)
at org.testng.TestRunner.run(TestRunner.java:596)
at org.testng.SuiteRunner.runTest(SuiteRunner.java:377)
at org.testng.SuiteRunner.runSequentially(SuiteRunner.java:371)
at org.testng.SuiteRunner.privateRun(SuiteRunner.java:332)
at org.testng.SuiteRunner.run(SuiteRunner.java:276)
at org.testng.SuiteRunnerWorker.runSuite(SuiteRunnerWorker.java:53)
at org.testng.SuiteRunnerWorker.run(SuiteRunnerWorker.java:96)
at org.testng.TestNG.runSuitesSequentially(TestNG.java:1212)
at org.testng.TestNG.runSuitesSequentially(TestNG.java:1207)
at org.testng.TestNG.runSuitesLocally(TestNG.java:1134)
at org.testng.TestNG.runSuites(TestNG.java:1063)
at org.testng.TestNG.run(TestNG.java:1031)
at org.testng.remote.AbstractRemoteTestNG.run(AbstractRemoteTestNG.java:115)
at org.testng.remote.RemoteTestNG.initAndRun(RemoteTestNG.java:251)
at org.testng.remote.RemoteTestNG.main(RemoteTestNG.java:77)
]]>
            </full-stacktrace>
          </exception> <!-- java.lang.AssertionError -->
          <reporter-output>
          </reporter-output>
        </test-method> <!-- certificationApproval -->
        <test-method signature="certificationApproval(java.lang.String,java.lang.String,java.lang.String)[pri:1, instance:com.maplogik.functional.ApproveCertificate@7fb95505]" started-at="2022-07-20T01:49:26 IST" name="certificationApproval" data-provider="studentIdProvider" finished-at="2022-07-20T01:49:27 IST" duration-ms="464" status="FAIL">
          <params>
            <param index="0">
              <value>
                <![CDATA[STUD0304]]>
              </value>
            </param>
            <param index="1">
              <value>
                <![CDATA[9840131115]]>
              </value>
            </param>
            <param index="2">
              <value>
                <![CDATA[./src/main/resources/certificate/certificate.pdf]]>
              </value>
            </param>
          </params>
          <exception class="java.lang.AssertionError">
            <message>
              <![CDATA[expected [true] but found [false]]]>
            </message>
            <full-stacktrace>
              <![CDATA[java.lang.AssertionError: expected [true] but found [false]
at org.testng.Assert.fail(Assert.java:99)
at org.testng.Assert.failNotEquals(Assert.java:1037)
at org.testng.Assert.assertTrue(Assert.java:45)
at org.testng.Assert.assertTrue(Assert.java:55)
at com.maplogik.functional.ApproveCertificate.certificationApproval(ApproveCertificate.java:34)
at java.base/jdk.internal.reflect.NativeMethodAccessorImpl.invoke0(Native Method)
at java.base/jdk.internal.reflect.NativeMethodAccessorImpl.invoke(NativeMethodAccessorImpl.java:77)
at java.base/jdk.internal.reflect.DelegatingMethodAccessorImpl.invoke(DelegatingMethodAccessorImpl.java:43)
at java.base/java.lang.reflect.Method.invoke(Method.java:568)
at org.testng.internal.MethodInvocationHelper.invokeMethod(MethodInvocationHelper.java:133)
at org.testng.internal.TestInvoker.invokeMethod(TestInvoker.java:598)
at org.testng.internal.TestInvoker.invokeTestMethod(TestInvoker.java:173)
at org.testng.internal.MethodRunner.runInSequence(MethodRunner.java:46)
at org.testng.internal.TestInvoker$MethodInvocationAgent.invoke(TestInvoker.java:824)
at org.testng.internal.TestInvoker.invokeTestMethods(TestInvoker.java:146)
at org.testng.internal.TestMethodWorker.invokeTestMethods(TestMethodWorker.java:146)
at org.testng.internal.TestMethodWorker.run(TestMethodWorker.java:128)
at java.base/java.util.ArrayList.forEach(ArrayList.java:1511)
at org.testng.TestRunner.privateRun(TestRunner.java:794)
at org.testng.TestRunner.run(TestRunner.java:596)
at org.testng.SuiteRunner.runTest(SuiteRunner.java:377)
at org.testng.SuiteRunner.runSequentially(SuiteRunner.java:371)
at org.testng.SuiteRunner.privateRun(SuiteRunner.java:332)
at org.testng.SuiteRunner.run(SuiteRunner.java:276)
at org.testng.SuiteRunnerWorker.runSuite(SuiteRunnerWorker.java:53)
at org.testng.SuiteRunnerWorker.run(SuiteRunnerWorker.java:96)
at org.testng.TestNG.runSuitesSequentially(TestNG.java:1212)
at org.testng.TestNG.runSuitesSequentially(TestNG.java:1207)
at org.testng.TestNG.runSuitesLocally(TestNG.java:1134)
at org.testng.TestNG.runSuites(TestNG.java:1063)
at org.testng.TestNG.run(TestNG.java:1031)
at org.testng.remote.AbstractRemoteTestNG.run(AbstractRemoteTestNG.java:115)
at org.testng.remote.RemoteTestNG.initAndRun(RemoteTestNG.java:251)
at org.testng.remote.RemoteTestNG.main(RemoteTestNG.java:77)
]]>
            </full-stacktrace>
          </exception> <!-- java.lang.AssertionError -->
          <reporter-output>
          </reporter-output>
        </test-method> <!-- certificationApproval -->
        <test-method signature="certificationApproval(java.lang.String,java.lang.String,java.lang.String)[pri:1, instance:com.maplogik.functional.ApproveCertificate@7fb95505]" started-at="2022-07-20T01:49:27 IST" name="certificationApproval" data-provider="studentIdProvider" finished-at="2022-07-20T01:49:27 IST" duration-ms="480" status="FAIL">
          <params>
            <param index="0">
              <value>
                <![CDATA[STUD0305]]>
              </value>
            </param>
            <param index="1">
              <value>
                <![CDATA[9962545006]]>
              </value>
            </param>
            <param index="2">
              <value>
                <![CDATA[./src/main/resources/certificate/certificate.pdf]]>
              </value>
            </param>
          </params>
          <exception class="java.lang.AssertionError">
            <message>
              <![CDATA[expected [true] but found [false]]]>
            </message>
            <full-stacktrace>
              <![CDATA[java.lang.AssertionError: expected [true] but found [false]
at org.testng.Assert.fail(Assert.java:99)
at org.testng.Assert.failNotEquals(Assert.java:1037)
at org.testng.Assert.assertTrue(Assert.java:45)
at org.testng.Assert.assertTrue(Assert.java:55)
at com.maplogik.functional.ApproveCertificate.certificationApproval(ApproveCertificate.java:34)
at java.base/jdk.internal.reflect.NativeMethodAccessorImpl.invoke0(Native Method)
at java.base/jdk.internal.reflect.NativeMethodAccessorImpl.invoke(NativeMethodAccessorImpl.java:77)
at java.base/jdk.internal.reflect.DelegatingMethodAccessorImpl.invoke(DelegatingMethodAccessorImpl.java:43)
at java.base/java.lang.reflect.Method.invoke(Method.java:568)
at org.testng.internal.MethodInvocationHelper.invokeMethod(MethodInvocationHelper.java:133)
at org.testng.internal.TestInvoker.invokeMethod(TestInvoker.java:598)
at org.testng.internal.TestInvoker.invokeTestMethod(TestInvoker.java:173)
at org.testng.internal.MethodRunner.runInSequence(MethodRunner.java:46)
at org.testng.internal.TestInvoker$MethodInvocationAgent.invoke(TestInvoker.java:824)
at org.testng.internal.TestInvoker.invokeTestMethods(TestInvoker.java:146)
at org.testng.internal.TestMethodWorker.invokeTestMethods(TestMethodWorker.java:146)
at org.testng.internal.TestMethodWorker.run(TestMethodWorker.java:128)
at java.base/java.util.ArrayList.forEach(ArrayList.java:1511)
at org.testng.TestRunner.privateRun(TestRunner.java:794)
at org.testng.TestRunner.run(TestRunner.java:596)
at org.testng.SuiteRunner.runTest(SuiteRunner.java:377)
at org.testng.SuiteRunner.runSequentially(SuiteRunner.java:371)
at org.testng.SuiteRunner.privateRun(SuiteRunner.java:332)
at org.testng.SuiteRunner.run(SuiteRunner.java:276)
at org.testng.SuiteRunnerWorker.runSuite(SuiteRunnerWorker.java:53)
at org.testng.SuiteRunnerWorker.run(SuiteRunnerWorker.java:96)
at org.testng.TestNG.runSuitesSequentially(TestNG.java:1212)
at org.testng.TestNG.runSuitesSequentially(TestNG.java:1207)
at org.testng.TestNG.runSuitesLocally(TestNG.java:1134)
at org.testng.TestNG.runSuites(TestNG.java:1063)
at org.testng.TestNG.run(TestNG.java:1031)
at org.testng.remote.AbstractRemoteTestNG.run(AbstractRemoteTestNG.java:115)
at org.testng.remote.RemoteTestNG.initAndRun(RemoteTestNG.java:251)
at org.testng.remote.RemoteTestNG.main(RemoteTestNG.java:77)
]]>
            </full-stacktrace>
          </exception> <!-- java.lang.AssertionError -->
          <reporter-output>
          </reporter-output>
        </test-method> <!-- certificationApproval -->
        <test-method signature="certificationApproval(java.lang.String,java.lang.String,java.lang.String)[pri:1, instance:com.maplogik.functional.ApproveCertificate@7fb95505]" started-at="2022-07-20T01:49:27 IST" name="certificationApproval" data-provider="studentIdProvider" finished-at="2022-07-20T01:49:28 IST" duration-ms="488" status="FAIL">
          <params>
            <param index="0">
              <value>
                <![CDATA[STUD0306]]>
              </value>
            </param>
            <param index="1">
              <value>
                <![CDATA[9962276410]]>
              </value>
            </param>
            <param index="2">
              <value>
                <![CDATA[./src/main/resources/certificate/certificate.pdf]]>
              </value>
            </param>
          </params>
          <exception class="java.lang.AssertionError">
            <message>
              <![CDATA[expected [true] but found [false]]]>
            </message>
            <full-stacktrace>
              <![CDATA[java.lang.AssertionError: expected [true] but found [false]
at org.testng.Assert.fail(Assert.java:99)
at org.testng.Assert.failNotEquals(Assert.java:1037)
at org.testng.Assert.assertTrue(Assert.java:45)
at org.testng.Assert.assertTrue(Assert.java:55)
at com.maplogik.functional.ApproveCertificate.certificationApproval(ApproveCertificate.java:34)
at java.base/jdk.internal.reflect.NativeMethodAccessorImpl.invoke0(Native Method)
at java.base/jdk.internal.reflect.NativeMethodAccessorImpl.invoke(NativeMethodAccessorImpl.java:77)
at java.base/jdk.internal.reflect.DelegatingMethodAccessorImpl.invoke(DelegatingMethodAccessorImpl.java:43)
at java.base/java.lang.reflect.Method.invoke(Method.java:568)
at org.testng.internal.MethodInvocationHelper.invokeMethod(MethodInvocationHelper.java:133)
at org.testng.internal.TestInvoker.invokeMethod(TestInvoker.java:598)
at org.testng.internal.TestInvoker.invokeTestMethod(TestInvoker.java:173)
at org.testng.internal.MethodRunner.runInSequence(MethodRunner.java:46)
at org.testng.internal.TestInvoker$MethodInvocationAgent.invoke(TestInvoker.java:824)
at org.testng.internal.TestInvoker.invokeTestMethods(TestInvoker.java:146)
at org.testng.internal.TestMethodWorker.invokeTestMethods(TestMethodWorker.java:146)
at org.testng.internal.TestMethodWorker.run(TestMethodWorker.java:128)
at java.base/java.util.ArrayList.forEach(ArrayList.java:1511)
at org.testng.TestRunner.privateRun(TestRunner.java:794)
at org.testng.TestRunner.run(TestRunner.java:596)
at org.testng.SuiteRunner.runTest(SuiteRunner.java:377)
at org.testng.SuiteRunner.runSequentially(SuiteRunner.java:371)
at org.testng.SuiteRunner.privateRun(SuiteRunner.java:332)
at org.testng.SuiteRunner.run(SuiteRunner.java:276)
at org.testng.SuiteRunnerWorker.runSuite(SuiteRunnerWorker.java:53)
at org.testng.SuiteRunnerWorker.run(SuiteRunnerWorker.java:96)
at org.testng.TestNG.runSuitesSequentially(TestNG.java:1212)
at org.testng.TestNG.runSuitesSequentially(TestNG.java:1207)
at org.testng.TestNG.runSuitesLocally(TestNG.java:1134)
at org.testng.TestNG.runSuites(TestNG.java:1063)
at org.testng.TestNG.run(TestNG.java:1031)
at org.testng.remote.AbstractRemoteTestNG.run(AbstractRemoteTestNG.java:115)
at org.testng.remote.RemoteTestNG.initAndRun(RemoteTestNG.java:251)
at org.testng.remote.RemoteTestNG.main(RemoteTestNG.java:77)
]]>
            </full-stacktrace>
          </exception> <!-- java.lang.AssertionError -->
          <reporter-output>
          </reporter-output>
        </test-method> <!-- certificationApproval -->
        <test-method signature="certificationApproval(java.lang.String,java.lang.String,java.lang.String)[pri:1, instance:com.maplogik.functional.ApproveCertificate@7fb95505]" started-at="2022-07-20T01:49:28 IST" name="certificationApproval" data-provider="studentIdProvider" finished-at="2022-07-20T01:49:28 IST" duration-ms="472" status="FAIL">
          <params>
            <param index="0">
              <value>
                <![CDATA[STUD0307]]>
              </value>
            </param>
            <param index="1">
              <value>
                <![CDATA[9108088142]]>
              </value>
            </param>
            <param index="2">
              <value>
                <![CDATA[./src/main/resources/certificate/certificate.pdf]]>
              </value>
            </param>
          </params>
          <exception class="java.lang.AssertionError">
            <message>
              <![CDATA[expected [true] but found [false]]]>
            </message>
            <full-stacktrace>
              <![CDATA[java.lang.AssertionError: expected [true] but found [false]
at org.testng.Assert.fail(Assert.java:99)
at org.testng.Assert.failNotEquals(Assert.java:1037)
at org.testng.Assert.assertTrue(Assert.java:45)
at org.testng.Assert.assertTrue(Assert.java:55)
at com.maplogik.functional.ApproveCertificate.certificationApproval(ApproveCertificate.java:34)
at java.base/jdk.internal.reflect.NativeMethodAccessorImpl.invoke0(Native Method)
at java.base/jdk.internal.reflect.NativeMethodAccessorImpl.invoke(NativeMethodAccessorImpl.java:77)
at java.base/jdk.internal.reflect.DelegatingMethodAccessorImpl.invoke(DelegatingMethodAccessorImpl.java:43)
at java.base/java.lang.reflect.Method.invoke(Method.java:568)
at org.testng.internal.MethodInvocationHelper.invokeMethod(MethodInvocationHelper.java:133)
at org.testng.internal.TestInvoker.invokeMethod(TestInvoker.java:598)
at org.testng.internal.TestInvoker.invokeTestMethod(TestInvoker.java:173)
at org.testng.internal.MethodRunner.runInSequence(MethodRunner.java:46)
at org.testng.internal.TestInvoker$MethodInvocationAgent.invoke(TestInvoker.java:824)
at org.testng.internal.TestInvoker.invokeTestMethods(TestInvoker.java:146)
at org.testng.internal.TestMethodWorker.invokeTestMethods(TestMethodWorker.java:146)
at org.testng.internal.TestMethodWorker.run(TestMethodWorker.java:128)
at java.base/java.util.ArrayList.forEach(ArrayList.java:1511)
at org.testng.TestRunner.privateRun(TestRunner.java:794)
at org.testng.TestRunner.run(TestRunner.java:596)
at org.testng.SuiteRunner.runTest(SuiteRunner.java:377)
at org.testng.SuiteRunner.runSequentially(SuiteRunner.java:371)
at org.testng.SuiteRunner.privateRun(SuiteRunner.java:332)
at org.testng.SuiteRunner.run(SuiteRunner.java:276)
at org.testng.SuiteRunnerWorker.runSuite(SuiteRunnerWorker.java:53)
at org.testng.SuiteRunnerWorker.run(SuiteRunnerWorker.java:96)
at org.testng.TestNG.runSuitesSequentially(TestNG.java:1212)
at org.testng.TestNG.runSuitesSequentially(TestNG.java:1207)
at org.testng.TestNG.runSuitesLocally(TestNG.java:1134)
at org.testng.TestNG.runSuites(TestNG.java:1063)
at org.testng.TestNG.run(TestNG.java:1031)
at org.testng.remote.AbstractRemoteTestNG.run(AbstractRemoteTestNG.java:115)
at org.testng.remote.RemoteTestNG.initAndRun(RemoteTestNG.java:251)
at org.testng.remote.RemoteTestNG.main(RemoteTestNG.java:77)
]]>
            </full-stacktrace>
          </exception> <!-- java.lang.AssertionError -->
          <reporter-output>
          </reporter-output>
        </test-method> <!-- certificationApproval -->
        <test-method signature="certificationApproval(java.lang.String,java.lang.String,java.lang.String)[pri:1, instance:com.maplogik.functional.ApproveCertificate@7fb95505]" started-at="2022-07-20T01:49:29 IST" name="certificationApproval" data-provider="studentIdProvider" finished-at="2022-07-20T01:49:29 IST" duration-ms="454" status="FAIL">
          <params>
            <param index="0">
              <value>
                <![CDATA[STUD0308]]>
              </value>
            </param>
            <param index="1">
              <value>
                <![CDATA[9597051047]]>
              </value>
            </param>
            <param index="2">
              <value>
                <![CDATA[./src/main/resources/certificate/certificate.pdf]]>
              </value>
            </param>
          </params>
          <exception class="java.lang.AssertionError">
            <message>
              <![CDATA[expected [true] but found [false]]]>
            </message>
            <full-stacktrace>
              <![CDATA[java.lang.AssertionError: expected [true] but found [false]
at org.testng.Assert.fail(Assert.java:99)
at org.testng.Assert.failNotEquals(Assert.java:1037)
at org.testng.Assert.assertTrue(Assert.java:45)
at org.testng.Assert.assertTrue(Assert.java:55)
at com.maplogik.functional.ApproveCertificate.certificationApproval(ApproveCertificate.java:34)
at java.base/jdk.internal.reflect.NativeMethodAccessorImpl.invoke0(Native Method)
at java.base/jdk.internal.reflect.NativeMethodAccessorImpl.invoke(NativeMethodAccessorImpl.java:77)
at java.base/jdk.internal.reflect.DelegatingMethodAccessorImpl.invoke(DelegatingMethodAccessorImpl.java:43)
at java.base/java.lang.reflect.Method.invoke(Method.java:568)
at org.testng.internal.MethodInvocationHelper.invokeMethod(MethodInvocationHelper.java:133)
at org.testng.internal.TestInvoker.invokeMethod(TestInvoker.java:598)
at org.testng.internal.TestInvoker.invokeTestMethod(TestInvoker.java:173)
at org.testng.internal.MethodRunner.runInSequence(MethodRunner.java:46)
at org.testng.internal.TestInvoker$MethodInvocationAgent.invoke(TestInvoker.java:824)
at org.testng.internal.TestInvoker.invokeTestMethods(TestInvoker.java:146)
at org.testng.internal.TestMethodWorker.invokeTestMethods(TestMethodWorker.java:146)
at org.testng.internal.TestMethodWorker.run(TestMethodWorker.java:128)
at java.base/java.util.ArrayList.forEach(ArrayList.java:1511)
at org.testng.TestRunner.privateRun(TestRunner.java:794)
at org.testng.TestRunner.run(TestRunner.java:596)
at org.testng.SuiteRunner.runTest(SuiteRunner.java:377)
at org.testng.SuiteRunner.runSequentially(SuiteRunner.java:371)
at org.testng.SuiteRunner.privateRun(SuiteRunner.java:332)
at org.testng.SuiteRunner.run(SuiteRunner.java:276)
at org.testng.SuiteRunnerWorker.runSuite(SuiteRunnerWorker.java:53)
at org.testng.SuiteRunnerWorker.run(SuiteRunnerWorker.java:96)
at org.testng.TestNG.runSuitesSequentially(TestNG.java:1212)
at org.testng.TestNG.runSuitesSequentially(TestNG.java:1207)
at org.testng.TestNG.runSuitesLocally(TestNG.java:1134)
at org.testng.TestNG.runSuites(TestNG.java:1063)
at org.testng.TestNG.run(TestNG.java:1031)
at org.testng.remote.AbstractRemoteTestNG.run(AbstractRemoteTestNG.java:115)
at org.testng.remote.RemoteTestNG.initAndRun(RemoteTestNG.java:251)
at org.testng.remote.RemoteTestNG.main(RemoteTestNG.java:77)
]]>
            </full-stacktrace>
          </exception> <!-- java.lang.AssertionError -->
          <reporter-output>
          </reporter-output>
        </test-method> <!-- certificationApproval -->
        <test-method signature="certificationApproval(java.lang.String,java.lang.String,java.lang.String)[pri:1, instance:com.maplogik.functional.ApproveCertificate@7fb95505]" started-at="2022-07-20T01:49:29 IST" name="certificationApproval" data-provider="studentIdProvider" finished-at="2022-07-20T01:49:30 IST" duration-ms="476" status="FAIL">
          <params>
            <param index="0">
              <value>
                <![CDATA[STUD0309]]>
              </value>
            </param>
            <param index="1">
              <value>
                <![CDATA[9597051047]]>
              </value>
            </param>
            <param index="2">
              <value>
                <![CDATA[./src/main/resources/certificate/certificate.pdf]]>
              </value>
            </param>
          </params>
          <exception class="java.lang.AssertionError">
            <message>
              <![CDATA[expected [true] but found [false]]]>
            </message>
            <full-stacktrace>
              <![CDATA[java.lang.AssertionError: expected [true] but found [false]
at org.testng.Assert.fail(Assert.java:99)
at org.testng.Assert.failNotEquals(Assert.java:1037)
at org.testng.Assert.assertTrue(Assert.java:45)
at org.testng.Assert.assertTrue(Assert.java:55)
at com.maplogik.functional.ApproveCertificate.certificationApproval(ApproveCertificate.java:34)
at java.base/jdk.internal.reflect.NativeMethodAccessorImpl.invoke0(Native Method)
at java.base/jdk.internal.reflect.NativeMethodAccessorImpl.invoke(NativeMethodAccessorImpl.java:77)
at java.base/jdk.internal.reflect.DelegatingMethodAccessorImpl.invoke(DelegatingMethodAccessorImpl.java:43)
at java.base/java.lang.reflect.Method.invoke(Method.java:568)
at org.testng.internal.MethodInvocationHelper.invokeMethod(MethodInvocationHelper.java:133)
at org.testng.internal.TestInvoker.invokeMethod(TestInvoker.java:598)
at org.testng.internal.TestInvoker.invokeTestMethod(TestInvoker.java:173)
at org.testng.internal.MethodRunner.runInSequence(MethodRunner.java:46)
at org.testng.internal.TestInvoker$MethodInvocationAgent.invoke(TestInvoker.java:824)
at org.testng.internal.TestInvoker.invokeTestMethods(TestInvoker.java:146)
at org.testng.internal.TestMethodWorker.invokeTestMethods(TestMethodWorker.java:146)
at org.testng.internal.TestMethodWorker.run(TestMethodWorker.java:128)
at java.base/java.util.ArrayList.forEach(ArrayList.java:1511)
at org.testng.TestRunner.privateRun(TestRunner.java:794)
at org.testng.TestRunner.run(TestRunner.java:596)
at org.testng.SuiteRunner.runTest(SuiteRunner.java:377)
at org.testng.SuiteRunner.runSequentially(SuiteRunner.java:371)
at org.testng.SuiteRunner.privateRun(SuiteRunner.java:332)
at org.testng.SuiteRunner.run(SuiteRunner.java:276)
at org.testng.SuiteRunnerWorker.runSuite(SuiteRunnerWorker.java:53)
at org.testng.SuiteRunnerWorker.run(SuiteRunnerWorker.java:96)
at org.testng.TestNG.runSuitesSequentially(TestNG.java:1212)
at org.testng.TestNG.runSuitesSequentially(TestNG.java:1207)
at org.testng.TestNG.runSuitesLocally(TestNG.java:1134)
at org.testng.TestNG.runSuites(TestNG.java:1063)
at org.testng.TestNG.run(TestNG.java:1031)
at org.testng.remote.AbstractRemoteTestNG.run(AbstractRemoteTestNG.java:115)
at org.testng.remote.RemoteTestNG.initAndRun(RemoteTestNG.java:251)
at org.testng.remote.RemoteTestNG.main(RemoteTestNG.java:77)
]]>
            </full-stacktrace>
          </exception> <!-- java.lang.AssertionError -->
          <reporter-output>
          </reporter-output>
        </test-method> <!-- certificationApproval -->
        <test-method signature="certificationApproval(java.lang.String,java.lang.String,java.lang.String)[pri:1, instance:com.maplogik.functional.ApproveCertificate@7fb95505]" started-at="2022-07-20T01:49:30 IST" name="certificationApproval" data-provider="studentIdProvider" finished-at="2022-07-20T01:49:30 IST" duration-ms="569" status="FAIL">
          <params>
            <param index="0">
              <value>
                <![CDATA[STUD0310]]>
              </value>
            </param>
            <param index="1">
              <value>
                <![CDATA[9840255396]]>
              </value>
            </param>
            <param index="2">
              <value>
                <![CDATA[./src/main/resources/certificate/certificate.pdf]]>
              </value>
            </param>
          </params>
          <exception class="java.lang.AssertionError">
            <message>
              <![CDATA[expected [true] but found [false]]]>
            </message>
            <full-stacktrace>
              <![CDATA[java.lang.AssertionError: expected [true] but found [false]
at org.testng.Assert.fail(Assert.java:99)
at org.testng.Assert.failNotEquals(Assert.java:1037)
at org.testng.Assert.assertTrue(Assert.java:45)
at org.testng.Assert.assertTrue(Assert.java:55)
at com.maplogik.functional.ApproveCertificate.certificationApproval(ApproveCertificate.java:34)
at java.base/jdk.internal.reflect.NativeMethodAccessorImpl.invoke0(Native Method)
at java.base/jdk.internal.reflect.NativeMethodAccessorImpl.invoke(NativeMethodAccessorImpl.java:77)
at java.base/jdk.internal.reflect.DelegatingMethodAccessorImpl.invoke(DelegatingMethodAccessorImpl.java:43)
at java.base/java.lang.reflect.Method.invoke(Method.java:568)
at org.testng.internal.MethodInvocationHelper.invokeMethod(MethodInvocationHelper.java:133)
at org.testng.internal.TestInvoker.invokeMethod(TestInvoker.java:598)
at org.testng.internal.TestInvoker.invokeTestMethod(TestInvoker.java:173)
at org.testng.internal.MethodRunner.runInSequence(MethodRunner.java:46)
at org.testng.internal.TestInvoker$MethodInvocationAgent.invoke(TestInvoker.java:824)
at org.testng.internal.TestInvoker.invokeTestMethods(TestInvoker.java:146)
at org.testng.internal.TestMethodWorker.invokeTestMethods(TestMethodWorker.java:146)
at org.testng.internal.TestMethodWorker.run(TestMethodWorker.java:128)
at java.base/java.util.ArrayList.forEach(ArrayList.java:1511)
at org.testng.TestRunner.privateRun(TestRunner.java:794)
at org.testng.TestRunner.run(TestRunner.java:596)
at org.testng.SuiteRunner.runTest(SuiteRunner.java:377)
at org.testng.SuiteRunner.runSequentially(SuiteRunner.java:371)
at org.testng.SuiteRunner.privateRun(SuiteRunner.java:332)
at org.testng.SuiteRunner.run(SuiteRunner.java:276)
at org.testng.SuiteRunnerWorker.runSuite(SuiteRunnerWorker.java:53)
at org.testng.SuiteRunnerWorker.run(SuiteRunnerWorker.java:96)
at org.testng.TestNG.runSuitesSequentially(TestNG.java:1212)
at org.testng.TestNG.runSuitesSequentially(TestNG.java:1207)
at org.testng.TestNG.runSuitesLocally(TestNG.java:1134)
at org.testng.TestNG.runSuites(TestNG.java:1063)
at org.testng.TestNG.run(TestNG.java:1031)
at org.testng.remote.AbstractRemoteTestNG.run(AbstractRemoteTestNG.java:115)
at org.testng.remote.RemoteTestNG.initAndRun(RemoteTestNG.java:251)
at org.testng.remote.RemoteTestNG.main(RemoteTestNG.java:77)
]]>
            </full-stacktrace>
          </exception> <!-- java.lang.AssertionError -->
          <reporter-output>
          </reporter-output>
        </test-method> <!-- certificationApproval -->
        <test-method signature="certificationApproval(java.lang.String,java.lang.String,java.lang.String)[pri:1, instance:com.maplogik.functional.ApproveCertificate@7fb95505]" started-at="2022-07-20T01:49:31 IST" name="certificationApproval" data-provider="studentIdProvider" finished-at="2022-07-20T01:49:31 IST" duration-ms="435" status="FAIL">
          <params>
            <param index="0">
              <value>
                <![CDATA[STUD0311]]>
              </value>
            </param>
            <param index="1">
              <value>
                <![CDATA[9840255396]]>
              </value>
            </param>
            <param index="2">
              <value>
                <![CDATA[./src/main/resources/certificate/certificate.pdf]]>
              </value>
            </param>
          </params>
          <exception class="java.lang.AssertionError">
            <message>
              <![CDATA[expected [true] but found [false]]]>
            </message>
            <full-stacktrace>
              <![CDATA[java.lang.AssertionError: expected [true] but found [false]
at org.testng.Assert.fail(Assert.java:99)
at org.testng.Assert.failNotEquals(Assert.java:1037)
at org.testng.Assert.assertTrue(Assert.java:45)
at org.testng.Assert.assertTrue(Assert.java:55)
at com.maplogik.functional.ApproveCertificate.certificationApproval(ApproveCertificate.java:34)
at java.base/jdk.internal.reflect.NativeMethodAccessorImpl.invoke0(Native Method)
at java.base/jdk.internal.reflect.NativeMethodAccessorImpl.invoke(NativeMethodAccessorImpl.java:77)
at java.base/jdk.internal.reflect.DelegatingMethodAccessorImpl.invoke(DelegatingMethodAccessorImpl.java:43)
at java.base/java.lang.reflect.Method.invoke(Method.java:568)
at org.testng.internal.MethodInvocationHelper.invokeMethod(MethodInvocationHelper.java:133)
at org.testng.internal.TestInvoker.invokeMethod(TestInvoker.java:598)
at org.testng.internal.TestInvoker.invokeTestMethod(TestInvoker.java:173)
at org.testng.internal.MethodRunner.runInSequence(MethodRunner.java:46)
at org.testng.internal.TestInvoker$MethodInvocationAgent.invoke(TestInvoker.java:824)
at org.testng.internal.TestInvoker.invokeTestMethods(TestInvoker.java:146)
at org.testng.internal.TestMethodWorker.invokeTestMethods(TestMethodWorker.java:146)
at org.testng.internal.TestMethodWorker.run(TestMethodWorker.java:128)
at java.base/java.util.ArrayList.forEach(ArrayList.java:1511)
at org.testng.TestRunner.privateRun(TestRunner.java:794)
at org.testng.TestRunner.run(TestRunner.java:596)
at org.testng.SuiteRunner.runTest(SuiteRunner.java:377)
at org.testng.SuiteRunner.runSequentially(SuiteRunner.java:371)
at org.testng.SuiteRunner.privateRun(SuiteRunner.java:332)
at org.testng.SuiteRunner.run(SuiteRunner.java:276)
at org.testng.SuiteRunnerWorker.runSuite(SuiteRunnerWorker.java:53)
at org.testng.SuiteRunnerWorker.run(SuiteRunnerWorker.java:96)
at org.testng.TestNG.runSuitesSequentially(TestNG.java:1212)
at org.testng.TestNG.runSuitesSequentially(TestNG.java:1207)
at org.testng.TestNG.runSuitesLocally(TestNG.java:1134)
at org.testng.TestNG.runSuites(TestNG.java:1063)
at org.testng.TestNG.run(TestNG.java:1031)
at org.testng.remote.AbstractRemoteTestNG.run(AbstractRemoteTestNG.java:115)
at org.testng.remote.RemoteTestNG.initAndRun(RemoteTestNG.java:251)
at org.testng.remote.RemoteTestNG.main(RemoteTestNG.java:77)
]]>
            </full-stacktrace>
          </exception> <!-- java.lang.AssertionError -->
          <reporter-output>
          </reporter-output>
        </test-method> <!-- certificationApproval -->
        <test-method signature="certificationApproval(java.lang.String,java.lang.String,java.lang.String)[pri:1, instance:com.maplogik.functional.ApproveCertificate@7fb95505]" started-at="2022-07-20T01:49:31 IST" name="certificationApproval" data-provider="studentIdProvider" finished-at="2022-07-20T01:49:32 IST" duration-ms="442" status="FAIL">
          <params>
            <param index="0">
              <value>
                <![CDATA[STUD0312]]>
              </value>
            </param>
            <param index="1">
              <value>
                <![CDATA[9940039568]]>
              </value>
            </param>
            <param index="2">
              <value>
                <![CDATA[./src/main/resources/certificate/certificate.pdf]]>
              </value>
            </param>
          </params>
          <exception class="java.lang.AssertionError">
            <message>
              <![CDATA[expected [true] but found [false]]]>
            </message>
            <full-stacktrace>
              <![CDATA[java.lang.AssertionError: expected [true] but found [false]
at org.testng.Assert.fail(Assert.java:99)
at org.testng.Assert.failNotEquals(Assert.java:1037)
at org.testng.Assert.assertTrue(Assert.java:45)
at org.testng.Assert.assertTrue(Assert.java:55)
at com.maplogik.functional.ApproveCertificate.certificationApproval(ApproveCertificate.java:34)
at java.base/jdk.internal.reflect.NativeMethodAccessorImpl.invoke0(Native Method)
at java.base/jdk.internal.reflect.NativeMethodAccessorImpl.invoke(NativeMethodAccessorImpl.java:77)
at java.base/jdk.internal.reflect.DelegatingMethodAccessorImpl.invoke(DelegatingMethodAccessorImpl.java:43)
at java.base/java.lang.reflect.Method.invoke(Method.java:568)
at org.testng.internal.MethodInvocationHelper.invokeMethod(MethodInvocationHelper.java:133)
at org.testng.internal.TestInvoker.invokeMethod(TestInvoker.java:598)
at org.testng.internal.TestInvoker.invokeTestMethod(TestInvoker.java:173)
at org.testng.internal.MethodRunner.runInSequence(MethodRunner.java:46)
at org.testng.internal.TestInvoker$MethodInvocationAgent.invoke(TestInvoker.java:824)
at org.testng.internal.TestInvoker.invokeTestMethods(TestInvoker.java:146)
at org.testng.internal.TestMethodWorker.invokeTestMethods(TestMethodWorker.java:146)
at org.testng.internal.TestMethodWorker.run(TestMethodWorker.java:128)
at java.base/java.util.ArrayList.forEach(ArrayList.java:1511)
at org.testng.TestRunner.privateRun(TestRunner.java:794)
at org.testng.TestRunner.run(TestRunner.java:596)
at org.testng.SuiteRunner.runTest(SuiteRunner.java:377)
at org.testng.SuiteRunner.runSequentially(SuiteRunner.java:371)
at org.testng.SuiteRunner.privateRun(SuiteRunner.java:332)
at org.testng.SuiteRunner.run(SuiteRunner.java:276)
at org.testng.SuiteRunnerWorker.runSuite(SuiteRunnerWorker.java:53)
at org.testng.SuiteRunnerWorker.run(SuiteRunnerWorker.java:96)
at org.testng.TestNG.runSuitesSequentially(TestNG.java:1212)
at org.testng.TestNG.runSuitesSequentially(TestNG.java:1207)
at org.testng.TestNG.runSuitesLocally(TestNG.java:1134)
at org.testng.TestNG.runSuites(TestNG.java:1063)
at org.testng.TestNG.run(TestNG.java:1031)
at org.testng.remote.AbstractRemoteTestNG.run(AbstractRemoteTestNG.java:115)
at org.testng.remote.RemoteTestNG.initAndRun(RemoteTestNG.java:251)
at org.testng.remote.RemoteTestNG.main(RemoteTestNG.java:77)
]]>
            </full-stacktrace>
          </exception> <!-- java.lang.AssertionError -->
          <reporter-output>
          </reporter-output>
        </test-method> <!-- certificationApproval -->
        <test-method signature="certificationApproval(java.lang.String,java.lang.String,java.lang.String)[pri:1, instance:com.maplogik.functional.ApproveCertificate@7fb95505]" started-at="2022-07-20T01:49:32 IST" name="certificationApproval" data-provider="studentIdProvider" finished-at="2022-07-20T01:49:32 IST" duration-ms="448" status="FAIL">
          <params>
            <param index="0">
              <value>
                <![CDATA[STUD0313]]>
              </value>
            </param>
            <param index="1">
              <value>
                <![CDATA[9841980031]]>
              </value>
            </param>
            <param index="2">
              <value>
                <![CDATA[./src/main/resources/certificate/certificate.pdf]]>
              </value>
            </param>
          </params>
          <exception class="java.lang.AssertionError">
            <message>
              <![CDATA[expected [true] but found [false]]]>
            </message>
            <full-stacktrace>
              <![CDATA[java.lang.AssertionError: expected [true] but found [false]
at org.testng.Assert.fail(Assert.java:99)
at org.testng.Assert.failNotEquals(Assert.java:1037)
at org.testng.Assert.assertTrue(Assert.java:45)
at org.testng.Assert.assertTrue(Assert.java:55)
at com.maplogik.functional.ApproveCertificate.certificationApproval(ApproveCertificate.java:34)
at java.base/jdk.internal.reflect.NativeMethodAccessorImpl.invoke0(Native Method)
at java.base/jdk.internal.reflect.NativeMethodAccessorImpl.invoke(NativeMethodAccessorImpl.java:77)
at java.base/jdk.internal.reflect.DelegatingMethodAccessorImpl.invoke(DelegatingMethodAccessorImpl.java:43)
at java.base/java.lang.reflect.Method.invoke(Method.java:568)
at org.testng.internal.MethodInvocationHelper.invokeMethod(MethodInvocationHelper.java:133)
at org.testng.internal.TestInvoker.invokeMethod(TestInvoker.java:598)
at org.testng.internal.TestInvoker.invokeTestMethod(TestInvoker.java:173)
at org.testng.internal.MethodRunner.runInSequence(MethodRunner.java:46)
at org.testng.internal.TestInvoker$MethodInvocationAgent.invoke(TestInvoker.java:824)
at org.testng.internal.TestInvoker.invokeTestMethods(TestInvoker.java:146)
at org.testng.internal.TestMethodWorker.invokeTestMethods(TestMethodWorker.java:146)
at org.testng.internal.TestMethodWorker.run(TestMethodWorker.java:128)
at java.base/java.util.ArrayList.forEach(ArrayList.java:1511)
at org.testng.TestRunner.privateRun(TestRunner.java:794)
at org.testng.TestRunner.run(TestRunner.java:596)
at org.testng.SuiteRunner.runTest(SuiteRunner.java:377)
at org.testng.SuiteRunner.runSequentially(SuiteRunner.java:371)
at org.testng.SuiteRunner.privateRun(SuiteRunner.java:332)
at org.testng.SuiteRunner.run(SuiteRunner.java:276)
at org.testng.SuiteRunnerWorker.runSuite(SuiteRunnerWorker.java:53)
at org.testng.SuiteRunnerWorker.run(SuiteRunnerWorker.java:96)
at org.testng.TestNG.runSuitesSequentially(TestNG.java:1212)
at org.testng.TestNG.runSuitesSequentially(TestNG.java:1207)
at org.testng.TestNG.runSuitesLocally(TestNG.java:1134)
at org.testng.TestNG.runSuites(TestNG.java:1063)
at org.testng.TestNG.run(TestNG.java:1031)
at org.testng.remote.AbstractRemoteTestNG.run(AbstractRemoteTestNG.java:115)
at org.testng.remote.RemoteTestNG.initAndRun(RemoteTestNG.java:251)
at org.testng.remote.RemoteTestNG.main(RemoteTestNG.java:77)
]]>
            </full-stacktrace>
          </exception> <!-- java.lang.AssertionError -->
          <reporter-output>
          </reporter-output>
        </test-method> <!-- certificationApproval -->
        <test-method signature="certificationApproval(java.lang.String,java.lang.String,java.lang.String)[pri:1, instance:com.maplogik.functional.ApproveCertificate@7fb95505]" started-at="2022-07-20T01:49:32 IST" name="certificationApproval" data-provider="studentIdProvider" finished-at="2022-07-20T01:49:33 IST" duration-ms="506" status="FAIL">
          <params>
            <param index="0">
              <value>
                <![CDATA[STUD0314]]>
              </value>
            </param>
            <param index="1">
              <value>
                <![CDATA[9940073119]]>
              </value>
            </param>
            <param index="2">
              <value>
                <![CDATA[./src/main/resources/certificate/certificate.pdf]]>
              </value>
            </param>
          </params>
          <exception class="java.lang.AssertionError">
            <message>
              <![CDATA[expected [true] but found [false]]]>
            </message>
            <full-stacktrace>
              <![CDATA[java.lang.AssertionError: expected [true] but found [false]
at org.testng.Assert.fail(Assert.java:99)
at org.testng.Assert.failNotEquals(Assert.java:1037)
at org.testng.Assert.assertTrue(Assert.java:45)
at org.testng.Assert.assertTrue(Assert.java:55)
at com.maplogik.functional.ApproveCertificate.certificationApproval(ApproveCertificate.java:34)
at java.base/jdk.internal.reflect.NativeMethodAccessorImpl.invoke0(Native Method)
at java.base/jdk.internal.reflect.NativeMethodAccessorImpl.invoke(NativeMethodAccessorImpl.java:77)
at java.base/jdk.internal.reflect.DelegatingMethodAccessorImpl.invoke(DelegatingMethodAccessorImpl.java:43)
at java.base/java.lang.reflect.Method.invoke(Method.java:568)
at org.testng.internal.MethodInvocationHelper.invokeMethod(MethodInvocationHelper.java:133)
at org.testng.internal.TestInvoker.invokeMethod(TestInvoker.java:598)
at org.testng.internal.TestInvoker.invokeTestMethod(TestInvoker.java:173)
at org.testng.internal.MethodRunner.runInSequence(MethodRunner.java:46)
at org.testng.internal.TestInvoker$MethodInvocationAgent.invoke(TestInvoker.java:824)
at org.testng.internal.TestInvoker.invokeTestMethods(TestInvoker.java:146)
at org.testng.internal.TestMethodWorker.invokeTestMethods(TestMethodWorker.java:146)
at org.testng.internal.TestMethodWorker.run(TestMethodWorker.java:128)
at java.base/java.util.ArrayList.forEach(ArrayList.java:1511)
at org.testng.TestRunner.privateRun(TestRunner.java:794)
at org.testng.TestRunner.run(TestRunner.java:596)
at org.testng.SuiteRunner.runTest(SuiteRunner.java:377)
at org.testng.SuiteRunner.runSequentially(SuiteRunner.java:371)
at org.testng.SuiteRunner.privateRun(SuiteRunner.java:332)
at org.testng.SuiteRunner.run(SuiteRunner.java:276)
at org.testng.SuiteRunnerWorker.runSuite(SuiteRunnerWorker.java:53)
at org.testng.SuiteRunnerWorker.run(SuiteRunnerWorker.java:96)
at org.testng.TestNG.runSuitesSequentially(TestNG.java:1212)
at org.testng.TestNG.runSuitesSequentially(TestNG.java:1207)
at org.testng.TestNG.runSuitesLocally(TestNG.java:1134)
at org.testng.TestNG.runSuites(TestNG.java:1063)
at org.testng.TestNG.run(TestNG.java:1031)
at org.testng.remote.AbstractRemoteTestNG.run(AbstractRemoteTestNG.java:115)
at org.testng.remote.RemoteTestNG.initAndRun(RemoteTestNG.java:251)
at org.testng.remote.RemoteTestNG.main(RemoteTestNG.java:77)
]]>
            </full-stacktrace>
          </exception> <!-- java.lang.AssertionError -->
          <reporter-output>
          </reporter-output>
        </test-method> <!-- certificationApproval -->
        <test-method signature="certificationApproval(java.lang.String,java.lang.String,java.lang.String)[pri:1, instance:com.maplogik.functional.ApproveCertificate@7fb95505]" started-at="2022-07-20T01:49:33 IST" name="certificationApproval" data-provider="studentIdProvider" finished-at="2022-07-20T01:49:33 IST" duration-ms="432" status="FAIL">
          <params>
            <param index="0">
              <value>
                <![CDATA[STUD0315]]>
              </value>
            </param>
            <param index="1">
              <value>
                <![CDATA[8667853818]]>
              </value>
            </param>
            <param index="2">
              <value>
                <![CDATA[./src/main/resources/certificate/certificate.pdf]]>
              </value>
            </param>
          </params>
          <exception class="java.lang.AssertionError">
            <message>
              <![CDATA[expected [true] but found [false]]]>
            </message>
            <full-stacktrace>
              <![CDATA[java.lang.AssertionError: expected [true] but found [false]
at org.testng.Assert.fail(Assert.java:99)
at org.testng.Assert.failNotEquals(Assert.java:1037)
at org.testng.Assert.assertTrue(Assert.java:45)
at org.testng.Assert.assertTrue(Assert.java:55)
at com.maplogik.functional.ApproveCertificate.certificationApproval(ApproveCertificate.java:34)
at java.base/jdk.internal.reflect.NativeMethodAccessorImpl.invoke0(Native Method)
at java.base/jdk.internal.reflect.NativeMethodAccessorImpl.invoke(NativeMethodAccessorImpl.java:77)
at java.base/jdk.internal.reflect.DelegatingMethodAccessorImpl.invoke(DelegatingMethodAccessorImpl.java:43)
at java.base/java.lang.reflect.Method.invoke(Method.java:568)
at org.testng.internal.MethodInvocationHelper.invokeMethod(MethodInvocationHelper.java:133)
at org.testng.internal.TestInvoker.invokeMethod(TestInvoker.java:598)
at org.testng.internal.TestInvoker.invokeTestMethod(TestInvoker.java:173)
at org.testng.internal.MethodRunner.runInSequence(MethodRunner.java:46)
at org.testng.internal.TestInvoker$MethodInvocationAgent.invoke(TestInvoker.java:824)
at org.testng.internal.TestInvoker.invokeTestMethods(TestInvoker.java:146)
at org.testng.internal.TestMethodWorker.invokeTestMethods(TestMethodWorker.java:146)
at org.testng.internal.TestMethodWorker.run(TestMethodWorker.java:128)
at java.base/java.util.ArrayList.forEach(ArrayList.java:1511)
at org.testng.TestRunner.privateRun(TestRunner.java:794)
at org.testng.TestRunner.run(TestRunner.java:596)
at org.testng.SuiteRunner.runTest(SuiteRunner.java:377)
at org.testng.SuiteRunner.runSequentially(SuiteRunner.java:371)
at org.testng.SuiteRunner.privateRun(SuiteRunner.java:332)
at org.testng.SuiteRunner.run(SuiteRunner.java:276)
at org.testng.SuiteRunnerWorker.runSuite(SuiteRunnerWorker.java:53)
at org.testng.SuiteRunnerWorker.run(SuiteRunnerWorker.java:96)
at org.testng.TestNG.runSuitesSequentially(TestNG.java:1212)
at org.testng.TestNG.runSuitesSequentially(TestNG.java:1207)
at org.testng.TestNG.runSuitesLocally(TestNG.java:1134)
at org.testng.TestNG.runSuites(TestNG.java:1063)
at org.testng.TestNG.run(TestNG.java:1031)
at org.testng.remote.AbstractRemoteTestNG.run(AbstractRemoteTestNG.java:115)
at org.testng.remote.RemoteTestNG.initAndRun(RemoteTestNG.java:251)
at org.testng.remote.RemoteTestNG.main(RemoteTestNG.java:77)
]]>
            </full-stacktrace>
          </exception> <!-- java.lang.AssertionError -->
          <reporter-output>
          </reporter-output>
        </test-method> <!-- certificationApproval -->
        <test-method signature="certificationApproval(java.lang.String,java.lang.String,java.lang.String)[pri:1, instance:com.maplogik.functional.ApproveCertificate@7fb95505]" started-at="2022-07-20T01:49:34 IST" name="certificationApproval" data-provider="studentIdProvider" finished-at="2022-07-20T01:49:34 IST" duration-ms="444" status="FAIL">
          <params>
            <param index="0">
              <value>
                <![CDATA[STUD0316]]>
              </value>
            </param>
            <param index="1">
              <value>
                <![CDATA[9884949490]]>
              </value>
            </param>
            <param index="2">
              <value>
                <![CDATA[./src/main/resources/certificate/certificate.pdf]]>
              </value>
            </param>
          </params>
          <exception class="java.lang.AssertionError">
            <message>
              <![CDATA[expected [true] but found [false]]]>
            </message>
            <full-stacktrace>
              <![CDATA[java.lang.AssertionError: expected [true] but found [false]
at org.testng.Assert.fail(Assert.java:99)
at org.testng.Assert.failNotEquals(Assert.java:1037)
at org.testng.Assert.assertTrue(Assert.java:45)
at org.testng.Assert.assertTrue(Assert.java:55)
at com.maplogik.functional.ApproveCertificate.certificationApproval(ApproveCertificate.java:34)
at java.base/jdk.internal.reflect.NativeMethodAccessorImpl.invoke0(Native Method)
at java.base/jdk.internal.reflect.NativeMethodAccessorImpl.invoke(NativeMethodAccessorImpl.java:77)
at java.base/jdk.internal.reflect.DelegatingMethodAccessorImpl.invoke(DelegatingMethodAccessorImpl.java:43)
at java.base/java.lang.reflect.Method.invoke(Method.java:568)
at org.testng.internal.MethodInvocationHelper.invokeMethod(MethodInvocationHelper.java:133)
at org.testng.internal.TestInvoker.invokeMethod(TestInvoker.java:598)
at org.testng.internal.TestInvoker.invokeTestMethod(TestInvoker.java:173)
at org.testng.internal.MethodRunner.runInSequence(MethodRunner.java:46)
at org.testng.internal.TestInvoker$MethodInvocationAgent.invoke(TestInvoker.java:824)
at org.testng.internal.TestInvoker.invokeTestMethods(TestInvoker.java:146)
at org.testng.internal.TestMethodWorker.invokeTestMethods(TestMethodWorker.java:146)
at org.testng.internal.TestMethodWorker.run(TestMethodWorker.java:128)
at java.base/java.util.ArrayList.forEach(ArrayList.java:1511)
at org.testng.TestRunner.privateRun(TestRunner.java:794)
at org.testng.TestRunner.run(TestRunner.java:596)
at org.testng.SuiteRunner.runTest(SuiteRunner.java:377)
at org.testng.SuiteRunner.runSequentially(SuiteRunner.java:371)
at org.testng.SuiteRunner.privateRun(SuiteRunner.java:332)
at org.testng.SuiteRunner.run(SuiteRunner.java:276)
at org.testng.SuiteRunnerWorker.runSuite(SuiteRunnerWorker.java:53)
at org.testng.SuiteRunnerWorker.run(SuiteRunnerWorker.java:96)
at org.testng.TestNG.runSuitesSequentially(TestNG.java:1212)
at org.testng.TestNG.runSuitesSequentially(TestNG.java:1207)
at org.testng.TestNG.runSuitesLocally(TestNG.java:1134)
at org.testng.TestNG.runSuites(TestNG.java:1063)
at org.testng.TestNG.run(TestNG.java:1031)
at org.testng.remote.AbstractRemoteTestNG.run(AbstractRemoteTestNG.java:115)
at org.testng.remote.RemoteTestNG.initAndRun(RemoteTestNG.java:251)
at org.testng.remote.RemoteTestNG.main(RemoteTestNG.java:77)
]]>
            </full-stacktrace>
          </exception> <!-- java.lang.AssertionError -->
          <reporter-output>
          </reporter-output>
        </test-method> <!-- certificationApproval -->
        <test-method signature="certificationApproval(java.lang.String,java.lang.String,java.lang.String)[pri:1, instance:com.maplogik.functional.ApproveCertificate@7fb95505]" started-at="2022-07-20T01:49:34 IST" name="certificationApproval" data-provider="studentIdProvider" finished-at="2022-07-20T01:49:35 IST" duration-ms="447" status="FAIL">
          <params>
            <param index="0">
              <value>
                <![CDATA[STUD0317]]>
              </value>
            </param>
            <param index="1">
              <value>
                <![CDATA[8056033783]]>
              </value>
            </param>
            <param index="2">
              <value>
                <![CDATA[./src/main/resources/certificate/certificate.pdf]]>
              </value>
            </param>
          </params>
          <exception class="java.lang.AssertionError">
            <message>
              <![CDATA[expected [true] but found [false]]]>
            </message>
            <full-stacktrace>
              <![CDATA[java.lang.AssertionError: expected [true] but found [false]
at org.testng.Assert.fail(Assert.java:99)
at org.testng.Assert.failNotEquals(Assert.java:1037)
at org.testng.Assert.assertTrue(Assert.java:45)
at org.testng.Assert.assertTrue(Assert.java:55)
at com.maplogik.functional.ApproveCertificate.certificationApproval(ApproveCertificate.java:34)
at jdk.internal.reflect.GeneratedMethodAccessor36.invoke(Unknown Source)
at java.base/jdk.internal.reflect.DelegatingMethodAccessorImpl.invoke(DelegatingMethodAccessorImpl.java:43)
at java.base/java.lang.reflect.Method.invoke(Method.java:568)
at org.testng.internal.MethodInvocationHelper.invokeMethod(MethodInvocationHelper.java:133)
at org.testng.internal.TestInvoker.invokeMethod(TestInvoker.java:598)
at org.testng.internal.TestInvoker.invokeTestMethod(TestInvoker.java:173)
at org.testng.internal.MethodRunner.runInSequence(MethodRunner.java:46)
at org.testng.internal.TestInvoker$MethodInvocationAgent.invoke(TestInvoker.java:824)
at org.testng.internal.TestInvoker.invokeTestMethods(TestInvoker.java:146)
at org.testng.internal.TestMethodWorker.invokeTestMethods(TestMethodWorker.java:146)
at org.testng.internal.TestMethodWorker.run(TestMethodWorker.java:128)
at java.base/java.util.ArrayList.forEach(ArrayList.java:1511)
at org.testng.TestRunner.privateRun(TestRunner.java:794)
at org.testng.TestRunner.run(TestRunner.java:596)
at org.testng.SuiteRunner.runTest(SuiteRunner.java:377)
at org.testng.SuiteRunner.runSequentially(SuiteRunner.java:371)
at org.testng.SuiteRunner.privateRun(SuiteRunner.java:332)
at org.testng.SuiteRunner.run(SuiteRunner.java:276)
at org.testng.SuiteRunnerWorker.runSuite(SuiteRunnerWorker.java:53)
at org.testng.SuiteRunnerWorker.run(SuiteRunnerWorker.java:96)
at org.testng.TestNG.runSuitesSequentially(TestNG.java:1212)
at org.testng.TestNG.runSuitesSequentially(TestNG.java:1207)
at org.testng.TestNG.runSuitesLocally(TestNG.java:1134)
at org.testng.TestNG.runSuites(TestNG.java:1063)
at org.testng.TestNG.run(TestNG.java:1031)
at org.testng.remote.AbstractRemoteTestNG.run(AbstractRemoteTestNG.java:115)
at org.testng.remote.RemoteTestNG.initAndRun(RemoteTestNG.java:251)
at org.testng.remote.RemoteTestNG.main(RemoteTestNG.java:77)
]]>
            </full-stacktrace>
          </exception> <!-- java.lang.AssertionError -->
          <reporter-output>
          </reporter-output>
        </test-method> <!-- certificationApproval -->
        <test-method signature="certificationApproval(java.lang.String,java.lang.String,java.lang.String)[pri:1, instance:com.maplogik.functional.ApproveCertificate@7fb95505]" started-at="2022-07-20T01:49:35 IST" name="certificationApproval" data-provider="studentIdProvider" finished-at="2022-07-20T01:49:35 IST" duration-ms="436" status="FAIL">
          <params>
            <param index="0">
              <value>
                <![CDATA[STUD0318]]>
              </value>
            </param>
            <param index="1">
              <value>
                <![CDATA[9363356668]]>
              </value>
            </param>
            <param index="2">
              <value>
                <![CDATA[./src/main/resources/certificate/certificate.pdf]]>
              </value>
            </param>
          </params>
          <exception class="java.lang.AssertionError">
            <message>
              <![CDATA[expected [true] but found [false]]]>
            </message>
            <full-stacktrace>
              <![CDATA[java.lang.AssertionError: expected [true] but found [false]
at org.testng.Assert.fail(Assert.java:99)
at org.testng.Assert.failNotEquals(Assert.java:1037)
at org.testng.Assert.assertTrue(Assert.java:45)
at org.testng.Assert.assertTrue(Assert.java:55)
at com.maplogik.functional.ApproveCertificate.certificationApproval(ApproveCertificate.java:34)
at jdk.internal.reflect.GeneratedMethodAccessor36.invoke(Unknown Source)
at java.base/jdk.internal.reflect.DelegatingMethodAccessorImpl.invoke(DelegatingMethodAccessorImpl.java:43)
at java.base/java.lang.reflect.Method.invoke(Method.java:568)
at org.testng.internal.MethodInvocationHelper.invokeMethod(MethodInvocationHelper.java:133)
at org.testng.internal.TestInvoker.invokeMethod(TestInvoker.java:598)
at org.testng.internal.TestInvoker.invokeTestMethod(TestInvoker.java:173)
at org.testng.internal.MethodRunner.runInSequence(MethodRunner.java:46)
at org.testng.internal.TestInvoker$MethodInvocationAgent.invoke(TestInvoker.java:824)
at org.testng.internal.TestInvoker.invokeTestMethods(TestInvoker.java:146)
at org.testng.internal.TestMethodWorker.invokeTestMethods(TestMethodWorker.java:146)
at org.testng.internal.TestMethodWorker.run(TestMethodWorker.java:128)
at java.base/java.util.ArrayList.forEach(ArrayList.java:1511)
at org.testng.TestRunner.privateRun(TestRunner.java:794)
at org.testng.TestRunner.run(TestRunner.java:596)
at org.testng.SuiteRunner.runTest(SuiteRunner.java:377)
at org.testng.SuiteRunner.runSequentially(SuiteRunner.java:371)
at org.testng.SuiteRunner.privateRun(SuiteRunner.java:332)
at org.testng.SuiteRunner.run(SuiteRunner.java:276)
at org.testng.SuiteRunnerWorker.runSuite(SuiteRunnerWorker.java:53)
at org.testng.SuiteRunnerWorker.run(SuiteRunnerWorker.java:96)
at org.testng.TestNG.runSuitesSequentially(TestNG.java:1212)
at org.testng.TestNG.runSuitesSequentially(TestNG.java:1207)
at org.testng.TestNG.runSuitesLocally(TestNG.java:1134)
at org.testng.TestNG.runSuites(TestNG.java:1063)
at org.testng.TestNG.run(TestNG.java:1031)
at org.testng.remote.AbstractRemoteTestNG.run(AbstractRemoteTestNG.java:115)
at org.testng.remote.RemoteTestNG.initAndRun(RemoteTestNG.java:251)
at org.testng.remote.RemoteTestNG.main(RemoteTestNG.java:77)
]]>
            </full-stacktrace>
          </exception> <!-- java.lang.AssertionError -->
          <reporter-output>
          </reporter-output>
        </test-method> <!-- certificationApproval -->
        <test-method signature="certificationApproval(java.lang.String,java.lang.String,java.lang.String)[pri:1, instance:com.maplogik.functional.ApproveCertificate@7fb95505]" started-at="2022-07-20T01:49:35 IST" name="certificationApproval" data-provider="studentIdProvider" finished-at="2022-07-20T01:49:36 IST" duration-ms="448" status="FAIL">
          <params>
            <param index="0">
              <value>
                <![CDATA[STUD0319]]>
              </value>
            </param>
            <param index="1">
              <value>
                <![CDATA[9994131429]]>
              </value>
            </param>
            <param index="2">
              <value>
                <![CDATA[./src/main/resources/certificate/certificate.pdf]]>
              </value>
            </param>
          </params>
          <exception class="java.lang.AssertionError">
            <message>
              <![CDATA[expected [true] but found [false]]]>
            </message>
            <full-stacktrace>
              <![CDATA[java.lang.AssertionError: expected [true] but found [false]
at org.testng.Assert.fail(Assert.java:99)
at org.testng.Assert.failNotEquals(Assert.java:1037)
at org.testng.Assert.assertTrue(Assert.java:45)
at org.testng.Assert.assertTrue(Assert.java:55)
at com.maplogik.functional.ApproveCertificate.certificationApproval(ApproveCertificate.java:34)
at jdk.internal.reflect.GeneratedMethodAccessor36.invoke(Unknown Source)
at java.base/jdk.internal.reflect.DelegatingMethodAccessorImpl.invoke(DelegatingMethodAccessorImpl.java:43)
at java.base/java.lang.reflect.Method.invoke(Method.java:568)
at org.testng.internal.MethodInvocationHelper.invokeMethod(MethodInvocationHelper.java:133)
at org.testng.internal.TestInvoker.invokeMethod(TestInvoker.java:598)
at org.testng.internal.TestInvoker.invokeTestMethod(TestInvoker.java:173)
at org.testng.internal.MethodRunner.runInSequence(MethodRunner.java:46)
at org.testng.internal.TestInvoker$MethodInvocationAgent.invoke(TestInvoker.java:824)
at org.testng.internal.TestInvoker.invokeTestMethods(TestInvoker.java:146)
at org.testng.internal.TestMethodWorker.invokeTestMethods(TestMethodWorker.java:146)
at org.testng.internal.TestMethodWorker.run(TestMethodWorker.java:128)
at java.base/java.util.ArrayList.forEach(ArrayList.java:1511)
at org.testng.TestRunner.privateRun(TestRunner.java:794)
at org.testng.TestRunner.run(TestRunner.java:596)
at org.testng.SuiteRunner.runTest(SuiteRunner.java:377)
at org.testng.SuiteRunner.runSequentially(SuiteRunner.java:371)
at org.testng.SuiteRunner.privateRun(SuiteRunner.java:332)
at org.testng.SuiteRunner.run(SuiteRunner.java:276)
at org.testng.SuiteRunnerWorker.runSuite(SuiteRunnerWorker.java:53)
at org.testng.SuiteRunnerWorker.run(SuiteRunnerWorker.java:96)
at org.testng.TestNG.runSuitesSequentially(TestNG.java:1212)
at org.testng.TestNG.runSuitesSequentially(TestNG.java:1207)
at org.testng.TestNG.runSuitesLocally(TestNG.java:1134)
at org.testng.TestNG.runSuites(TestNG.java:1063)
at org.testng.TestNG.run(TestNG.java:1031)
at org.testng.remote.AbstractRemoteTestNG.run(AbstractRemoteTestNG.java:115)
at org.testng.remote.RemoteTestNG.initAndRun(RemoteTestNG.java:251)
at org.testng.remote.RemoteTestNG.main(RemoteTestNG.java:77)
]]>
            </full-stacktrace>
          </exception> <!-- java.lang.AssertionError -->
          <reporter-output>
          </reporter-output>
        </test-method> <!-- certificationApproval -->
        <test-method signature="certificationApproval(java.lang.String,java.lang.String,java.lang.String)[pri:1, instance:com.maplogik.functional.ApproveCertificate@7fb95505]" started-at="2022-07-20T01:49:36 IST" name="certificationApproval" data-provider="studentIdProvider" finished-at="2022-07-20T01:49:36 IST" duration-ms="508" status="FAIL">
          <params>
            <param index="0">
              <value>
                <![CDATA[STUD0320]]>
              </value>
            </param>
            <param index="1">
              <value>
                <![CDATA[9444205205]]>
              </value>
            </param>
            <param index="2">
              <value>
                <![CDATA[./src/main/resources/certificate/certificate.pdf]]>
              </value>
            </param>
          </params>
          <exception class="java.lang.AssertionError">
            <message>
              <![CDATA[expected [true] but found [false]]]>
            </message>
            <full-stacktrace>
              <![CDATA[java.lang.AssertionError: expected [true] but found [false]
at org.testng.Assert.fail(Assert.java:99)
at org.testng.Assert.failNotEquals(Assert.java:1037)
at org.testng.Assert.assertTrue(Assert.java:45)
at org.testng.Assert.assertTrue(Assert.java:55)
at com.maplogik.functional.ApproveCertificate.certificationApproval(ApproveCertificate.java:34)
at jdk.internal.reflect.GeneratedMethodAccessor36.invoke(Unknown Source)
at java.base/jdk.internal.reflect.DelegatingMethodAccessorImpl.invoke(DelegatingMethodAccessorImpl.java:43)
at java.base/java.lang.reflect.Method.invoke(Method.java:568)
at org.testng.internal.MethodInvocationHelper.invokeMethod(MethodInvocationHelper.java:133)
at org.testng.internal.TestInvoker.invokeMethod(TestInvoker.java:598)
at org.testng.internal.TestInvoker.invokeTestMethod(TestInvoker.java:173)
at org.testng.internal.MethodRunner.runInSequence(MethodRunner.java:46)
at org.testng.internal.TestInvoker$MethodInvocationAgent.invoke(TestInvoker.java:824)
at org.testng.internal.TestInvoker.invokeTestMethods(TestInvoker.java:146)
at org.testng.internal.TestMethodWorker.invokeTestMethods(TestMethodWorker.java:146)
at org.testng.internal.TestMethodWorker.run(TestMethodWorker.java:128)
at java.base/java.util.ArrayList.forEach(ArrayList.java:1511)
at org.testng.TestRunner.privateRun(TestRunner.java:794)
at org.testng.TestRunner.run(TestRunner.java:596)
at org.testng.SuiteRunner.runTest(SuiteRunner.java:377)
at org.testng.SuiteRunner.runSequentially(SuiteRunner.java:371)
at org.testng.SuiteRunner.privateRun(SuiteRunner.java:332)
at org.testng.SuiteRunner.run(SuiteRunner.java:276)
at org.testng.SuiteRunnerWorker.runSuite(SuiteRunnerWorker.java:53)
at org.testng.SuiteRunnerWorker.run(SuiteRunnerWorker.java:96)
at org.testng.TestNG.runSuitesSequentially(TestNG.java:1212)
at org.testng.TestNG.runSuitesSequentially(TestNG.java:1207)
at org.testng.TestNG.runSuitesLocally(TestNG.java:1134)
at org.testng.TestNG.runSuites(TestNG.java:1063)
at org.testng.TestNG.run(TestNG.java:1031)
at org.testng.remote.AbstractRemoteTestNG.run(AbstractRemoteTestNG.java:115)
at org.testng.remote.RemoteTestNG.initAndRun(RemoteTestNG.java:251)
at org.testng.remote.RemoteTestNG.main(RemoteTestNG.java:77)
]]>
            </full-stacktrace>
          </exception> <!-- java.lang.AssertionError -->
          <reporter-output>
          </reporter-output>
        </test-method> <!-- certificationApproval -->
        <test-method signature="certificationApproval(java.lang.String,java.lang.String,java.lang.String)[pri:1, instance:com.maplogik.functional.ApproveCertificate@7fb95505]" started-at="2022-07-20T01:49:37 IST" name="certificationApproval" data-provider="studentIdProvider" finished-at="2022-07-20T01:49:37 IST" duration-ms="477" status="FAIL">
          <params>
            <param index="0">
              <value>
                <![CDATA[STUD0321]]>
              </value>
            </param>
            <param index="1">
              <value>
                <![CDATA[9884246146]]>
              </value>
            </param>
            <param index="2">
              <value>
                <![CDATA[./src/main/resources/certificate/certificate.pdf]]>
              </value>
            </param>
          </params>
          <exception class="java.lang.AssertionError">
            <message>
              <![CDATA[expected [true] but found [false]]]>
            </message>
            <full-stacktrace>
              <![CDATA[java.lang.AssertionError: expected [true] but found [false]
at org.testng.Assert.fail(Assert.java:99)
at org.testng.Assert.failNotEquals(Assert.java:1037)
at org.testng.Assert.assertTrue(Assert.java:45)
at org.testng.Assert.assertTrue(Assert.java:55)
at com.maplogik.functional.ApproveCertificate.certificationApproval(ApproveCertificate.java:34)
at jdk.internal.reflect.GeneratedMethodAccessor36.invoke(Unknown Source)
at java.base/jdk.internal.reflect.DelegatingMethodAccessorImpl.invoke(DelegatingMethodAccessorImpl.java:43)
at java.base/java.lang.reflect.Method.invoke(Method.java:568)
at org.testng.internal.MethodInvocationHelper.invokeMethod(MethodInvocationHelper.java:133)
at org.testng.internal.TestInvoker.invokeMethod(TestInvoker.java:598)
at org.testng.internal.TestInvoker.invokeTestMethod(TestInvoker.java:173)
at org.testng.internal.MethodRunner.runInSequence(MethodRunner.java:46)
at org.testng.internal.TestInvoker$MethodInvocationAgent.invoke(TestInvoker.java:824)
at org.testng.internal.TestInvoker.invokeTestMethods(TestInvoker.java:146)
at org.testng.internal.TestMethodWorker.invokeTestMethods(TestMethodWorker.java:146)
at org.testng.internal.TestMethodWorker.run(TestMethodWorker.java:128)
at java.base/java.util.ArrayList.forEach(ArrayList.java:1511)
at org.testng.TestRunner.privateRun(TestRunner.java:794)
at org.testng.TestRunner.run(TestRunner.java:596)
at org.testng.SuiteRunner.runTest(SuiteRunner.java:377)
at org.testng.SuiteRunner.runSequentially(SuiteRunner.java:371)
at org.testng.SuiteRunner.privateRun(SuiteRunner.java:332)
at org.testng.SuiteRunner.run(SuiteRunner.java:276)
at org.testng.SuiteRunnerWorker.runSuite(SuiteRunnerWorker.java:53)
at org.testng.SuiteRunnerWorker.run(SuiteRunnerWorker.java:96)
at org.testng.TestNG.runSuitesSequentially(TestNG.java:1212)
at org.testng.TestNG.runSuitesSequentially(TestNG.java:1207)
at org.testng.TestNG.runSuitesLocally(TestNG.java:1134)
at org.testng.TestNG.runSuites(TestNG.java:1063)
at org.testng.TestNG.run(TestNG.java:1031)
at org.testng.remote.AbstractRemoteTestNG.run(AbstractRemoteTestNG.java:115)
at org.testng.remote.RemoteTestNG.initAndRun(RemoteTestNG.java:251)
at org.testng.remote.RemoteTestNG.main(RemoteTestNG.java:77)
]]>
            </full-stacktrace>
          </exception> <!-- java.lang.AssertionError -->
          <reporter-output>
          </reporter-output>
        </test-method> <!-- certificationApproval -->
        <test-method signature="certificationApproval(java.lang.String,java.lang.String,java.lang.String)[pri:1, instance:com.maplogik.functional.ApproveCertificate@7fb95505]" started-at="2022-07-20T01:49:37 IST" name="certificationApproval" data-provider="studentIdProvider" finished-at="2022-07-20T01:49:38 IST" duration-ms="457" status="FAIL">
          <params>
            <param index="0">
              <value>
                <![CDATA[STUD0322]]>
              </value>
            </param>
            <param index="1">
              <value>
                <![CDATA[9500012608]]>
              </value>
            </param>
            <param index="2">
              <value>
                <![CDATA[./src/main/resources/certificate/certificate.pdf]]>
              </value>
            </param>
          </params>
          <exception class="java.lang.AssertionError">
            <message>
              <![CDATA[expected [true] but found [false]]]>
            </message>
            <full-stacktrace>
              <![CDATA[java.lang.AssertionError: expected [true] but found [false]
at org.testng.Assert.fail(Assert.java:99)
at org.testng.Assert.failNotEquals(Assert.java:1037)
at org.testng.Assert.assertTrue(Assert.java:45)
at org.testng.Assert.assertTrue(Assert.java:55)
at com.maplogik.functional.ApproveCertificate.certificationApproval(ApproveCertificate.java:34)
at jdk.internal.reflect.GeneratedMethodAccessor36.invoke(Unknown Source)
at java.base/jdk.internal.reflect.DelegatingMethodAccessorImpl.invoke(DelegatingMethodAccessorImpl.java:43)
at java.base/java.lang.reflect.Method.invoke(Method.java:568)
at org.testng.internal.MethodInvocationHelper.invokeMethod(MethodInvocationHelper.java:133)
at org.testng.internal.TestInvoker.invokeMethod(TestInvoker.java:598)
at org.testng.internal.TestInvoker.invokeTestMethod(TestInvoker.java:173)
at org.testng.internal.MethodRunner.runInSequence(MethodRunner.java:46)
at org.testng.internal.TestInvoker$MethodInvocationAgent.invoke(TestInvoker.java:824)
at org.testng.internal.TestInvoker.invokeTestMethods(TestInvoker.java:146)
at org.testng.internal.TestMethodWorker.invokeTestMethods(TestMethodWorker.java:146)
at org.testng.internal.TestMethodWorker.run(TestMethodWorker.java:128)
at java.base/java.util.ArrayList.forEach(ArrayList.java:1511)
at org.testng.TestRunner.privateRun(TestRunner.java:794)
at org.testng.TestRunner.run(TestRunner.java:596)
at org.testng.SuiteRunner.runTest(SuiteRunner.java:377)
at org.testng.SuiteRunner.runSequentially(SuiteRunner.java:371)
at org.testng.SuiteRunner.privateRun(SuiteRunner.java:332)
at org.testng.SuiteRunner.run(SuiteRunner.java:276)
at org.testng.SuiteRunnerWorker.runSuite(SuiteRunnerWorker.java:53)
at org.testng.SuiteRunnerWorker.run(SuiteRunnerWorker.java:96)
at org.testng.TestNG.runSuitesSequentially(TestNG.java:1212)
at org.testng.TestNG.runSuitesSequentially(TestNG.java:1207)
at org.testng.TestNG.runSuitesLocally(TestNG.java:1134)
at org.testng.TestNG.runSuites(TestNG.java:1063)
at org.testng.TestNG.run(TestNG.java:1031)
at org.testng.remote.AbstractRemoteTestNG.run(AbstractRemoteTestNG.java:115)
at org.testng.remote.RemoteTestNG.initAndRun(RemoteTestNG.java:251)
at org.testng.remote.RemoteTestNG.main(RemoteTestNG.java:77)
]]>
            </full-stacktrace>
          </exception> <!-- java.lang.AssertionError -->
          <reporter-output>
          </reporter-output>
        </test-method> <!-- certificationApproval -->
        <test-method signature="certificationApproval(java.lang.String,java.lang.String,java.lang.String)[pri:1, instance:com.maplogik.functional.ApproveCertificate@7fb95505]" started-at="2022-07-20T01:49:38 IST" name="certificationApproval" data-provider="studentIdProvider" finished-at="2022-07-20T01:49:38 IST" duration-ms="429" status="FAIL">
          <params>
            <param index="0">
              <value>
                <![CDATA[STUD0323]]>
              </value>
            </param>
            <param index="1">
              <value>
                <![CDATA[9444301442]]>
              </value>
            </param>
            <param index="2">
              <value>
                <![CDATA[./src/main/resources/certificate/certificate.pdf]]>
              </value>
            </param>
          </params>
          <exception class="java.lang.AssertionError">
            <message>
              <![CDATA[expected [true] but found [false]]]>
            </message>
            <full-stacktrace>
              <![CDATA[java.lang.AssertionError: expected [true] but found [false]
at org.testng.Assert.fail(Assert.java:99)
at org.testng.Assert.failNotEquals(Assert.java:1037)
at org.testng.Assert.assertTrue(Assert.java:45)
at org.testng.Assert.assertTrue(Assert.java:55)
at com.maplogik.functional.ApproveCertificate.certificationApproval(ApproveCertificate.java:34)
at jdk.internal.reflect.GeneratedMethodAccessor36.invoke(Unknown Source)
at java.base/jdk.internal.reflect.DelegatingMethodAccessorImpl.invoke(DelegatingMethodAccessorImpl.java:43)
at java.base/java.lang.reflect.Method.invoke(Method.java:568)
at org.testng.internal.MethodInvocationHelper.invokeMethod(MethodInvocationHelper.java:133)
at org.testng.internal.TestInvoker.invokeMethod(TestInvoker.java:598)
at org.testng.internal.TestInvoker.invokeTestMethod(TestInvoker.java:173)
at org.testng.internal.MethodRunner.runInSequence(MethodRunner.java:46)
at org.testng.internal.TestInvoker$MethodInvocationAgent.invoke(TestInvoker.java:824)
at org.testng.internal.TestInvoker.invokeTestMethods(TestInvoker.java:146)
at org.testng.internal.TestMethodWorker.invokeTestMethods(TestMethodWorker.java:146)
at org.testng.internal.TestMethodWorker.run(TestMethodWorker.java:128)
at java.base/java.util.ArrayList.forEach(ArrayList.java:1511)
at org.testng.TestRunner.privateRun(TestRunner.java:794)
at org.testng.TestRunner.run(TestRunner.java:596)
at org.testng.SuiteRunner.runTest(SuiteRunner.java:377)
at org.testng.SuiteRunner.runSequentially(SuiteRunner.java:371)
at org.testng.SuiteRunner.privateRun(SuiteRunner.java:332)
at org.testng.SuiteRunner.run(SuiteRunner.java:276)
at org.testng.SuiteRunnerWorker.runSuite(SuiteRunnerWorker.java:53)
at org.testng.SuiteRunnerWorker.run(SuiteRunnerWorker.java:96)
at org.testng.TestNG.runSuitesSequentially(TestNG.java:1212)
at org.testng.TestNG.runSuitesSequentially(TestNG.java:1207)
at org.testng.TestNG.runSuitesLocally(TestNG.java:1134)
at org.testng.TestNG.runSuites(TestNG.java:1063)
at org.testng.TestNG.run(TestNG.java:1031)
at org.testng.remote.AbstractRemoteTestNG.run(AbstractRemoteTestNG.java:115)
at org.testng.remote.RemoteTestNG.initAndRun(RemoteTestNG.java:251)
at org.testng.remote.RemoteTestNG.main(RemoteTestNG.java:77)
]]>
            </full-stacktrace>
          </exception> <!-- java.lang.AssertionError -->
          <reporter-output>
          </reporter-output>
        </test-method> <!-- certificationApproval -->
        <test-method signature="certificationApproval(java.lang.String,java.lang.String,java.lang.String)[pri:1, instance:com.maplogik.functional.ApproveCertificate@7fb95505]" started-at="2022-07-20T01:49:38 IST" name="certificationApproval" data-provider="studentIdProvider" finished-at="2022-07-20T01:49:39 IST" duration-ms="461" status="FAIL">
          <params>
            <param index="0">
              <value>
                <![CDATA[STUD0324]]>
              </value>
            </param>
            <param index="1">
              <value>
                <![CDATA[9176702468]]>
              </value>
            </param>
            <param index="2">
              <value>
                <![CDATA[./src/main/resources/certificate/certificate.pdf]]>
              </value>
            </param>
          </params>
          <exception class="java.lang.AssertionError">
            <message>
              <![CDATA[expected [true] but found [false]]]>
            </message>
            <full-stacktrace>
              <![CDATA[java.lang.AssertionError: expected [true] but found [false]
at org.testng.Assert.fail(Assert.java:99)
at org.testng.Assert.failNotEquals(Assert.java:1037)
at org.testng.Assert.assertTrue(Assert.java:45)
at org.testng.Assert.assertTrue(Assert.java:55)
at com.maplogik.functional.ApproveCertificate.certificationApproval(ApproveCertificate.java:34)
at jdk.internal.reflect.GeneratedMethodAccessor36.invoke(Unknown Source)
at java.base/jdk.internal.reflect.DelegatingMethodAccessorImpl.invoke(DelegatingMethodAccessorImpl.java:43)
at java.base/java.lang.reflect.Method.invoke(Method.java:568)
at org.testng.internal.MethodInvocationHelper.invokeMethod(MethodInvocationHelper.java:133)
at org.testng.internal.TestInvoker.invokeMethod(TestInvoker.java:598)
at org.testng.internal.TestInvoker.invokeTestMethod(TestInvoker.java:173)
at org.testng.internal.MethodRunner.runInSequence(MethodRunner.java:46)
at org.testng.internal.TestInvoker$MethodInvocationAgent.invoke(TestInvoker.java:824)
at org.testng.internal.TestInvoker.invokeTestMethods(TestInvoker.java:146)
at org.testng.internal.TestMethodWorker.invokeTestMethods(TestMethodWorker.java:146)
at org.testng.internal.TestMethodWorker.run(TestMethodWorker.java:128)
at java.base/java.util.ArrayList.forEach(ArrayList.java:1511)
at org.testng.TestRunner.privateRun(TestRunner.java:794)
at org.testng.TestRunner.run(TestRunner.java:596)
at org.testng.SuiteRunner.runTest(SuiteRunner.java:377)
at org.testng.SuiteRunner.runSequentially(SuiteRunner.java:371)
at org.testng.SuiteRunner.privateRun(SuiteRunner.java:332)
at org.testng.SuiteRunner.run(SuiteRunner.java:276)
at org.testng.SuiteRunnerWorker.runSuite(SuiteRunnerWorker.java:53)
at org.testng.SuiteRunnerWorker.run(SuiteRunnerWorker.java:96)
at org.testng.TestNG.runSuitesSequentially(TestNG.java:1212)
at org.testng.TestNG.runSuitesSequentially(TestNG.java:1207)
at org.testng.TestNG.runSuitesLocally(TestNG.java:1134)
at org.testng.TestNG.runSuites(TestNG.java:1063)
at org.testng.TestNG.run(TestNG.java:1031)
at org.testng.remote.AbstractRemoteTestNG.run(AbstractRemoteTestNG.java:115)
at org.testng.remote.RemoteTestNG.initAndRun(RemoteTestNG.java:251)
at org.testng.remote.RemoteTestNG.main(RemoteTestNG.java:77)
]]>
            </full-stacktrace>
          </exception> <!-- java.lang.AssertionError -->
          <reporter-output>
          </reporter-output>
        </test-method> <!-- certificationApproval -->
        <test-method signature="certificationApproval(java.lang.String,java.lang.String,java.lang.String)[pri:1, instance:com.maplogik.functional.ApproveCertificate@7fb95505]" started-at="2022-07-20T01:49:39 IST" name="certificationApproval" data-provider="studentIdProvider" finished-at="2022-07-20T01:49:40 IST" duration-ms="420" status="FAIL">
          <params>
            <param index="0">
              <value>
                <![CDATA[STUD0325]]>
              </value>
            </param>
            <param index="1">
              <value>
                <![CDATA[8754567710]]>
              </value>
            </param>
            <param index="2">
              <value>
                <![CDATA[./src/main/resources/certificate/certificate.pdf]]>
              </value>
            </param>
          </params>
          <exception class="java.lang.AssertionError">
            <message>
              <![CDATA[expected [true] but found [false]]]>
            </message>
            <full-stacktrace>
              <![CDATA[java.lang.AssertionError: expected [true] but found [false]
at org.testng.Assert.fail(Assert.java:99)
at org.testng.Assert.failNotEquals(Assert.java:1037)
at org.testng.Assert.assertTrue(Assert.java:45)
at org.testng.Assert.assertTrue(Assert.java:55)
at com.maplogik.functional.ApproveCertificate.certificationApproval(ApproveCertificate.java:34)
at jdk.internal.reflect.GeneratedMethodAccessor36.invoke(Unknown Source)
at java.base/jdk.internal.reflect.DelegatingMethodAccessorImpl.invoke(DelegatingMethodAccessorImpl.java:43)
at java.base/java.lang.reflect.Method.invoke(Method.java:568)
at org.testng.internal.MethodInvocationHelper.invokeMethod(MethodInvocationHelper.java:133)
at org.testng.internal.TestInvoker.invokeMethod(TestInvoker.java:598)
at org.testng.internal.TestInvoker.invokeTestMethod(TestInvoker.java:173)
at org.testng.internal.MethodRunner.runInSequence(MethodRunner.java:46)
at org.testng.internal.TestInvoker$MethodInvocationAgent.invoke(TestInvoker.java:824)
at org.testng.internal.TestInvoker.invokeTestMethods(TestInvoker.java:146)
at org.testng.internal.TestMethodWorker.invokeTestMethods(TestMethodWorker.java:146)
at org.testng.internal.TestMethodWorker.run(TestMethodWorker.java:128)
at java.base/java.util.ArrayList.forEach(ArrayList.java:1511)
at org.testng.TestRunner.privateRun(TestRunner.java:794)
at org.testng.TestRunner.run(TestRunner.java:596)
at org.testng.SuiteRunner.runTest(SuiteRunner.java:377)
at org.testng.SuiteRunner.runSequentially(SuiteRunner.java:371)
at org.testng.SuiteRunner.privateRun(SuiteRunner.java:332)
at org.testng.SuiteRunner.run(SuiteRunner.java:276)
at org.testng.SuiteRunnerWorker.runSuite(SuiteRunnerWorker.java:53)
at org.testng.SuiteRunnerWorker.run(SuiteRunnerWorker.java:96)
at org.testng.TestNG.runSuitesSequentially(TestNG.java:1212)
at org.testng.TestNG.runSuitesSequentially(TestNG.java:1207)
at org.testng.TestNG.runSuitesLocally(TestNG.java:1134)
at org.testng.TestNG.runSuites(TestNG.java:1063)
at org.testng.TestNG.run(TestNG.java:1031)
at org.testng.remote.AbstractRemoteTestNG.run(AbstractRemoteTestNG.java:115)
at org.testng.remote.RemoteTestNG.initAndRun(RemoteTestNG.java:251)
at org.testng.remote.RemoteTestNG.main(RemoteTestNG.java:77)
]]>
            </full-stacktrace>
          </exception> <!-- java.lang.AssertionError -->
          <reporter-output>
          </reporter-output>
        </test-method> <!-- certificationApproval -->
        <test-method signature="certificationApproval(java.lang.String,java.lang.String,java.lang.String)[pri:1, instance:com.maplogik.functional.ApproveCertificate@7fb95505]" started-at="2022-07-20T01:49:40 IST" name="certificationApproval" data-provider="studentIdProvider" finished-at="2022-07-20T01:49:40 IST" duration-ms="470" status="FAIL">
          <params>
            <param index="0">
              <value>
                <![CDATA[STUD0326]]>
              </value>
            </param>
            <param index="1">
              <value>
                <![CDATA[9442500837]]>
              </value>
            </param>
            <param index="2">
              <value>
                <![CDATA[./src/main/resources/certificate/certificate.pdf]]>
              </value>
            </param>
          </params>
          <exception class="java.lang.AssertionError">
            <message>
              <![CDATA[expected [true] but found [false]]]>
            </message>
            <full-stacktrace>
              <![CDATA[java.lang.AssertionError: expected [true] but found [false]
at org.testng.Assert.fail(Assert.java:99)
at org.testng.Assert.failNotEquals(Assert.java:1037)
at org.testng.Assert.assertTrue(Assert.java:45)
at org.testng.Assert.assertTrue(Assert.java:55)
at com.maplogik.functional.ApproveCertificate.certificationApproval(ApproveCertificate.java:34)
at jdk.internal.reflect.GeneratedMethodAccessor36.invoke(Unknown Source)
at java.base/jdk.internal.reflect.DelegatingMethodAccessorImpl.invoke(DelegatingMethodAccessorImpl.java:43)
at java.base/java.lang.reflect.Method.invoke(Method.java:568)
at org.testng.internal.MethodInvocationHelper.invokeMethod(MethodInvocationHelper.java:133)
at org.testng.internal.TestInvoker.invokeMethod(TestInvoker.java:598)
at org.testng.internal.TestInvoker.invokeTestMethod(TestInvoker.java:173)
at org.testng.internal.MethodRunner.runInSequence(MethodRunner.java:46)
at org.testng.internal.TestInvoker$MethodInvocationAgent.invoke(TestInvoker.java:824)
at org.testng.internal.TestInvoker.invokeTestMethods(TestInvoker.java:146)
at org.testng.internal.TestMethodWorker.invokeTestMethods(TestMethodWorker.java:146)
at org.testng.internal.TestMethodWorker.run(TestMethodWorker.java:128)
at java.base/java.util.ArrayList.forEach(ArrayList.java:1511)
at org.testng.TestRunner.privateRun(TestRunner.java:794)
at org.testng.TestRunner.run(TestRunner.java:596)
at org.testng.SuiteRunner.runTest(SuiteRunner.java:377)
at org.testng.SuiteRunner.runSequentially(SuiteRunner.java:371)
at org.testng.SuiteRunner.privateRun(SuiteRunner.java:332)
at org.testng.SuiteRunner.run(SuiteRunner.java:276)
at org.testng.SuiteRunnerWorker.runSuite(SuiteRunnerWorker.java:53)
at org.testng.SuiteRunnerWorker.run(SuiteRunnerWorker.java:96)
at org.testng.TestNG.runSuitesSequentially(TestNG.java:1212)
at org.testng.TestNG.runSuitesSequentially(TestNG.java:1207)
at org.testng.TestNG.runSuitesLocally(TestNG.java:1134)
at org.testng.TestNG.runSuites(TestNG.java:1063)
at org.testng.TestNG.run(TestNG.java:1031)
at org.testng.remote.AbstractRemoteTestNG.run(AbstractRemoteTestNG.java:115)
at org.testng.remote.RemoteTestNG.initAndRun(RemoteTestNG.java:251)
at org.testng.remote.RemoteTestNG.main(RemoteTestNG.java:77)
]]>
            </full-stacktrace>
          </exception> <!-- java.lang.AssertionError -->
          <reporter-output>
          </reporter-output>
        </test-method> <!-- certificationApproval -->
        <test-method signature="certificationApproval(java.lang.String,java.lang.String,java.lang.String)[pri:1, instance:com.maplogik.functional.ApproveCertificate@7fb95505]" started-at="2022-07-20T01:49:40 IST" name="certificationApproval" data-provider="studentIdProvider" finished-at="2022-07-20T01:49:41 IST" duration-ms="434" status="FAIL">
          <params>
            <param index="0">
              <value>
                <![CDATA[STUD0327]]>
              </value>
            </param>
            <param index="1">
              <value>
                <![CDATA[9884287107]]>
              </value>
            </param>
            <param index="2">
              <value>
                <![CDATA[./src/main/resources/certificate/certificate.pdf]]>
              </value>
            </param>
          </params>
          <exception class="java.lang.AssertionError">
            <message>
              <![CDATA[expected [true] but found [false]]]>
            </message>
            <full-stacktrace>
              <![CDATA[java.lang.AssertionError: expected [true] but found [false]
at org.testng.Assert.fail(Assert.java:99)
at org.testng.Assert.failNotEquals(Assert.java:1037)
at org.testng.Assert.assertTrue(Assert.java:45)
at org.testng.Assert.assertTrue(Assert.java:55)
at com.maplogik.functional.ApproveCertificate.certificationApproval(ApproveCertificate.java:34)
at jdk.internal.reflect.GeneratedMethodAccessor36.invoke(Unknown Source)
at java.base/jdk.internal.reflect.DelegatingMethodAccessorImpl.invoke(DelegatingMethodAccessorImpl.java:43)
at java.base/java.lang.reflect.Method.invoke(Method.java:568)
at org.testng.internal.MethodInvocationHelper.invokeMethod(MethodInvocationHelper.java:133)
at org.testng.internal.TestInvoker.invokeMethod(TestInvoker.java:598)
at org.testng.internal.TestInvoker.invokeTestMethod(TestInvoker.java:173)
at org.testng.internal.MethodRunner.runInSequence(MethodRunner.java:46)
at org.testng.internal.TestInvoker$MethodInvocationAgent.invoke(TestInvoker.java:824)
at org.testng.internal.TestInvoker.invokeTestMethods(TestInvoker.java:146)
at org.testng.internal.TestMethodWorker.invokeTestMethods(TestMethodWorker.java:146)
at org.testng.internal.TestMethodWorker.run(TestMethodWorker.java:128)
at java.base/java.util.ArrayList.forEach(ArrayList.java:1511)
at org.testng.TestRunner.privateRun(TestRunner.java:794)
at org.testng.TestRunner.run(TestRunner.java:596)
at org.testng.SuiteRunner.runTest(SuiteRunner.java:377)
at org.testng.SuiteRunner.runSequentially(SuiteRunner.java:371)
at org.testng.SuiteRunner.privateRun(SuiteRunner.java:332)
at org.testng.SuiteRunner.run(SuiteRunner.java:276)
at org.testng.SuiteRunnerWorker.runSuite(SuiteRunnerWorker.java:53)
at org.testng.SuiteRunnerWorker.run(SuiteRunnerWorker.java:96)
at org.testng.TestNG.runSuitesSequentially(TestNG.java:1212)
at org.testng.TestNG.runSuitesSequentially(TestNG.java:1207)
at org.testng.TestNG.runSuitesLocally(TestNG.java:1134)
at org.testng.TestNG.runSuites(TestNG.java:1063)
at org.testng.TestNG.run(TestNG.java:1031)
at org.testng.remote.AbstractRemoteTestNG.run(AbstractRemoteTestNG.java:115)
at org.testng.remote.RemoteTestNG.initAndRun(RemoteTestNG.java:251)
at org.testng.remote.RemoteTestNG.main(RemoteTestNG.java:77)
]]>
            </full-stacktrace>
          </exception> <!-- java.lang.AssertionError -->
          <reporter-output>
          </reporter-output>
        </test-method> <!-- certificationApproval -->
        <test-method signature="certificationApproval(java.lang.String,java.lang.String,java.lang.String)[pri:1, instance:com.maplogik.functional.ApproveCertificate@7fb95505]" started-at="2022-07-20T01:49:41 IST" name="certificationApproval" data-provider="studentIdProvider" finished-at="2022-07-20T01:49:42 IST" duration-ms="440" status="FAIL">
          <params>
            <param index="0">
              <value>
                <![CDATA[STUD0328]]>
              </value>
            </param>
            <param index="1">
              <value>
                <![CDATA[9840045652]]>
              </value>
            </param>
            <param index="2">
              <value>
                <![CDATA[./src/main/resources/certificate/certificate.pdf]]>
              </value>
            </param>
          </params>
          <exception class="java.lang.AssertionError">
            <message>
              <![CDATA[expected [true] but found [false]]]>
            </message>
            <full-stacktrace>
              <![CDATA[java.lang.AssertionError: expected [true] but found [false]
at org.testng.Assert.fail(Assert.java:99)
at org.testng.Assert.failNotEquals(Assert.java:1037)
at org.testng.Assert.assertTrue(Assert.java:45)
at org.testng.Assert.assertTrue(Assert.java:55)
at com.maplogik.functional.ApproveCertificate.certificationApproval(ApproveCertificate.java:34)
at jdk.internal.reflect.GeneratedMethodAccessor36.invoke(Unknown Source)
at java.base/jdk.internal.reflect.DelegatingMethodAccessorImpl.invoke(DelegatingMethodAccessorImpl.java:43)
at java.base/java.lang.reflect.Method.invoke(Method.java:568)
at org.testng.internal.MethodInvocationHelper.invokeMethod(MethodInvocationHelper.java:133)
at org.testng.internal.TestInvoker.invokeMethod(TestInvoker.java:598)
at org.testng.internal.TestInvoker.invokeTestMethod(TestInvoker.java:173)
at org.testng.internal.MethodRunner.runInSequence(MethodRunner.java:46)
at org.testng.internal.TestInvoker$MethodInvocationAgent.invoke(TestInvoker.java:824)
at org.testng.internal.TestInvoker.invokeTestMethods(TestInvoker.java:146)
at org.testng.internal.TestMethodWorker.invokeTestMethods(TestMethodWorker.java:146)
at org.testng.internal.TestMethodWorker.run(TestMethodWorker.java:128)
at java.base/java.util.ArrayList.forEach(ArrayList.java:1511)
at org.testng.TestRunner.privateRun(TestRunner.java:794)
at org.testng.TestRunner.run(TestRunner.java:596)
at org.testng.SuiteRunner.runTest(SuiteRunner.java:377)
at org.testng.SuiteRunner.runSequentially(SuiteRunner.java:371)
at org.testng.SuiteRunner.privateRun(SuiteRunner.java:332)
at org.testng.SuiteRunner.run(SuiteRunner.java:276)
at org.testng.SuiteRunnerWorker.runSuite(SuiteRunnerWorker.java:53)
at org.testng.SuiteRunnerWorker.run(SuiteRunnerWorker.java:96)
at org.testng.TestNG.runSuitesSequentially(TestNG.java:1212)
at org.testng.TestNG.runSuitesSequentially(TestNG.java:1207)
at org.testng.TestNG.runSuitesLocally(TestNG.java:1134)
at org.testng.TestNG.runSuites(TestNG.java:1063)
at org.testng.TestNG.run(TestNG.java:1031)
at org.testng.remote.AbstractRemoteTestNG.run(AbstractRemoteTestNG.java:115)
at org.testng.remote.RemoteTestNG.initAndRun(RemoteTestNG.java:251)
at org.testng.remote.RemoteTestNG.main(RemoteTestNG.java:77)
]]>
            </full-stacktrace>
          </exception> <!-- java.lang.AssertionError -->
          <reporter-output>
          </reporter-output>
        </test-method> <!-- certificationApproval -->
        <test-method signature="certificationApproval(java.lang.String,java.lang.String,java.lang.String)[pri:1, instance:com.maplogik.functional.ApproveCertificate@7fb95505]" started-at="2022-07-20T01:49:42 IST" name="certificationApproval" data-provider="studentIdProvider" finished-at="2022-07-20T01:49:42 IST" duration-ms="444" status="FAIL">
          <params>
            <param index="0">
              <value>
                <![CDATA[STUD0329]]>
              </value>
            </param>
            <param index="1">
              <value>
                <![CDATA[9884639439]]>
              </value>
            </param>
            <param index="2">
              <value>
                <![CDATA[./src/main/resources/certificate/certificate.pdf]]>
              </value>
            </param>
          </params>
          <exception class="java.lang.AssertionError">
            <message>
              <![CDATA[expected [true] but found [false]]]>
            </message>
            <full-stacktrace>
              <![CDATA[java.lang.AssertionError: expected [true] but found [false]
at org.testng.Assert.fail(Assert.java:99)
at org.testng.Assert.failNotEquals(Assert.java:1037)
at org.testng.Assert.assertTrue(Assert.java:45)
at org.testng.Assert.assertTrue(Assert.java:55)
at com.maplogik.functional.ApproveCertificate.certificationApproval(ApproveCertificate.java:34)
at jdk.internal.reflect.GeneratedMethodAccessor36.invoke(Unknown Source)
at java.base/jdk.internal.reflect.DelegatingMethodAccessorImpl.invoke(DelegatingMethodAccessorImpl.java:43)
at java.base/java.lang.reflect.Method.invoke(Method.java:568)
at org.testng.internal.MethodInvocationHelper.invokeMethod(MethodInvocationHelper.java:133)
at org.testng.internal.TestInvoker.invokeMethod(TestInvoker.java:598)
at org.testng.internal.TestInvoker.invokeTestMethod(TestInvoker.java:173)
at org.testng.internal.MethodRunner.runInSequence(MethodRunner.java:46)
at org.testng.internal.TestInvoker$MethodInvocationAgent.invoke(TestInvoker.java:824)
at org.testng.internal.TestInvoker.invokeTestMethods(TestInvoker.java:146)
at org.testng.internal.TestMethodWorker.invokeTestMethods(TestMethodWorker.java:146)
at org.testng.internal.TestMethodWorker.run(TestMethodWorker.java:128)
at java.base/java.util.ArrayList.forEach(ArrayList.java:1511)
at org.testng.TestRunner.privateRun(TestRunner.java:794)
at org.testng.TestRunner.run(TestRunner.java:596)
at org.testng.SuiteRunner.runTest(SuiteRunner.java:377)
at org.testng.SuiteRunner.runSequentially(SuiteRunner.java:371)
at org.testng.SuiteRunner.privateRun(SuiteRunner.java:332)
at org.testng.SuiteRunner.run(SuiteRunner.java:276)
at org.testng.SuiteRunnerWorker.runSuite(SuiteRunnerWorker.java:53)
at org.testng.SuiteRunnerWorker.run(SuiteRunnerWorker.java:96)
at org.testng.TestNG.runSuitesSequentially(TestNG.java:1212)
at org.testng.TestNG.runSuitesSequentially(TestNG.java:1207)
at org.testng.TestNG.runSuitesLocally(TestNG.java:1134)
at org.testng.TestNG.runSuites(TestNG.java:1063)
at org.testng.TestNG.run(TestNG.java:1031)
at org.testng.remote.AbstractRemoteTestNG.run(AbstractRemoteTestNG.java:115)
at org.testng.remote.RemoteTestNG.initAndRun(RemoteTestNG.java:251)
at org.testng.remote.RemoteTestNG.main(RemoteTestNG.java:77)
]]>
            </full-stacktrace>
          </exception> <!-- java.lang.AssertionError -->
          <reporter-output>
          </reporter-output>
        </test-method> <!-- certificationApproval -->
        <test-method signature="certificationApproval(java.lang.String,java.lang.String,java.lang.String)[pri:1, instance:com.maplogik.functional.ApproveCertificate@7fb95505]" started-at="2022-07-20T01:49:42 IST" name="certificationApproval" data-provider="studentIdProvider" finished-at="2022-07-20T01:49:43 IST" duration-ms="510" status="FAIL">
          <params>
            <param index="0">
              <value>
                <![CDATA[STUD0330]]>
              </value>
            </param>
            <param index="1">
              <value>
                <![CDATA[9176666624]]>
              </value>
            </param>
            <param index="2">
              <value>
                <![CDATA[./src/main/resources/certificate/certificate.pdf]]>
              </value>
            </param>
          </params>
          <exception class="java.lang.AssertionError">
            <message>
              <![CDATA[expected [true] but found [false]]]>
            </message>
            <full-stacktrace>
              <![CDATA[java.lang.AssertionError: expected [true] but found [false]
at org.testng.Assert.fail(Assert.java:99)
at org.testng.Assert.failNotEquals(Assert.java:1037)
at org.testng.Assert.assertTrue(Assert.java:45)
at org.testng.Assert.assertTrue(Assert.java:55)
at com.maplogik.functional.ApproveCertificate.certificationApproval(ApproveCertificate.java:34)
at jdk.internal.reflect.GeneratedMethodAccessor36.invoke(Unknown Source)
at java.base/jdk.internal.reflect.DelegatingMethodAccessorImpl.invoke(DelegatingMethodAccessorImpl.java:43)
at java.base/java.lang.reflect.Method.invoke(Method.java:568)
at org.testng.internal.MethodInvocationHelper.invokeMethod(MethodInvocationHelper.java:133)
at org.testng.internal.TestInvoker.invokeMethod(TestInvoker.java:598)
at org.testng.internal.TestInvoker.invokeTestMethod(TestInvoker.java:173)
at org.testng.internal.MethodRunner.runInSequence(MethodRunner.java:46)
at org.testng.internal.TestInvoker$MethodInvocationAgent.invoke(TestInvoker.java:824)
at org.testng.internal.TestInvoker.invokeTestMethods(TestInvoker.java:146)
at org.testng.internal.TestMethodWorker.invokeTestMethods(TestMethodWorker.java:146)
at org.testng.internal.TestMethodWorker.run(TestMethodWorker.java:128)
at java.base/java.util.ArrayList.forEach(ArrayList.java:1511)
at org.testng.TestRunner.privateRun(TestRunner.java:794)
at org.testng.TestRunner.run(TestRunner.java:596)
at org.testng.SuiteRunner.runTest(SuiteRunner.java:377)
at org.testng.SuiteRunner.runSequentially(SuiteRunner.java:371)
at org.testng.SuiteRunner.privateRun(SuiteRunner.java:332)
at org.testng.SuiteRunner.run(SuiteRunner.java:276)
at org.testng.SuiteRunnerWorker.runSuite(SuiteRunnerWorker.java:53)
at org.testng.SuiteRunnerWorker.run(SuiteRunnerWorker.java:96)
at org.testng.TestNG.runSuitesSequentially(TestNG.java:1212)
at org.testng.TestNG.runSuitesSequentially(TestNG.java:1207)
at org.testng.TestNG.runSuitesLocally(TestNG.java:1134)
at org.testng.TestNG.runSuites(TestNG.java:1063)
at org.testng.TestNG.run(TestNG.java:1031)
at org.testng.remote.AbstractRemoteTestNG.run(AbstractRemoteTestNG.java:115)
at org.testng.remote.RemoteTestNG.initAndRun(RemoteTestNG.java:251)
at org.testng.remote.RemoteTestNG.main(RemoteTestNG.java:77)
]]>
            </full-stacktrace>
          </exception> <!-- java.lang.AssertionError -->
          <reporter-output>
          </reporter-output>
        </test-method> <!-- certificationApproval -->
        <test-method signature="certificationApproval(java.lang.String,java.lang.String,java.lang.String)[pri:1, instance:com.maplogik.functional.ApproveCertificate@7fb95505]" started-at="2022-07-20T01:49:43 IST" name="certificationApproval" data-provider="studentIdProvider" finished-at="2022-07-20T01:49:43 IST" duration-ms="458" status="FAIL">
          <params>
            <param index="0">
              <value>
                <![CDATA[STUD0331]]>
              </value>
            </param>
            <param index="1">
              <value>
                <![CDATA[9283264409]]>
              </value>
            </param>
            <param index="2">
              <value>
                <![CDATA[./src/main/resources/certificate/certificate.pdf]]>
              </value>
            </param>
          </params>
          <exception class="java.lang.AssertionError">
            <message>
              <![CDATA[expected [true] but found [false]]]>
            </message>
            <full-stacktrace>
              <![CDATA[java.lang.AssertionError: expected [true] but found [false]
at org.testng.Assert.fail(Assert.java:99)
at org.testng.Assert.failNotEquals(Assert.java:1037)
at org.testng.Assert.assertTrue(Assert.java:45)
at org.testng.Assert.assertTrue(Assert.java:55)
at com.maplogik.functional.ApproveCertificate.certificationApproval(ApproveCertificate.java:34)
at jdk.internal.reflect.GeneratedMethodAccessor36.invoke(Unknown Source)
at java.base/jdk.internal.reflect.DelegatingMethodAccessorImpl.invoke(DelegatingMethodAccessorImpl.java:43)
at java.base/java.lang.reflect.Method.invoke(Method.java:568)
at org.testng.internal.MethodInvocationHelper.invokeMethod(MethodInvocationHelper.java:133)
at org.testng.internal.TestInvoker.invokeMethod(TestInvoker.java:598)
at org.testng.internal.TestInvoker.invokeTestMethod(TestInvoker.java:173)
at org.testng.internal.MethodRunner.runInSequence(MethodRunner.java:46)
at org.testng.internal.TestInvoker$MethodInvocationAgent.invoke(TestInvoker.java:824)
at org.testng.internal.TestInvoker.invokeTestMethods(TestInvoker.java:146)
at org.testng.internal.TestMethodWorker.invokeTestMethods(TestMethodWorker.java:146)
at org.testng.internal.TestMethodWorker.run(TestMethodWorker.java:128)
at java.base/java.util.ArrayList.forEach(ArrayList.java:1511)
at org.testng.TestRunner.privateRun(TestRunner.java:794)
at org.testng.TestRunner.run(TestRunner.java:596)
at org.testng.SuiteRunner.runTest(SuiteRunner.java:377)
at org.testng.SuiteRunner.runSequentially(SuiteRunner.java:371)
at org.testng.SuiteRunner.privateRun(SuiteRunner.java:332)
at org.testng.SuiteRunner.run(SuiteRunner.java:276)
at org.testng.SuiteRunnerWorker.runSuite(SuiteRunnerWorker.java:53)
at org.testng.SuiteRunnerWorker.run(SuiteRunnerWorker.java:96)
at org.testng.TestNG.runSuitesSequentially(TestNG.java:1212)
at org.testng.TestNG.runSuitesSequentially(TestNG.java:1207)
at org.testng.TestNG.runSuitesLocally(TestNG.java:1134)
at org.testng.TestNG.runSuites(TestNG.java:1063)
at org.testng.TestNG.run(TestNG.java:1031)
at org.testng.remote.AbstractRemoteTestNG.run(AbstractRemoteTestNG.java:115)
at org.testng.remote.RemoteTestNG.initAndRun(RemoteTestNG.java:251)
at org.testng.remote.RemoteTestNG.main(RemoteTestNG.java:77)
]]>
            </full-stacktrace>
          </exception> <!-- java.lang.AssertionError -->
          <reporter-output>
          </reporter-output>
        </test-method> <!-- certificationApproval -->
        <test-method signature="certificationApproval(java.lang.String,java.lang.String,java.lang.String)[pri:1, instance:com.maplogik.functional.ApproveCertificate@7fb95505]" started-at="2022-07-20T01:49:44 IST" name="certificationApproval" data-provider="studentIdProvider" finished-at="2022-07-20T01:49:44 IST" duration-ms="425" status="FAIL">
          <params>
            <param index="0">
              <value>
                <![CDATA[STUD0332]]>
              </value>
            </param>
            <param index="1">
              <value>
                <![CDATA[9840851742]]>
              </value>
            </param>
            <param index="2">
              <value>
                <![CDATA[./src/main/resources/certificate/certificate.pdf]]>
              </value>
            </param>
          </params>
          <exception class="java.lang.AssertionError">
            <message>
              <![CDATA[expected [true] but found [false]]]>
            </message>
            <full-stacktrace>
              <![CDATA[java.lang.AssertionError: expected [true] but found [false]
at org.testng.Assert.fail(Assert.java:99)
at org.testng.Assert.failNotEquals(Assert.java:1037)
at org.testng.Assert.assertTrue(Assert.java:45)
at org.testng.Assert.assertTrue(Assert.java:55)
at com.maplogik.functional.ApproveCertificate.certificationApproval(ApproveCertificate.java:34)
at jdk.internal.reflect.GeneratedMethodAccessor36.invoke(Unknown Source)
at java.base/jdk.internal.reflect.DelegatingMethodAccessorImpl.invoke(DelegatingMethodAccessorImpl.java:43)
at java.base/java.lang.reflect.Method.invoke(Method.java:568)
at org.testng.internal.MethodInvocationHelper.invokeMethod(MethodInvocationHelper.java:133)
at org.testng.internal.TestInvoker.invokeMethod(TestInvoker.java:598)
at org.testng.internal.TestInvoker.invokeTestMethod(TestInvoker.java:173)
at org.testng.internal.MethodRunner.runInSequence(MethodRunner.java:46)
at org.testng.internal.TestInvoker$MethodInvocationAgent.invoke(TestInvoker.java:824)
at org.testng.internal.TestInvoker.invokeTestMethods(TestInvoker.java:146)
at org.testng.internal.TestMethodWorker.invokeTestMethods(TestMethodWorker.java:146)
at org.testng.internal.TestMethodWorker.run(TestMethodWorker.java:128)
at java.base/java.util.ArrayList.forEach(ArrayList.java:1511)
at org.testng.TestRunner.privateRun(TestRunner.java:794)
at org.testng.TestRunner.run(TestRunner.java:596)
at org.testng.SuiteRunner.runTest(SuiteRunner.java:377)
at org.testng.SuiteRunner.runSequentially(SuiteRunner.java:371)
at org.testng.SuiteRunner.privateRun(SuiteRunner.java:332)
at org.testng.SuiteRunner.run(SuiteRunner.java:276)
at org.testng.SuiteRunnerWorker.runSuite(SuiteRunnerWorker.java:53)
at org.testng.SuiteRunnerWorker.run(SuiteRunnerWorker.java:96)
at org.testng.TestNG.runSuitesSequentially(TestNG.java:1212)
at org.testng.TestNG.runSuitesSequentially(TestNG.java:1207)
at org.testng.TestNG.runSuitesLocally(TestNG.java:1134)
at org.testng.TestNG.runSuites(TestNG.java:1063)
at org.testng.TestNG.run(TestNG.java:1031)
at org.testng.remote.AbstractRemoteTestNG.run(AbstractRemoteTestNG.java:115)
at org.testng.remote.RemoteTestNG.initAndRun(RemoteTestNG.java:251)
at org.testng.remote.RemoteTestNG.main(RemoteTestNG.java:77)
]]>
            </full-stacktrace>
          </exception> <!-- java.lang.AssertionError -->
          <reporter-output>
          </reporter-output>
        </test-method> <!-- certificationApproval -->
        <test-method signature="certificationApproval(java.lang.String,java.lang.String,java.lang.String)[pri:1, instance:com.maplogik.functional.ApproveCertificate@7fb95505]" started-at="2022-07-20T01:49:44 IST" name="certificationApproval" data-provider="studentIdProvider" finished-at="2022-07-20T01:49:45 IST" duration-ms="437" status="FAIL">
          <params>
            <param index="0">
              <value>
                <![CDATA[STUD0333]]>
              </value>
            </param>
            <param index="1">
              <value>
                <![CDATA[9551700828]]>
              </value>
            </param>
            <param index="2">
              <value>
                <![CDATA[./src/main/resources/certificate/certificate.pdf]]>
              </value>
            </param>
          </params>
          <exception class="java.lang.AssertionError">
            <message>
              <![CDATA[expected [true] but found [false]]]>
            </message>
            <full-stacktrace>
              <![CDATA[java.lang.AssertionError: expected [true] but found [false]
at org.testng.Assert.fail(Assert.java:99)
at org.testng.Assert.failNotEquals(Assert.java:1037)
at org.testng.Assert.assertTrue(Assert.java:45)
at org.testng.Assert.assertTrue(Assert.java:55)
at com.maplogik.functional.ApproveCertificate.certificationApproval(ApproveCertificate.java:34)
at jdk.internal.reflect.GeneratedMethodAccessor36.invoke(Unknown Source)
at java.base/jdk.internal.reflect.DelegatingMethodAccessorImpl.invoke(DelegatingMethodAccessorImpl.java:43)
at java.base/java.lang.reflect.Method.invoke(Method.java:568)
at org.testng.internal.MethodInvocationHelper.invokeMethod(MethodInvocationHelper.java:133)
at org.testng.internal.TestInvoker.invokeMethod(TestInvoker.java:598)
at org.testng.internal.TestInvoker.invokeTestMethod(TestInvoker.java:173)
at org.testng.internal.MethodRunner.runInSequence(MethodRunner.java:46)
at org.testng.internal.TestInvoker$MethodInvocationAgent.invoke(TestInvoker.java:824)
at org.testng.internal.TestInvoker.invokeTestMethods(TestInvoker.java:146)
at org.testng.internal.TestMethodWorker.invokeTestMethods(TestMethodWorker.java:146)
at org.testng.internal.TestMethodWorker.run(TestMethodWorker.java:128)
at java.base/java.util.ArrayList.forEach(ArrayList.java:1511)
at org.testng.TestRunner.privateRun(TestRunner.java:794)
at org.testng.TestRunner.run(TestRunner.java:596)
at org.testng.SuiteRunner.runTest(SuiteRunner.java:377)
at org.testng.SuiteRunner.runSequentially(SuiteRunner.java:371)
at org.testng.SuiteRunner.privateRun(SuiteRunner.java:332)
at org.testng.SuiteRunner.run(SuiteRunner.java:276)
at org.testng.SuiteRunnerWorker.runSuite(SuiteRunnerWorker.java:53)
at org.testng.SuiteRunnerWorker.run(SuiteRunnerWorker.java:96)
at org.testng.TestNG.runSuitesSequentially(TestNG.java:1212)
at org.testng.TestNG.runSuitesSequentially(TestNG.java:1207)
at org.testng.TestNG.runSuitesLocally(TestNG.java:1134)
at org.testng.TestNG.runSuites(TestNG.java:1063)
at org.testng.TestNG.run(TestNG.java:1031)
at org.testng.remote.AbstractRemoteTestNG.run(AbstractRemoteTestNG.java:115)
at org.testng.remote.RemoteTestNG.initAndRun(RemoteTestNG.java:251)
at org.testng.remote.RemoteTestNG.main(RemoteTestNG.java:77)
]]>
            </full-stacktrace>
          </exception> <!-- java.lang.AssertionError -->
          <reporter-output>
          </reporter-output>
        </test-method> <!-- certificationApproval -->
        <test-method signature="certificationApproval(java.lang.String,java.lang.String,java.lang.String)[pri:1, instance:com.maplogik.functional.ApproveCertificate@7fb95505]" started-at="2022-07-20T01:49:45 IST" name="certificationApproval" data-provider="studentIdProvider" finished-at="2022-07-20T01:49:45 IST" duration-ms="508" status="FAIL">
          <params>
            <param index="0">
              <value>
                <![CDATA[STUD0334]]>
              </value>
            </param>
            <param index="1">
              <value>
                <![CDATA[7358515253]]>
              </value>
            </param>
            <param index="2">
              <value>
                <![CDATA[./src/main/resources/certificate/certificate.pdf]]>
              </value>
            </param>
          </params>
          <exception class="java.lang.AssertionError">
            <message>
              <![CDATA[expected [true] but found [false]]]>
            </message>
            <full-stacktrace>
              <![CDATA[java.lang.AssertionError: expected [true] but found [false]
at org.testng.Assert.fail(Assert.java:99)
at org.testng.Assert.failNotEquals(Assert.java:1037)
at org.testng.Assert.assertTrue(Assert.java:45)
at org.testng.Assert.assertTrue(Assert.java:55)
at com.maplogik.functional.ApproveCertificate.certificationApproval(ApproveCertificate.java:34)
at jdk.internal.reflect.GeneratedMethodAccessor36.invoke(Unknown Source)
at java.base/jdk.internal.reflect.DelegatingMethodAccessorImpl.invoke(DelegatingMethodAccessorImpl.java:43)
at java.base/java.lang.reflect.Method.invoke(Method.java:568)
at org.testng.internal.MethodInvocationHelper.invokeMethod(MethodInvocationHelper.java:133)
at org.testng.internal.TestInvoker.invokeMethod(TestInvoker.java:598)
at org.testng.internal.TestInvoker.invokeTestMethod(TestInvoker.java:173)
at org.testng.internal.MethodRunner.runInSequence(MethodRunner.java:46)
at org.testng.internal.TestInvoker$MethodInvocationAgent.invoke(TestInvoker.java:824)
at org.testng.internal.TestInvoker.invokeTestMethods(TestInvoker.java:146)
at org.testng.internal.TestMethodWorker.invokeTestMethods(TestMethodWorker.java:146)
at org.testng.internal.TestMethodWorker.run(TestMethodWorker.java:128)
at java.base/java.util.ArrayList.forEach(ArrayList.java:1511)
at org.testng.TestRunner.privateRun(TestRunner.java:794)
at org.testng.TestRunner.run(TestRunner.java:596)
at org.testng.SuiteRunner.runTest(SuiteRunner.java:377)
at org.testng.SuiteRunner.runSequentially(SuiteRunner.java:371)
at org.testng.SuiteRunner.privateRun(SuiteRunner.java:332)
at org.testng.SuiteRunner.run(SuiteRunner.java:276)
at org.testng.SuiteRunnerWorker.runSuite(SuiteRunnerWorker.java:53)
at org.testng.SuiteRunnerWorker.run(SuiteRunnerWorker.java:96)
at org.testng.TestNG.runSuitesSequentially(TestNG.java:1212)
at org.testng.TestNG.runSuitesSequentially(TestNG.java:1207)
at org.testng.TestNG.runSuitesLocally(TestNG.java:1134)
at org.testng.TestNG.runSuites(TestNG.java:1063)
at org.testng.TestNG.run(TestNG.java:1031)
at org.testng.remote.AbstractRemoteTestNG.run(AbstractRemoteTestNG.java:115)
at org.testng.remote.RemoteTestNG.initAndRun(RemoteTestNG.java:251)
at org.testng.remote.RemoteTestNG.main(RemoteTestNG.java:77)
]]>
            </full-stacktrace>
          </exception> <!-- java.lang.AssertionError -->
          <reporter-output>
          </reporter-output>
        </test-method> <!-- certificationApproval -->
        <test-method signature="certificationApproval(java.lang.String,java.lang.String,java.lang.String)[pri:1, instance:com.maplogik.functional.ApproveCertificate@7fb95505]" started-at="2022-07-20T01:49:45 IST" name="certificationApproval" data-provider="studentIdProvider" finished-at="2022-07-20T01:49:46 IST" duration-ms="454" status="FAIL">
          <params>
            <param index="0">
              <value>
                <![CDATA[STUD0335]]>
              </value>
            </param>
            <param index="1">
              <value>
                <![CDATA[6385084225]]>
              </value>
            </param>
            <param index="2">
              <value>
                <![CDATA[./src/main/resources/certificate/certificate.pdf]]>
              </value>
            </param>
          </params>
          <exception class="java.lang.AssertionError">
            <message>
              <![CDATA[expected [true] but found [false]]]>
            </message>
            <full-stacktrace>
              <![CDATA[java.lang.AssertionError: expected [true] but found [false]
at org.testng.Assert.fail(Assert.java:99)
at org.testng.Assert.failNotEquals(Assert.java:1037)
at org.testng.Assert.assertTrue(Assert.java:45)
at org.testng.Assert.assertTrue(Assert.java:55)
at com.maplogik.functional.ApproveCertificate.certificationApproval(ApproveCertificate.java:34)
at jdk.internal.reflect.GeneratedMethodAccessor36.invoke(Unknown Source)
at java.base/jdk.internal.reflect.DelegatingMethodAccessorImpl.invoke(DelegatingMethodAccessorImpl.java:43)
at java.base/java.lang.reflect.Method.invoke(Method.java:568)
at org.testng.internal.MethodInvocationHelper.invokeMethod(MethodInvocationHelper.java:133)
at org.testng.internal.TestInvoker.invokeMethod(TestInvoker.java:598)
at org.testng.internal.TestInvoker.invokeTestMethod(TestInvoker.java:173)
at org.testng.internal.MethodRunner.runInSequence(MethodRunner.java:46)
at org.testng.internal.TestInvoker$MethodInvocationAgent.invoke(TestInvoker.java:824)
at org.testng.internal.TestInvoker.invokeTestMethods(TestInvoker.java:146)
at org.testng.internal.TestMethodWorker.invokeTestMethods(TestMethodWorker.java:146)
at org.testng.internal.TestMethodWorker.run(TestMethodWorker.java:128)
at java.base/java.util.ArrayList.forEach(ArrayList.java:1511)
at org.testng.TestRunner.privateRun(TestRunner.java:794)
at org.testng.TestRunner.run(TestRunner.java:596)
at org.testng.SuiteRunner.runTest(SuiteRunner.java:377)
at org.testng.SuiteRunner.runSequentially(SuiteRunner.java:371)
at org.testng.SuiteRunner.privateRun(SuiteRunner.java:332)
at org.testng.SuiteRunner.run(SuiteRunner.java:276)
at org.testng.SuiteRunnerWorker.runSuite(SuiteRunnerWorker.java:53)
at org.testng.SuiteRunnerWorker.run(SuiteRunnerWorker.java:96)
at org.testng.TestNG.runSuitesSequentially(TestNG.java:1212)
at org.testng.TestNG.runSuitesSequentially(TestNG.java:1207)
at org.testng.TestNG.runSuitesLocally(TestNG.java:1134)
at org.testng.TestNG.runSuites(TestNG.java:1063)
at org.testng.TestNG.run(TestNG.java:1031)
at org.testng.remote.AbstractRemoteTestNG.run(AbstractRemoteTestNG.java:115)
at org.testng.remote.RemoteTestNG.initAndRun(RemoteTestNG.java:251)
at org.testng.remote.RemoteTestNG.main(RemoteTestNG.java:77)
]]>
            </full-stacktrace>
          </exception> <!-- java.lang.AssertionError -->
          <reporter-output>
          </reporter-output>
        </test-method> <!-- certificationApproval -->
        <test-method signature="certificationApproval(java.lang.String,java.lang.String,java.lang.String)[pri:1, instance:com.maplogik.functional.ApproveCertificate@7fb95505]" started-at="2022-07-20T01:49:46 IST" name="certificationApproval" data-provider="studentIdProvider" finished-at="2022-07-20T01:49:46 IST" duration-ms="462" status="FAIL">
          <params>
            <param index="0">
              <value>
                <![CDATA[STUD0336]]>
              </value>
            </param>
            <param index="1">
              <value>
                <![CDATA[9944813287]]>
              </value>
            </param>
            <param index="2">
              <value>
                <![CDATA[./src/main/resources/certificate/certificate.pdf]]>
              </value>
            </param>
          </params>
          <exception class="java.lang.AssertionError">
            <message>
              <![CDATA[expected [true] but found [false]]]>
            </message>
            <full-stacktrace>
              <![CDATA[java.lang.AssertionError: expected [true] but found [false]
at org.testng.Assert.fail(Assert.java:99)
at org.testng.Assert.failNotEquals(Assert.java:1037)
at org.testng.Assert.assertTrue(Assert.java:45)
at org.testng.Assert.assertTrue(Assert.java:55)
at com.maplogik.functional.ApproveCertificate.certificationApproval(ApproveCertificate.java:34)
at jdk.internal.reflect.GeneratedMethodAccessor36.invoke(Unknown Source)
at java.base/jdk.internal.reflect.DelegatingMethodAccessorImpl.invoke(DelegatingMethodAccessorImpl.java:43)
at java.base/java.lang.reflect.Method.invoke(Method.java:568)
at org.testng.internal.MethodInvocationHelper.invokeMethod(MethodInvocationHelper.java:133)
at org.testng.internal.TestInvoker.invokeMethod(TestInvoker.java:598)
at org.testng.internal.TestInvoker.invokeTestMethod(TestInvoker.java:173)
at org.testng.internal.MethodRunner.runInSequence(MethodRunner.java:46)
at org.testng.internal.TestInvoker$MethodInvocationAgent.invoke(TestInvoker.java:824)
at org.testng.internal.TestInvoker.invokeTestMethods(TestInvoker.java:146)
at org.testng.internal.TestMethodWorker.invokeTestMethods(TestMethodWorker.java:146)
at org.testng.internal.TestMethodWorker.run(TestMethodWorker.java:128)
at java.base/java.util.ArrayList.forEach(ArrayList.java:1511)
at org.testng.TestRunner.privateRun(TestRunner.java:794)
at org.testng.TestRunner.run(TestRunner.java:596)
at org.testng.SuiteRunner.runTest(SuiteRunner.java:377)
at org.testng.SuiteRunner.runSequentially(SuiteRunner.java:371)
at org.testng.SuiteRunner.privateRun(SuiteRunner.java:332)
at org.testng.SuiteRunner.run(SuiteRunner.java:276)
at org.testng.SuiteRunnerWorker.runSuite(SuiteRunnerWorker.java:53)
at org.testng.SuiteRunnerWorker.run(SuiteRunnerWorker.java:96)
at org.testng.TestNG.runSuitesSequentially(TestNG.java:1212)
at org.testng.TestNG.runSuitesSequentially(TestNG.java:1207)
at org.testng.TestNG.runSuitesLocally(TestNG.java:1134)
at org.testng.TestNG.runSuites(TestNG.java:1063)
at org.testng.TestNG.run(TestNG.java:1031)
at org.testng.remote.AbstractRemoteTestNG.run(AbstractRemoteTestNG.java:115)
at org.testng.remote.RemoteTestNG.initAndRun(RemoteTestNG.java:251)
at org.testng.remote.RemoteTestNG.main(RemoteTestNG.java:77)
]]>
            </full-stacktrace>
          </exception> <!-- java.lang.AssertionError -->
          <reporter-output>
          </reporter-output>
        </test-method> <!-- certificationApproval -->
        <test-method signature="certificationApproval(java.lang.String,java.lang.String,java.lang.String)[pri:1, instance:com.maplogik.functional.ApproveCertificate@7fb95505]" started-at="2022-07-20T01:49:47 IST" name="certificationApproval" data-provider="studentIdProvider" finished-at="2022-07-20T01:49:47 IST" duration-ms="427" status="FAIL">
          <params>
            <param index="0">
              <value>
                <![CDATA[STUD0337]]>
              </value>
            </param>
            <param index="1">
              <value>
                <![CDATA[9940237513]]>
              </value>
            </param>
            <param index="2">
              <value>
                <![CDATA[./src/main/resources/certificate/certificate.pdf]]>
              </value>
            </param>
          </params>
          <exception class="java.lang.AssertionError">
            <message>
              <![CDATA[expected [true] but found [false]]]>
            </message>
            <full-stacktrace>
              <![CDATA[java.lang.AssertionError: expected [true] but found [false]
at org.testng.Assert.fail(Assert.java:99)
at org.testng.Assert.failNotEquals(Assert.java:1037)
at org.testng.Assert.assertTrue(Assert.java:45)
at org.testng.Assert.assertTrue(Assert.java:55)
at com.maplogik.functional.ApproveCertificate.certificationApproval(ApproveCertificate.java:34)
at jdk.internal.reflect.GeneratedMethodAccessor36.invoke(Unknown Source)
at java.base/jdk.internal.reflect.DelegatingMethodAccessorImpl.invoke(DelegatingMethodAccessorImpl.java:43)
at java.base/java.lang.reflect.Method.invoke(Method.java:568)
at org.testng.internal.MethodInvocationHelper.invokeMethod(MethodInvocationHelper.java:133)
at org.testng.internal.TestInvoker.invokeMethod(TestInvoker.java:598)
at org.testng.internal.TestInvoker.invokeTestMethod(TestInvoker.java:173)
at org.testng.internal.MethodRunner.runInSequence(MethodRunner.java:46)
at org.testng.internal.TestInvoker$MethodInvocationAgent.invoke(TestInvoker.java:824)
at org.testng.internal.TestInvoker.invokeTestMethods(TestInvoker.java:146)
at org.testng.internal.TestMethodWorker.invokeTestMethods(TestMethodWorker.java:146)
at org.testng.internal.TestMethodWorker.run(TestMethodWorker.java:128)
at java.base/java.util.ArrayList.forEach(ArrayList.java:1511)
at org.testng.TestRunner.privateRun(TestRunner.java:794)
at org.testng.TestRunner.run(TestRunner.java:596)
at org.testng.SuiteRunner.runTest(SuiteRunner.java:377)
at org.testng.SuiteRunner.runSequentially(SuiteRunner.java:371)
at org.testng.SuiteRunner.privateRun(SuiteRunner.java:332)
at org.testng.SuiteRunner.run(SuiteRunner.java:276)
at org.testng.SuiteRunnerWorker.runSuite(SuiteRunnerWorker.java:53)
at org.testng.SuiteRunnerWorker.run(SuiteRunnerWorker.java:96)
at org.testng.TestNG.runSuitesSequentially(TestNG.java:1212)
at org.testng.TestNG.runSuitesSequentially(TestNG.java:1207)
at org.testng.TestNG.runSuitesLocally(TestNG.java:1134)
at org.testng.TestNG.runSuites(TestNG.java:1063)
at org.testng.TestNG.run(TestNG.java:1031)
at org.testng.remote.AbstractRemoteTestNG.run(AbstractRemoteTestNG.java:115)
at org.testng.remote.RemoteTestNG.initAndRun(RemoteTestNG.java:251)
at org.testng.remote.RemoteTestNG.main(RemoteTestNG.java:77)
]]>
            </full-stacktrace>
          </exception> <!-- java.lang.AssertionError -->
          <reporter-output>
          </reporter-output>
        </test-method> <!-- certificationApproval -->
        <test-method signature="certificationApproval(java.lang.String,java.lang.String,java.lang.String)[pri:1, instance:com.maplogik.functional.ApproveCertificate@7fb95505]" started-at="2022-07-20T01:49:47 IST" name="certificationApproval" data-provider="studentIdProvider" finished-at="2022-07-20T01:49:48 IST" duration-ms="443" status="FAIL">
          <params>
            <param index="0">
              <value>
                <![CDATA[STUD0338]]>
              </value>
            </param>
            <param index="1">
              <value>
                <![CDATA[9884797870]]>
              </value>
            </param>
            <param index="2">
              <value>
                <![CDATA[./src/main/resources/certificate/certificate.pdf]]>
              </value>
            </param>
          </params>
          <exception class="java.lang.AssertionError">
            <message>
              <![CDATA[expected [true] but found [false]]]>
            </message>
            <full-stacktrace>
              <![CDATA[java.lang.AssertionError: expected [true] but found [false]
at org.testng.Assert.fail(Assert.java:99)
at org.testng.Assert.failNotEquals(Assert.java:1037)
at org.testng.Assert.assertTrue(Assert.java:45)
at org.testng.Assert.assertTrue(Assert.java:55)
at com.maplogik.functional.ApproveCertificate.certificationApproval(ApproveCertificate.java:34)
at jdk.internal.reflect.GeneratedMethodAccessor36.invoke(Unknown Source)
at java.base/jdk.internal.reflect.DelegatingMethodAccessorImpl.invoke(DelegatingMethodAccessorImpl.java:43)
at java.base/java.lang.reflect.Method.invoke(Method.java:568)
at org.testng.internal.MethodInvocationHelper.invokeMethod(MethodInvocationHelper.java:133)
at org.testng.internal.TestInvoker.invokeMethod(TestInvoker.java:598)
at org.testng.internal.TestInvoker.invokeTestMethod(TestInvoker.java:173)
at org.testng.internal.MethodRunner.runInSequence(MethodRunner.java:46)
at org.testng.internal.TestInvoker$MethodInvocationAgent.invoke(TestInvoker.java:824)
at org.testng.internal.TestInvoker.invokeTestMethods(TestInvoker.java:146)
at org.testng.internal.TestMethodWorker.invokeTestMethods(TestMethodWorker.java:146)
at org.testng.internal.TestMethodWorker.run(TestMethodWorker.java:128)
at java.base/java.util.ArrayList.forEach(ArrayList.java:1511)
at org.testng.TestRunner.privateRun(TestRunner.java:794)
at org.testng.TestRunner.run(TestRunner.java:596)
at org.testng.SuiteRunner.runTest(SuiteRunner.java:377)
at org.testng.SuiteRunner.runSequentially(SuiteRunner.java:371)
at org.testng.SuiteRunner.privateRun(SuiteRunner.java:332)
at org.testng.SuiteRunner.run(SuiteRunner.java:276)
at org.testng.SuiteRunnerWorker.runSuite(SuiteRunnerWorker.java:53)
at org.testng.SuiteRunnerWorker.run(SuiteRunnerWorker.java:96)
at org.testng.TestNG.runSuitesSequentially(TestNG.java:1212)
at org.testng.TestNG.runSuitesSequentially(TestNG.java:1207)
at org.testng.TestNG.runSuitesLocally(TestNG.java:1134)
at org.testng.TestNG.runSuites(TestNG.java:1063)
at org.testng.TestNG.run(TestNG.java:1031)
at org.testng.remote.AbstractRemoteTestNG.run(AbstractRemoteTestNG.java:115)
at org.testng.remote.RemoteTestNG.initAndRun(RemoteTestNG.java:251)
at org.testng.remote.RemoteTestNG.main(RemoteTestNG.java:77)
]]>
            </full-stacktrace>
          </exception> <!-- java.lang.AssertionError -->
          <reporter-output>
          </reporter-output>
        </test-method> <!-- certificationApproval -->
        <test-method signature="certificationApproval(java.lang.String,java.lang.String,java.lang.String)[pri:1, instance:com.maplogik.functional.ApproveCertificate@7fb95505]" started-at="2022-07-20T01:49:48 IST" name="certificationApproval" data-provider="studentIdProvider" finished-at="2022-07-20T01:49:48 IST" duration-ms="504" status="FAIL">
          <params>
            <param index="0">
              <value>
                <![CDATA[STUD0339]]>
              </value>
            </param>
            <param index="1">
              <value>
                <![CDATA[8056780626]]>
              </value>
            </param>
            <param index="2">
              <value>
                <![CDATA[./src/main/resources/certificate/certificate.pdf]]>
              </value>
            </param>
          </params>
          <exception class="java.lang.AssertionError">
            <message>
              <![CDATA[expected [true] but found [false]]]>
            </message>
            <full-stacktrace>
              <![CDATA[java.lang.AssertionError: expected [true] but found [false]
at org.testng.Assert.fail(Assert.java:99)
at org.testng.Assert.failNotEquals(Assert.java:1037)
at org.testng.Assert.assertTrue(Assert.java:45)
at org.testng.Assert.assertTrue(Assert.java:55)
at com.maplogik.functional.ApproveCertificate.certificationApproval(ApproveCertificate.java:34)
at jdk.internal.reflect.GeneratedMethodAccessor36.invoke(Unknown Source)
at java.base/jdk.internal.reflect.DelegatingMethodAccessorImpl.invoke(DelegatingMethodAccessorImpl.java:43)
at java.base/java.lang.reflect.Method.invoke(Method.java:568)
at org.testng.internal.MethodInvocationHelper.invokeMethod(MethodInvocationHelper.java:133)
at org.testng.internal.TestInvoker.invokeMethod(TestInvoker.java:598)
at org.testng.internal.TestInvoker.invokeTestMethod(TestInvoker.java:173)
at org.testng.internal.MethodRunner.runInSequence(MethodRunner.java:46)
at org.testng.internal.TestInvoker$MethodInvocationAgent.invoke(TestInvoker.java:824)
at org.testng.internal.TestInvoker.invokeTestMethods(TestInvoker.java:146)
at org.testng.internal.TestMethodWorker.invokeTestMethods(TestMethodWorker.java:146)
at org.testng.internal.TestMethodWorker.run(TestMethodWorker.java:128)
at java.base/java.util.ArrayList.forEach(ArrayList.java:1511)
at org.testng.TestRunner.privateRun(TestRunner.java:794)
at org.testng.TestRunner.run(TestRunner.java:596)
at org.testng.SuiteRunner.runTest(SuiteRunner.java:377)
at org.testng.SuiteRunner.runSequentially(SuiteRunner.java:371)
at org.testng.SuiteRunner.privateRun(SuiteRunner.java:332)
at org.testng.SuiteRunner.run(SuiteRunner.java:276)
at org.testng.SuiteRunnerWorker.runSuite(SuiteRunnerWorker.java:53)
at org.testng.SuiteRunnerWorker.run(SuiteRunnerWorker.java:96)
at org.testng.TestNG.runSuitesSequentially(TestNG.java:1212)
at org.testng.TestNG.runSuitesSequentially(TestNG.java:1207)
at org.testng.TestNG.runSuitesLocally(TestNG.java:1134)
at org.testng.TestNG.runSuites(TestNG.java:1063)
at org.testng.TestNG.run(TestNG.java:1031)
at org.testng.remote.AbstractRemoteTestNG.run(AbstractRemoteTestNG.java:115)
at org.testng.remote.RemoteTestNG.initAndRun(RemoteTestNG.java:251)
at org.testng.remote.RemoteTestNG.main(RemoteTestNG.java:77)
]]>
            </full-stacktrace>
          </exception> <!-- java.lang.AssertionError -->
          <reporter-output>
          </reporter-output>
        </test-method> <!-- certificationApproval -->
        <test-method signature="certificationApproval(java.lang.String,java.lang.String,java.lang.String)[pri:1, instance:com.maplogik.functional.ApproveCertificate@7fb95505]" started-at="2022-07-20T01:49:49 IST" name="certificationApproval" data-provider="studentIdProvider" finished-at="2022-07-20T01:49:49 IST" duration-ms="452" status="FAIL">
          <params>
            <param index="0">
              <value>
                <![CDATA[STUD0340]]>
              </value>
            </param>
            <param index="1">
              <value>
                <![CDATA[9894422627]]>
              </value>
            </param>
            <param index="2">
              <value>
                <![CDATA[./src/main/resources/certificate/certificate.pdf]]>
              </value>
            </param>
          </params>
          <exception class="java.lang.AssertionError">
            <message>
              <![CDATA[expected [true] but found [false]]]>
            </message>
            <full-stacktrace>
              <![CDATA[java.lang.AssertionError: expected [true] but found [false]
at org.testng.Assert.fail(Assert.java:99)
at org.testng.Assert.failNotEquals(Assert.java:1037)
at org.testng.Assert.assertTrue(Assert.java:45)
at org.testng.Assert.assertTrue(Assert.java:55)
at com.maplogik.functional.ApproveCertificate.certificationApproval(ApproveCertificate.java:34)
at jdk.internal.reflect.GeneratedMethodAccessor36.invoke(Unknown Source)
at java.base/jdk.internal.reflect.DelegatingMethodAccessorImpl.invoke(DelegatingMethodAccessorImpl.java:43)
at java.base/java.lang.reflect.Method.invoke(Method.java:568)
at org.testng.internal.MethodInvocationHelper.invokeMethod(MethodInvocationHelper.java:133)
at org.testng.internal.TestInvoker.invokeMethod(TestInvoker.java:598)
at org.testng.internal.TestInvoker.invokeTestMethod(TestInvoker.java:173)
at org.testng.internal.MethodRunner.runInSequence(MethodRunner.java:46)
at org.testng.internal.TestInvoker$MethodInvocationAgent.invoke(TestInvoker.java:824)
at org.testng.internal.TestInvoker.invokeTestMethods(TestInvoker.java:146)
at org.testng.internal.TestMethodWorker.invokeTestMethods(TestMethodWorker.java:146)
at org.testng.internal.TestMethodWorker.run(TestMethodWorker.java:128)
at java.base/java.util.ArrayList.forEach(ArrayList.java:1511)
at org.testng.TestRunner.privateRun(TestRunner.java:794)
at org.testng.TestRunner.run(TestRunner.java:596)
at org.testng.SuiteRunner.runTest(SuiteRunner.java:377)
at org.testng.SuiteRunner.runSequentially(SuiteRunner.java:371)
at org.testng.SuiteRunner.privateRun(SuiteRunner.java:332)
at org.testng.SuiteRunner.run(SuiteRunner.java:276)
at org.testng.SuiteRunnerWorker.runSuite(SuiteRunnerWorker.java:53)
at org.testng.SuiteRunnerWorker.run(SuiteRunnerWorker.java:96)
at org.testng.TestNG.runSuitesSequentially(TestNG.java:1212)
at org.testng.TestNG.runSuitesSequentially(TestNG.java:1207)
at org.testng.TestNG.runSuitesLocally(TestNG.java:1134)
at org.testng.TestNG.runSuites(TestNG.java:1063)
at org.testng.TestNG.run(TestNG.java:1031)
at org.testng.remote.AbstractRemoteTestNG.run(AbstractRemoteTestNG.java:115)
at org.testng.remote.RemoteTestNG.initAndRun(RemoteTestNG.java:251)
at org.testng.remote.RemoteTestNG.main(RemoteTestNG.java:77)
]]>
            </full-stacktrace>
          </exception> <!-- java.lang.AssertionError -->
          <reporter-output>
          </reporter-output>
        </test-method> <!-- certificationApproval -->
        <test-method signature="certificationApproval(java.lang.String,java.lang.String,java.lang.String)[pri:1, instance:com.maplogik.functional.ApproveCertificate@7fb95505]" started-at="2022-07-20T01:49:49 IST" name="certificationApproval" data-provider="studentIdProvider" finished-at="2022-07-20T01:49:50 IST" duration-ms="437" status="FAIL">
          <params>
            <param index="0">
              <value>
                <![CDATA[STUD0341]]>
              </value>
            </param>
            <param index="1">
              <value>
                <![CDATA[9840249945]]>
              </value>
            </param>
            <param index="2">
              <value>
                <![CDATA[./src/main/resources/certificate/certificate.pdf]]>
              </value>
            </param>
          </params>
          <exception class="java.lang.AssertionError">
            <message>
              <![CDATA[expected [true] but found [false]]]>
            </message>
            <full-stacktrace>
              <![CDATA[java.lang.AssertionError: expected [true] but found [false]
at org.testng.Assert.fail(Assert.java:99)
at org.testng.Assert.failNotEquals(Assert.java:1037)
at org.testng.Assert.assertTrue(Assert.java:45)
at org.testng.Assert.assertTrue(Assert.java:55)
at com.maplogik.functional.ApproveCertificate.certificationApproval(ApproveCertificate.java:34)
at jdk.internal.reflect.GeneratedMethodAccessor36.invoke(Unknown Source)
at java.base/jdk.internal.reflect.DelegatingMethodAccessorImpl.invoke(DelegatingMethodAccessorImpl.java:43)
at java.base/java.lang.reflect.Method.invoke(Method.java:568)
at org.testng.internal.MethodInvocationHelper.invokeMethod(MethodInvocationHelper.java:133)
at org.testng.internal.TestInvoker.invokeMethod(TestInvoker.java:598)
at org.testng.internal.TestInvoker.invokeTestMethod(TestInvoker.java:173)
at org.testng.internal.MethodRunner.runInSequence(MethodRunner.java:46)
at org.testng.internal.TestInvoker$MethodInvocationAgent.invoke(TestInvoker.java:824)
at org.testng.internal.TestInvoker.invokeTestMethods(TestInvoker.java:146)
at org.testng.internal.TestMethodWorker.invokeTestMethods(TestMethodWorker.java:146)
at org.testng.internal.TestMethodWorker.run(TestMethodWorker.java:128)
at java.base/java.util.ArrayList.forEach(ArrayList.java:1511)
at org.testng.TestRunner.privateRun(TestRunner.java:794)
at org.testng.TestRunner.run(TestRunner.java:596)
at org.testng.SuiteRunner.runTest(SuiteRunner.java:377)
at org.testng.SuiteRunner.runSequentially(SuiteRunner.java:371)
at org.testng.SuiteRunner.privateRun(SuiteRunner.java:332)
at org.testng.SuiteRunner.run(SuiteRunner.java:276)
at org.testng.SuiteRunnerWorker.runSuite(SuiteRunnerWorker.java:53)
at org.testng.SuiteRunnerWorker.run(SuiteRunnerWorker.java:96)
at org.testng.TestNG.runSuitesSequentially(TestNG.java:1212)
at org.testng.TestNG.runSuitesSequentially(TestNG.java:1207)
at org.testng.TestNG.runSuitesLocally(TestNG.java:1134)
at org.testng.TestNG.runSuites(TestNG.java:1063)
at org.testng.TestNG.run(TestNG.java:1031)
at org.testng.remote.AbstractRemoteTestNG.run(AbstractRemoteTestNG.java:115)
at org.testng.remote.RemoteTestNG.initAndRun(RemoteTestNG.java:251)
at org.testng.remote.RemoteTestNG.main(RemoteTestNG.java:77)
]]>
            </full-stacktrace>
          </exception> <!-- java.lang.AssertionError -->
          <reporter-output>
          </reporter-output>
        </test-method> <!-- certificationApproval -->
        <test-method signature="certificationApproval(java.lang.String,java.lang.String,java.lang.String)[pri:1, instance:com.maplogik.functional.ApproveCertificate@7fb95505]" started-at="2022-07-20T01:49:50 IST" name="certificationApproval" data-provider="studentIdProvider" finished-at="2022-07-20T01:49:50 IST" duration-ms="457" status="FAIL">
          <params>
            <param index="0">
              <value>
                <![CDATA[STUD0342]]>
              </value>
            </param>
            <param index="1">
              <value>
                <![CDATA[7397469468]]>
              </value>
            </param>
            <param index="2">
              <value>
                <![CDATA[./src/main/resources/certificate/certificate.pdf]]>
              </value>
            </param>
          </params>
          <exception class="java.lang.AssertionError">
            <message>
              <![CDATA[expected [true] but found [false]]]>
            </message>
            <full-stacktrace>
              <![CDATA[java.lang.AssertionError: expected [true] but found [false]
at org.testng.Assert.fail(Assert.java:99)
at org.testng.Assert.failNotEquals(Assert.java:1037)
at org.testng.Assert.assertTrue(Assert.java:45)
at org.testng.Assert.assertTrue(Assert.java:55)
at com.maplogik.functional.ApproveCertificate.certificationApproval(ApproveCertificate.java:34)
at jdk.internal.reflect.GeneratedMethodAccessor36.invoke(Unknown Source)
at java.base/jdk.internal.reflect.DelegatingMethodAccessorImpl.invoke(DelegatingMethodAccessorImpl.java:43)
at java.base/java.lang.reflect.Method.invoke(Method.java:568)
at org.testng.internal.MethodInvocationHelper.invokeMethod(MethodInvocationHelper.java:133)
at org.testng.internal.TestInvoker.invokeMethod(TestInvoker.java:598)
at org.testng.internal.TestInvoker.invokeTestMethod(TestInvoker.java:173)
at org.testng.internal.MethodRunner.runInSequence(MethodRunner.java:46)
at org.testng.internal.TestInvoker$MethodInvocationAgent.invoke(TestInvoker.java:824)
at org.testng.internal.TestInvoker.invokeTestMethods(TestInvoker.java:146)
at org.testng.internal.TestMethodWorker.invokeTestMethods(TestMethodWorker.java:146)
at org.testng.internal.TestMethodWorker.run(TestMethodWorker.java:128)
at java.base/java.util.ArrayList.forEach(ArrayList.java:1511)
at org.testng.TestRunner.privateRun(TestRunner.java:794)
at org.testng.TestRunner.run(TestRunner.java:596)
at org.testng.SuiteRunner.runTest(SuiteRunner.java:377)
at org.testng.SuiteRunner.runSequentially(SuiteRunner.java:371)
at org.testng.SuiteRunner.privateRun(SuiteRunner.java:332)
at org.testng.SuiteRunner.run(SuiteRunner.java:276)
at org.testng.SuiteRunnerWorker.runSuite(SuiteRunnerWorker.java:53)
at org.testng.SuiteRunnerWorker.run(SuiteRunnerWorker.java:96)
at org.testng.TestNG.runSuitesSequentially(TestNG.java:1212)
at org.testng.TestNG.runSuitesSequentially(TestNG.java:1207)
at org.testng.TestNG.runSuitesLocally(TestNG.java:1134)
at org.testng.TestNG.runSuites(TestNG.java:1063)
at org.testng.TestNG.run(TestNG.java:1031)
at org.testng.remote.AbstractRemoteTestNG.run(AbstractRemoteTestNG.java:115)
at org.testng.remote.RemoteTestNG.initAndRun(RemoteTestNG.java:251)
at org.testng.remote.RemoteTestNG.main(RemoteTestNG.java:77)
]]>
            </full-stacktrace>
          </exception> <!-- java.lang.AssertionError -->
          <reporter-output>
          </reporter-output>
        </test-method> <!-- certificationApproval -->
        <test-method signature="certificationApproval(java.lang.String,java.lang.String,java.lang.String)[pri:1, instance:com.maplogik.functional.ApproveCertificate@7fb95505]" started-at="2022-07-20T01:49:50 IST" name="certificationApproval" data-provider="studentIdProvider" finished-at="2022-07-20T01:49:51 IST" duration-ms="453" status="FAIL">
          <params>
            <param index="0">
              <value>
                <![CDATA[STUD0343]]>
              </value>
            </param>
            <param index="1">
              <value>
                <![CDATA[8610835007]]>
              </value>
            </param>
            <param index="2">
              <value>
                <![CDATA[./src/main/resources/certificate/certificate.pdf]]>
              </value>
            </param>
          </params>
          <exception class="java.lang.AssertionError">
            <message>
              <![CDATA[expected [true] but found [false]]]>
            </message>
            <full-stacktrace>
              <![CDATA[java.lang.AssertionError: expected [true] but found [false]
at org.testng.Assert.fail(Assert.java:99)
at org.testng.Assert.failNotEquals(Assert.java:1037)
at org.testng.Assert.assertTrue(Assert.java:45)
at org.testng.Assert.assertTrue(Assert.java:55)
at com.maplogik.functional.ApproveCertificate.certificationApproval(ApproveCertificate.java:34)
at jdk.internal.reflect.GeneratedMethodAccessor36.invoke(Unknown Source)
at java.base/jdk.internal.reflect.DelegatingMethodAccessorImpl.invoke(DelegatingMethodAccessorImpl.java:43)
at java.base/java.lang.reflect.Method.invoke(Method.java:568)
at org.testng.internal.MethodInvocationHelper.invokeMethod(MethodInvocationHelper.java:133)
at org.testng.internal.TestInvoker.invokeMethod(TestInvoker.java:598)
at org.testng.internal.TestInvoker.invokeTestMethod(TestInvoker.java:173)
at org.testng.internal.MethodRunner.runInSequence(MethodRunner.java:46)
at org.testng.internal.TestInvoker$MethodInvocationAgent.invoke(TestInvoker.java:824)
at org.testng.internal.TestInvoker.invokeTestMethods(TestInvoker.java:146)
at org.testng.internal.TestMethodWorker.invokeTestMethods(TestMethodWorker.java:146)
at org.testng.internal.TestMethodWorker.run(TestMethodWorker.java:128)
at java.base/java.util.ArrayList.forEach(ArrayList.java:1511)
at org.testng.TestRunner.privateRun(TestRunner.java:794)
at org.testng.TestRunner.run(TestRunner.java:596)
at org.testng.SuiteRunner.runTest(SuiteRunner.java:377)
at org.testng.SuiteRunner.runSequentially(SuiteRunner.java:371)
at org.testng.SuiteRunner.privateRun(SuiteRunner.java:332)
at org.testng.SuiteRunner.run(SuiteRunner.java:276)
at org.testng.SuiteRunnerWorker.runSuite(SuiteRunnerWorker.java:53)
at org.testng.SuiteRunnerWorker.run(SuiteRunnerWorker.java:96)
at org.testng.TestNG.runSuitesSequentially(TestNG.java:1212)
at org.testng.TestNG.runSuitesSequentially(TestNG.java:1207)
at org.testng.TestNG.runSuitesLocally(TestNG.java:1134)
at org.testng.TestNG.runSuites(TestNG.java:1063)
at org.testng.TestNG.run(TestNG.java:1031)
at org.testng.remote.AbstractRemoteTestNG.run(AbstractRemoteTestNG.java:115)
at org.testng.remote.RemoteTestNG.initAndRun(RemoteTestNG.java:251)
at org.testng.remote.RemoteTestNG.main(RemoteTestNG.java:77)
]]>
            </full-stacktrace>
          </exception> <!-- java.lang.AssertionError -->
          <reporter-output>
          </reporter-output>
        </test-method> <!-- certificationApproval -->
        <test-method is-config="true" signature="tearDown()[pri:0, instance:com.maplogik.functional.ApproveCertificate@7fb95505]" started-at="2022-07-20T01:49:51 IST" name="tearDown" finished-at="2022-07-20T01:49:51 IST" duration-ms="315" status="PASS">
          <reporter-output>
          </reporter-output>
        </test-method> <!-- tearDown -->
      </class> <!-- com.maplogik.functional.ApproveCertificate -->
    </test> <!-- approve -->
  </suite> <!-- Suite (1) -->
  <suite started-at="2022-07-20T01:48:52 IST" name="Suite (0)" finished-at="2022-07-20T01:49:16 IST" duration-ms="24129">
    <groups>
    </groups>
    <test started-at="2022-07-20T01:48:52 IST" name="beforeScreenshot" finished-at="2022-07-20T01:49:16 IST" duration-ms="24129">
      <class name="com.maplogik.functional.BeforeUpdateScreenShot">
        <test-method is-config="true" signature="openBrowser()[pri:0, instance:com.maplogik.functional.BeforeUpdateScreenShot@632ceb35]" started-at="2022-07-20T01:48:52 IST" name="openBrowser" finished-at="2022-07-20T01:48:56 IST" duration-ms="4400" status="PASS">
          <reporter-output>
          </reporter-output>
        </test-method> <!-- openBrowser -->
        <test-method signature="beforeScreenShot(java.lang.String,java.lang.String,java.lang.String)[pri:0, instance:com.maplogik.functional.BeforeUpdateScreenShot@632ceb35]" started-at="2022-07-20T01:48:58 IST" name="beforeScreenShot" data-provider="studentIdProvider" finished-at="2022-07-20T01:48:59 IST" duration-ms="1317" status="PASS">
          <params>
            <param index="0">
              <value>
                <![CDATA[STUD0301]]>
              </value>
            </param>
            <param index="1">
              <value>
                <![CDATA[9500012608]]>
              </value>
            </param>
            <param index="2">
              <value>
                <![CDATA[./src/main/resources/certificate/certificate.pdf]]>
              </value>
            </param>
          </params>
          <reporter-output>
          </reporter-output>
        </test-method> <!-- beforeScreenShot -->
        <test-method signature="beforeScreenShot(java.lang.String,java.lang.String,java.lang.String)[pri:0, instance:com.maplogik.functional.BeforeUpdateScreenShot@632ceb35]" started-at="2022-07-20T01:48:59 IST" name="beforeScreenShot" data-provider="studentIdProvider" finished-at="2022-07-20T01:48:59 IST" duration-ms="394" status="PASS">
          <params>
            <param index="0">
              <value>
                <![CDATA[STUD0302]]>
              </value>
            </param>
            <param index="1">
              <value>
                <![CDATA[9444301442]]>
              </value>
            </param>
            <param index="2">
              <value>
                <![CDATA[./src/main/resources/certificate/certificate.pdf]]>
              </value>
            </param>
          </params>
          <reporter-output>
          </reporter-output>
        </test-method> <!-- beforeScreenShot -->
        <test-method signature="beforeScreenShot(java.lang.String,java.lang.String,java.lang.String)[pri:0, instance:com.maplogik.functional.BeforeUpdateScreenShot@632ceb35]" started-at="2022-07-20T01:48:59 IST" name="beforeScreenShot" data-provider="studentIdProvider" finished-at="2022-07-20T01:49:00 IST" duration-ms="385" status="PASS">
          <params>
            <param index="0">
              <value>
                <![CDATA[STUD0303]]>
              </value>
            </param>
            <param index="1">
              <value>
                <![CDATA[9751759461]]>
              </value>
            </param>
            <param index="2">
              <value>
                <![CDATA[./src/main/resources/certificate/certificate.pdf]]>
              </value>
            </param>
          </params>
          <reporter-output>
          </reporter-output>
        </test-method> <!-- beforeScreenShot -->
        <test-method signature="beforeScreenShot(java.lang.String,java.lang.String,java.lang.String)[pri:0, instance:com.maplogik.functional.BeforeUpdateScreenShot@632ceb35]" started-at="2022-07-20T01:49:00 IST" name="beforeScreenShot" data-provider="studentIdProvider" finished-at="2022-07-20T01:49:00 IST" duration-ms="380" status="PASS">
          <params>
            <param index="0">
              <value>
                <![CDATA[STUD0304]]>
              </value>
            </param>
            <param index="1">
              <value>
                <![CDATA[9840131115]]>
              </value>
            </param>
            <param index="2">
              <value>
                <![CDATA[./src/main/resources/certificate/certificate.pdf]]>
              </value>
            </param>
          </params>
          <reporter-output>
          </reporter-output>
        </test-method> <!-- beforeScreenShot -->
        <test-method signature="beforeScreenShot(java.lang.String,java.lang.String,java.lang.String)[pri:0, instance:com.maplogik.functional.BeforeUpdateScreenShot@632ceb35]" started-at="2022-07-20T01:49:00 IST" name="beforeScreenShot" data-provider="studentIdProvider" finished-at="2022-07-20T01:49:01 IST" duration-ms="377" status="PASS">
          <params>
            <param index="0">
              <value>
                <![CDATA[STUD0305]]>
              </value>
            </param>
            <param index="1">
              <value>
                <![CDATA[9962545006]]>
              </value>
            </param>
            <param index="2">
              <value>
                <![CDATA[./src/main/resources/certificate/certificate.pdf]]>
              </value>
            </param>
          </params>
          <reporter-output>
          </reporter-output>
        </test-method> <!-- beforeScreenShot -->
        <test-method signature="beforeScreenShot(java.lang.String,java.lang.String,java.lang.String)[pri:0, instance:com.maplogik.functional.BeforeUpdateScreenShot@632ceb35]" started-at="2022-07-20T01:49:01 IST" name="beforeScreenShot" data-provider="studentIdProvider" finished-at="2022-07-20T01:49:01 IST" duration-ms="371" status="PASS">
          <params>
            <param index="0">
              <value>
                <![CDATA[STUD0306]]>
              </value>
            </param>
            <param index="1">
              <value>
                <![CDATA[9962276410]]>
              </value>
            </param>
            <param index="2">
              <value>
                <![CDATA[./src/main/resources/certificate/certificate.pdf]]>
              </value>
            </param>
          </params>
          <reporter-output>
          </reporter-output>
        </test-method> <!-- beforeScreenShot -->
        <test-method signature="beforeScreenShot(java.lang.String,java.lang.String,java.lang.String)[pri:0, instance:com.maplogik.functional.BeforeUpdateScreenShot@632ceb35]" started-at="2022-07-20T01:49:01 IST" name="beforeScreenShot" data-provider="studentIdProvider" finished-at="2022-07-20T01:49:01 IST" duration-ms="445" status="PASS">
          <params>
            <param index="0">
              <value>
                <![CDATA[STUD0307]]>
              </value>
            </param>
            <param index="1">
              <value>
                <![CDATA[9108088142]]>
              </value>
            </param>
            <param index="2">
              <value>
                <![CDATA[./src/main/resources/certificate/certificate.pdf]]>
              </value>
            </param>
          </params>
          <reporter-output>
          </reporter-output>
        </test-method> <!-- beforeScreenShot -->
        <test-method signature="beforeScreenShot(java.lang.String,java.lang.String,java.lang.String)[pri:0, instance:com.maplogik.functional.BeforeUpdateScreenShot@632ceb35]" started-at="2022-07-20T01:49:01 IST" name="beforeScreenShot" data-provider="studentIdProvider" finished-at="2022-07-20T01:49:02 IST" duration-ms="381" status="PASS">
          <params>
            <param index="0">
              <value>
                <![CDATA[STUD0308]]>
              </value>
            </param>
            <param index="1">
              <value>
                <![CDATA[9597051047]]>
              </value>
            </param>
            <param index="2">
              <value>
                <![CDATA[./src/main/resources/certificate/certificate.pdf]]>
              </value>
            </param>
          </params>
          <reporter-output>
          </reporter-output>
        </test-method> <!-- beforeScreenShot -->
        <test-method signature="beforeScreenShot(java.lang.String,java.lang.String,java.lang.String)[pri:0, instance:com.maplogik.functional.BeforeUpdateScreenShot@632ceb35]" started-at="2022-07-20T01:49:02 IST" name="beforeScreenShot" data-provider="studentIdProvider" finished-at="2022-07-20T01:49:02 IST" duration-ms="366" status="PASS">
          <params>
            <param index="0">
              <value>
                <![CDATA[STUD0309]]>
              </value>
            </param>
            <param index="1">
              <value>
                <![CDATA[9597051047]]>
              </value>
            </param>
            <param index="2">
              <value>
                <![CDATA[./src/main/resources/certificate/certificate.pdf]]>
              </value>
            </param>
          </params>
          <reporter-output>
          </reporter-output>
        </test-method> <!-- beforeScreenShot -->
        <test-method signature="beforeScreenShot(java.lang.String,java.lang.String,java.lang.String)[pri:0, instance:com.maplogik.functional.BeforeUpdateScreenShot@632ceb35]" started-at="2022-07-20T01:49:02 IST" name="beforeScreenShot" data-provider="studentIdProvider" finished-at="2022-07-20T01:49:03 IST" duration-ms="365" status="PASS">
          <params>
            <param index="0">
              <value>
                <![CDATA[STUD0310]]>
              </value>
            </param>
            <param index="1">
              <value>
                <![CDATA[9840255396]]>
              </value>
            </param>
            <param index="2">
              <value>
                <![CDATA[./src/main/resources/certificate/certificate.pdf]]>
              </value>
            </param>
          </params>
          <reporter-output>
          </reporter-output>
        </test-method> <!-- beforeScreenShot -->
        <test-method signature="beforeScreenShot(java.lang.String,java.lang.String,java.lang.String)[pri:0, instance:com.maplogik.functional.BeforeUpdateScreenShot@632ceb35]" started-at="2022-07-20T01:49:03 IST" name="beforeScreenShot" data-provider="studentIdProvider" finished-at="2022-07-20T01:49:03 IST" duration-ms="362" status="PASS">
          <params>
            <param index="0">
              <value>
                <![CDATA[STUD0311]]>
              </value>
            </param>
            <param index="1">
              <value>
                <![CDATA[9840255396]]>
              </value>
            </param>
            <param index="2">
              <value>
                <![CDATA[./src/main/resources/certificate/certificate.pdf]]>
              </value>
            </param>
          </params>
          <reporter-output>
          </reporter-output>
        </test-method> <!-- beforeScreenShot -->
        <test-method signature="beforeScreenShot(java.lang.String,java.lang.String,java.lang.String)[pri:0, instance:com.maplogik.functional.BeforeUpdateScreenShot@632ceb35]" started-at="2022-07-20T01:49:03 IST" name="beforeScreenShot" data-provider="studentIdProvider" finished-at="2022-07-20T01:49:03 IST" duration-ms="367" status="PASS">
          <params>
            <param index="0">
              <value>
                <![CDATA[STUD0312]]>
              </value>
            </param>
            <param index="1">
              <value>
                <![CDATA[9940039568]]>
              </value>
            </param>
            <param index="2">
              <value>
                <![CDATA[./src/main/resources/certificate/certificate.pdf]]>
              </value>
            </param>
          </params>
          <reporter-output>
          </reporter-output>
        </test-method> <!-- beforeScreenShot -->
        <test-method signature="beforeScreenShot(java.lang.String,java.lang.String,java.lang.String)[pri:0, instance:com.maplogik.functional.BeforeUpdateScreenShot@632ceb35]" started-at="2022-07-20T01:49:03 IST" name="beforeScreenShot" data-provider="studentIdProvider" finished-at="2022-07-20T01:49:04 IST" duration-ms="355" status="PASS">
          <params>
            <param index="0">
              <value>
                <![CDATA[STUD0313]]>
              </value>
            </param>
            <param index="1">
              <value>
                <![CDATA[9841980031]]>
              </value>
            </param>
            <param index="2">
              <value>
                <![CDATA[./src/main/resources/certificate/certificate.pdf]]>
              </value>
            </param>
          </params>
          <reporter-output>
          </reporter-output>
        </test-method> <!-- beforeScreenShot -->
        <test-method signature="beforeScreenShot(java.lang.String,java.lang.String,java.lang.String)[pri:0, instance:com.maplogik.functional.BeforeUpdateScreenShot@632ceb35]" started-at="2022-07-20T01:49:04 IST" name="beforeScreenShot" data-provider="studentIdProvider" finished-at="2022-07-20T01:49:04 IST" duration-ms="355" status="PASS">
          <params>
            <param index="0">
              <value>
                <![CDATA[STUD0314]]>
              </value>
            </param>
            <param index="1">
              <value>
                <![CDATA[9940073119]]>
              </value>
            </param>
            <param index="2">
              <value>
                <![CDATA[./src/main/resources/certificate/certificate.pdf]]>
              </value>
            </param>
          </params>
          <reporter-output>
          </reporter-output>
        </test-method> <!-- beforeScreenShot -->
        <test-method signature="beforeScreenShot(java.lang.String,java.lang.String,java.lang.String)[pri:0, instance:com.maplogik.functional.BeforeUpdateScreenShot@632ceb35]" started-at="2022-07-20T01:49:04 IST" name="beforeScreenShot" data-provider="studentIdProvider" finished-at="2022-07-20T01:49:04 IST" duration-ms="422" status="PASS">
          <params>
            <param index="0">
              <value>
                <![CDATA[STUD0315]]>
              </value>
            </param>
            <param index="1">
              <value>
                <![CDATA[8667853818]]>
              </value>
            </param>
            <param index="2">
              <value>
                <![CDATA[./src/main/resources/certificate/certificate.pdf]]>
              </value>
            </param>
          </params>
          <reporter-output>
          </reporter-output>
        </test-method> <!-- beforeScreenShot -->
        <test-method signature="beforeScreenShot(java.lang.String,java.lang.String,java.lang.String)[pri:0, instance:com.maplogik.functional.BeforeUpdateScreenShot@632ceb35]" started-at="2022-07-20T01:49:04 IST" name="beforeScreenShot" data-provider="studentIdProvider" finished-at="2022-07-20T01:49:05 IST" duration-ms="354" status="PASS">
          <params>
            <param index="0">
              <value>
                <![CDATA[STUD0316]]>
              </value>
            </param>
            <param index="1">
              <value>
                <![CDATA[9884949490]]>
              </value>
            </param>
            <param index="2">
              <value>
                <![CDATA[./src/main/resources/certificate/certificate.pdf]]>
              </value>
            </param>
          </params>
          <reporter-output>
          </reporter-output>
        </test-method> <!-- beforeScreenShot -->
        <test-method signature="beforeScreenShot(java.lang.String,java.lang.String,java.lang.String)[pri:0, instance:com.maplogik.functional.BeforeUpdateScreenShot@632ceb35]" started-at="2022-07-20T01:49:05 IST" name="beforeScreenShot" data-provider="studentIdProvider" finished-at="2022-07-20T01:49:05 IST" duration-ms="350" status="PASS">
          <params>
            <param index="0">
              <value>
                <![CDATA[STUD0317]]>
              </value>
            </param>
            <param index="1">
              <value>
                <![CDATA[8056033783]]>
              </value>
            </param>
            <param index="2">
              <value>
                <![CDATA[./src/main/resources/certificate/certificate.pdf]]>
              </value>
            </param>
          </params>
          <reporter-output>
          </reporter-output>
        </test-method> <!-- beforeScreenShot -->
        <test-method signature="beforeScreenShot(java.lang.String,java.lang.String,java.lang.String)[pri:0, instance:com.maplogik.functional.BeforeUpdateScreenShot@632ceb35]" started-at="2022-07-20T01:49:05 IST" name="beforeScreenShot" data-provider="studentIdProvider" finished-at="2022-07-20T01:49:05 IST" duration-ms="353" status="PASS">
          <params>
            <param index="0">
              <value>
                <![CDATA[STUD0318]]>
              </value>
            </param>
            <param index="1">
              <value>
                <![CDATA[9363356668]]>
              </value>
            </param>
            <param index="2">
              <value>
                <![CDATA[./src/main/resources/certificate/certificate.pdf]]>
              </value>
            </param>
          </params>
          <reporter-output>
          </reporter-output>
        </test-method> <!-- beforeScreenShot -->
        <test-method signature="beforeScreenShot(java.lang.String,java.lang.String,java.lang.String)[pri:0, instance:com.maplogik.functional.BeforeUpdateScreenShot@632ceb35]" started-at="2022-07-20T01:49:05 IST" name="beforeScreenShot" data-provider="studentIdProvider" finished-at="2022-07-20T01:49:06 IST" duration-ms="364" status="PASS">
          <params>
            <param index="0">
              <value>
                <![CDATA[STUD0319]]>
              </value>
            </param>
            <param index="1">
              <value>
                <![CDATA[9994131429]]>
              </value>
            </param>
            <param index="2">
              <value>
                <![CDATA[./src/main/resources/certificate/certificate.pdf]]>
              </value>
            </param>
          </params>
          <reporter-output>
          </reporter-output>
        </test-method> <!-- beforeScreenShot -->
        <test-method signature="beforeScreenShot(java.lang.String,java.lang.String,java.lang.String)[pri:0, instance:com.maplogik.functional.BeforeUpdateScreenShot@632ceb35]" started-at="2022-07-20T01:49:06 IST" name="beforeScreenShot" data-provider="studentIdProvider" finished-at="2022-07-20T01:49:06 IST" duration-ms="371" status="PASS">
          <params>
            <param index="0">
              <value>
                <![CDATA[STUD0320]]>
              </value>
            </param>
            <param index="1">
              <value>
                <![CDATA[9444205205]]>
              </value>
            </param>
            <param index="2">
              <value>
                <![CDATA[./src/main/resources/certificate/certificate.pdf]]>
              </value>
            </param>
          </params>
          <reporter-output>
          </reporter-output>
        </test-method> <!-- beforeScreenShot -->
        <test-method signature="beforeScreenShot(java.lang.String,java.lang.String,java.lang.String)[pri:0, instance:com.maplogik.functional.BeforeUpdateScreenShot@632ceb35]" started-at="2022-07-20T01:49:06 IST" name="beforeScreenShot" data-provider="studentIdProvider" finished-at="2022-07-20T01:49:07 IST" duration-ms="362" status="PASS">
          <params>
            <param index="0">
              <value>
                <![CDATA[STUD0321]]>
              </value>
            </param>
            <param index="1">
              <value>
                <![CDATA[9884246146]]>
              </value>
            </param>
            <param index="2">
              <value>
                <![CDATA[./src/main/resources/certificate/certificate.pdf]]>
              </value>
            </param>
          </params>
          <reporter-output>
          </reporter-output>
        </test-method> <!-- beforeScreenShot -->
        <test-method signature="beforeScreenShot(java.lang.String,java.lang.String,java.lang.String)[pri:0, instance:com.maplogik.functional.BeforeUpdateScreenShot@632ceb35]" started-at="2022-07-20T01:49:07 IST" name="beforeScreenShot" data-provider="studentIdProvider" finished-at="2022-07-20T01:49:07 IST" duration-ms="343" status="PASS">
          <params>
            <param index="0">
              <value>
                <![CDATA[STUD0322]]>
              </value>
            </param>
            <param index="1">
              <value>
                <![CDATA[9500012608]]>
              </value>
            </param>
            <param index="2">
              <value>
                <![CDATA[./src/main/resources/certificate/certificate.pdf]]>
              </value>
            </param>
          </params>
          <reporter-output>
          </reporter-output>
        </test-method> <!-- beforeScreenShot -->
        <test-method signature="beforeScreenShot(java.lang.String,java.lang.String,java.lang.String)[pri:0, instance:com.maplogik.functional.BeforeUpdateScreenShot@632ceb35]" started-at="2022-07-20T01:49:07 IST" name="beforeScreenShot" data-provider="studentIdProvider" finished-at="2022-07-20T01:49:07 IST" duration-ms="349" status="PASS">
          <params>
            <param index="0">
              <value>
                <![CDATA[STUD0323]]>
              </value>
            </param>
            <param index="1">
              <value>
                <![CDATA[9444301442]]>
              </value>
            </param>
            <param index="2">
              <value>
                <![CDATA[./src/main/resources/certificate/certificate.pdf]]>
              </value>
            </param>
          </params>
          <reporter-output>
          </reporter-output>
        </test-method> <!-- beforeScreenShot -->
        <test-method signature="beforeScreenShot(java.lang.String,java.lang.String,java.lang.String)[pri:0, instance:com.maplogik.functional.BeforeUpdateScreenShot@632ceb35]" started-at="2022-07-20T01:49:07 IST" name="beforeScreenShot" data-provider="studentIdProvider" finished-at="2022-07-20T01:49:08 IST" duration-ms="372" status="PASS">
          <params>
            <param index="0">
              <value>
                <![CDATA[STUD0324]]>
              </value>
            </param>
            <param index="1">
              <value>
                <![CDATA[9176702468]]>
              </value>
            </param>
            <param index="2">
              <value>
                <![CDATA[./src/main/resources/certificate/certificate.pdf]]>
              </value>
            </param>
          </params>
          <reporter-output>
          </reporter-output>
        </test-method> <!-- beforeScreenShot -->
        <test-method signature="beforeScreenShot(java.lang.String,java.lang.String,java.lang.String)[pri:0, instance:com.maplogik.functional.BeforeUpdateScreenShot@632ceb35]" started-at="2022-07-20T01:49:08 IST" name="beforeScreenShot" data-provider="studentIdProvider" finished-at="2022-07-20T01:49:08 IST" duration-ms="364" status="PASS">
          <params>
            <param index="0">
              <value>
                <![CDATA[STUD0325]]>
              </value>
            </param>
            <param index="1">
              <value>
                <![CDATA[8754567710]]>
              </value>
            </param>
            <param index="2">
              <value>
                <![CDATA[./src/main/resources/certificate/certificate.pdf]]>
              </value>
            </param>
          </params>
          <reporter-output>
          </reporter-output>
        </test-method> <!-- beforeScreenShot -->
        <test-method signature="beforeScreenShot(java.lang.String,java.lang.String,java.lang.String)[pri:0, instance:com.maplogik.functional.BeforeUpdateScreenShot@632ceb35]" started-at="2022-07-20T01:49:08 IST" name="beforeScreenShot" data-provider="studentIdProvider" finished-at="2022-07-20T01:49:08 IST" duration-ms="343" status="PASS">
          <params>
            <param index="0">
              <value>
                <![CDATA[STUD0326]]>
              </value>
            </param>
            <param index="1">
              <value>
                <![CDATA[9442500837]]>
              </value>
            </param>
            <param index="2">
              <value>
                <![CDATA[./src/main/resources/certificate/certificate.pdf]]>
              </value>
            </param>
          </params>
          <reporter-output>
          </reporter-output>
        </test-method> <!-- beforeScreenShot -->
        <test-method signature="beforeScreenShot(java.lang.String,java.lang.String,java.lang.String)[pri:0, instance:com.maplogik.functional.BeforeUpdateScreenShot@632ceb35]" started-at="2022-07-20T01:49:08 IST" name="beforeScreenShot" data-provider="studentIdProvider" finished-at="2022-07-20T01:49:09 IST" duration-ms="372" status="PASS">
          <params>
            <param index="0">
              <value>
                <![CDATA[STUD0327]]>
              </value>
            </param>
            <param index="1">
              <value>
                <![CDATA[9884287107]]>
              </value>
            </param>
            <param index="2">
              <value>
                <![CDATA[./src/main/resources/certificate/certificate.pdf]]>
              </value>
            </param>
          </params>
          <reporter-output>
          </reporter-output>
        </test-method> <!-- beforeScreenShot -->
        <test-method signature="beforeScreenShot(java.lang.String,java.lang.String,java.lang.String)[pri:0, instance:com.maplogik.functional.BeforeUpdateScreenShot@632ceb35]" started-at="2022-07-20T01:49:09 IST" name="beforeScreenShot" data-provider="studentIdProvider" finished-at="2022-07-20T01:49:09 IST" duration-ms="349" status="PASS">
          <params>
            <param index="0">
              <value>
                <![CDATA[STUD0328]]>
              </value>
            </param>
            <param index="1">
              <value>
                <![CDATA[9840045652]]>
              </value>
            </param>
            <param index="2">
              <value>
                <![CDATA[./src/main/resources/certificate/certificate.pdf]]>
              </value>
            </param>
          </params>
          <reporter-output>
          </reporter-output>
        </test-method> <!-- beforeScreenShot -->
        <test-method signature="beforeScreenShot(java.lang.String,java.lang.String,java.lang.String)[pri:0, instance:com.maplogik.functional.BeforeUpdateScreenShot@632ceb35]" started-at="2022-07-20T01:49:09 IST" name="beforeScreenShot" data-provider="studentIdProvider" finished-at="2022-07-20T01:49:09 IST" duration-ms="372" status="PASS">
          <params>
            <param index="0">
              <value>
                <![CDATA[STUD0329]]>
              </value>
            </param>
            <param index="1">
              <value>
                <![CDATA[9884639439]]>
              </value>
            </param>
            <param index="2">
              <value>
                <![CDATA[./src/main/resources/certificate/certificate.pdf]]>
              </value>
            </param>
          </params>
          <reporter-output>
          </reporter-output>
        </test-method> <!-- beforeScreenShot -->
        <test-method signature="beforeScreenShot(java.lang.String,java.lang.String,java.lang.String)[pri:0, instance:com.maplogik.functional.BeforeUpdateScreenShot@632ceb35]" started-at="2022-07-20T01:49:09 IST" name="beforeScreenShot" data-provider="studentIdProvider" finished-at="2022-07-20T01:49:10 IST" duration-ms="472" status="PASS">
          <params>
            <param index="0">
              <value>
                <![CDATA[STUD0330]]>
              </value>
            </param>
            <param index="1">
              <value>
                <![CDATA[9176666624]]>
              </value>
            </param>
            <param index="2">
              <value>
                <![CDATA[./src/main/resources/certificate/certificate.pdf]]>
              </value>
            </param>
          </params>
          <reporter-output>
          </reporter-output>
        </test-method> <!-- beforeScreenShot -->
        <test-method signature="beforeScreenShot(java.lang.String,java.lang.String,java.lang.String)[pri:0, instance:com.maplogik.functional.BeforeUpdateScreenShot@632ceb35]" started-at="2022-07-20T01:49:10 IST" name="beforeScreenShot" data-provider="studentIdProvider" finished-at="2022-07-20T01:49:10 IST" duration-ms="375" status="PASS">
          <params>
            <param index="0">
              <value>
                <![CDATA[STUD0331]]>
              </value>
            </param>
            <param index="1">
              <value>
                <![CDATA[9283264409]]>
              </value>
            </param>
            <param index="2">
              <value>
                <![CDATA[./src/main/resources/certificate/certificate.pdf]]>
              </value>
            </param>
          </params>
          <reporter-output>
          </reporter-output>
        </test-method> <!-- beforeScreenShot -->
        <test-method signature="beforeScreenShot(java.lang.String,java.lang.String,java.lang.String)[pri:0, instance:com.maplogik.functional.BeforeUpdateScreenShot@632ceb35]" started-at="2022-07-20T01:49:10 IST" name="beforeScreenShot" data-provider="studentIdProvider" finished-at="2022-07-20T01:49:11 IST" duration-ms="549" status="PASS">
          <params>
            <param index="0">
              <value>
                <![CDATA[STUD0332]]>
              </value>
            </param>
            <param index="1">
              <value>
                <![CDATA[9840851742]]>
              </value>
            </param>
            <param index="2">
              <value>
                <![CDATA[./src/main/resources/certificate/certificate.pdf]]>
              </value>
            </param>
          </params>
          <reporter-output>
          </reporter-output>
        </test-method> <!-- beforeScreenShot -->
        <test-method signature="beforeScreenShot(java.lang.String,java.lang.String,java.lang.String)[pri:0, instance:com.maplogik.functional.BeforeUpdateScreenShot@632ceb35]" started-at="2022-07-20T01:49:11 IST" name="beforeScreenShot" data-provider="studentIdProvider" finished-at="2022-07-20T01:49:11 IST" duration-ms="558" status="PASS">
          <params>
            <param index="0">
              <value>
                <![CDATA[STUD0333]]>
              </value>
            </param>
            <param index="1">
              <value>
                <![CDATA[9551700828]]>
              </value>
            </param>
            <param index="2">
              <value>
                <![CDATA[./src/main/resources/certificate/certificate.pdf]]>
              </value>
            </param>
          </params>
          <reporter-output>
          </reporter-output>
        </test-method> <!-- beforeScreenShot -->
        <test-method signature="beforeScreenShot(java.lang.String,java.lang.String,java.lang.String)[pri:0, instance:com.maplogik.functional.BeforeUpdateScreenShot@632ceb35]" started-at="2022-07-20T01:49:11 IST" name="beforeScreenShot" data-provider="studentIdProvider" finished-at="2022-07-20T01:49:12 IST" duration-ms="469" status="PASS">
          <params>
            <param index="0">
              <value>
                <![CDATA[STUD0334]]>
              </value>
            </param>
            <param index="1">
              <value>
                <![CDATA[7358515253]]>
              </value>
            </param>
            <param index="2">
              <value>
                <![CDATA[./src/main/resources/certificate/certificate.pdf]]>
              </value>
            </param>
          </params>
          <reporter-output>
          </reporter-output>
        </test-method> <!-- beforeScreenShot -->
        <test-method signature="beforeScreenShot(java.lang.String,java.lang.String,java.lang.String)[pri:0, instance:com.maplogik.functional.BeforeUpdateScreenShot@632ceb35]" started-at="2022-07-20T01:49:12 IST" name="beforeScreenShot" data-provider="studentIdProvider" finished-at="2022-07-20T01:49:12 IST" duration-ms="463" status="PASS">
          <params>
            <param index="0">
              <value>
                <![CDATA[STUD0335]]>
              </value>
            </param>
            <param index="1">
              <value>
                <![CDATA[6385084225]]>
              </value>
            </param>
            <param index="2">
              <value>
                <![CDATA[./src/main/resources/certificate/certificate.pdf]]>
              </value>
            </param>
          </params>
          <reporter-output>
          </reporter-output>
        </test-method> <!-- beforeScreenShot -->
        <test-method signature="beforeScreenShot(java.lang.String,java.lang.String,java.lang.String)[pri:0, instance:com.maplogik.functional.BeforeUpdateScreenShot@632ceb35]" started-at="2022-07-20T01:49:12 IST" name="beforeScreenShot" data-provider="studentIdProvider" finished-at="2022-07-20T01:49:13 IST" duration-ms="744" status="PASS">
          <params>
            <param index="0">
              <value>
                <![CDATA[STUD0336]]>
              </value>
            </param>
            <param index="1">
              <value>
                <![CDATA[9944813287]]>
              </value>
            </param>
            <param index="2">
              <value>
                <![CDATA[./src/main/resources/certificate/certificate.pdf]]>
              </value>
            </param>
          </params>
          <reporter-output>
          </reporter-output>
        </test-method> <!-- beforeScreenShot -->
        <test-method signature="beforeScreenShot(java.lang.String,java.lang.String,java.lang.String)[pri:0, instance:com.maplogik.functional.BeforeUpdateScreenShot@632ceb35]" started-at="2022-07-20T01:49:13 IST" name="beforeScreenShot" data-provider="studentIdProvider" finished-at="2022-07-20T01:49:14 IST" duration-ms="462" status="PASS">
          <params>
            <param index="0">
              <value>
                <![CDATA[STUD0337]]>
              </value>
            </param>
            <param index="1">
              <value>
                <![CDATA[9940237513]]>
              </value>
            </param>
            <param index="2">
              <value>
                <![CDATA[./src/main/resources/certificate/certificate.pdf]]>
              </value>
            </param>
          </params>
          <reporter-output>
          </reporter-output>
        </test-method> <!-- beforeScreenShot -->
        <test-method signature="beforeScreenShot(java.lang.String,java.lang.String,java.lang.String)[pri:0, instance:com.maplogik.functional.BeforeUpdateScreenShot@632ceb35]" started-at="2022-07-20T01:49:14 IST" name="beforeScreenShot" data-provider="studentIdProvider" finished-at="2022-07-20T01:49:14 IST" duration-ms="337" status="PASS">
          <params>
            <param index="0">
              <value>
                <![CDATA[STUD0338]]>
              </value>
            </param>
            <param index="1">
              <value>
                <![CDATA[9884797870]]>
              </value>
            </param>
            <param index="2">
              <value>
                <![CDATA[./src/main/resources/certificate/certificate.pdf]]>
              </value>
            </param>
          </params>
          <reporter-output>
          </reporter-output>
        </test-method> <!-- beforeScreenShot -->
        <test-method signature="beforeScreenShot(java.lang.String,java.lang.String,java.lang.String)[pri:0, instance:com.maplogik.functional.BeforeUpdateScreenShot@632ceb35]" started-at="2022-07-20T01:49:14 IST" name="beforeScreenShot" data-provider="studentIdProvider" finished-at="2022-07-20T01:49:14 IST" duration-ms="387" status="PASS">
          <params>
            <param index="0">
              <value>
                <![CDATA[STUD0339]]>
              </value>
            </param>
            <param index="1">
              <value>
                <![CDATA[8056780626]]>
              </value>
            </param>
            <param index="2">
              <value>
                <![CDATA[./src/main/resources/certificate/certificate.pdf]]>
              </value>
            </param>
          </params>
          <reporter-output>
          </reporter-output>
        </test-method> <!-- beforeScreenShot -->
        <test-method signature="beforeScreenShot(java.lang.String,java.lang.String,java.lang.String)[pri:0, instance:com.maplogik.functional.BeforeUpdateScreenShot@632ceb35]" started-at="2022-07-20T01:49:14 IST" name="beforeScreenShot" data-provider="studentIdProvider" finished-at="2022-07-20T01:49:15 IST" duration-ms="382" status="PASS">
          <params>
            <param index="0">
              <value>
                <![CDATA[STUD0340]]>
              </value>
            </param>
            <param index="1">
              <value>
                <![CDATA[9894422627]]>
              </value>
            </param>
            <param index="2">
              <value>
                <![CDATA[./src/main/resources/certificate/certificate.pdf]]>
              </value>
            </param>
          </params>
          <reporter-output>
          </reporter-output>
        </test-method> <!-- beforeScreenShot -->
        <test-method signature="beforeScreenShot(java.lang.String,java.lang.String,java.lang.String)[pri:0, instance:com.maplogik.functional.BeforeUpdateScreenShot@632ceb35]" started-at="2022-07-20T01:49:15 IST" name="beforeScreenShot" data-provider="studentIdProvider" finished-at="2022-07-20T01:49:15 IST" duration-ms="319" status="PASS">
          <params>
            <param index="0">
              <value>
                <![CDATA[STUD0341]]>
              </value>
            </param>
            <param index="1">
              <value>
                <![CDATA[9840249945]]>
              </value>
            </param>
            <param index="2">
              <value>
                <![CDATA[./src/main/resources/certificate/certificate.pdf]]>
              </value>
            </param>
          </params>
          <reporter-output>
          </reporter-output>
        </test-method> <!-- beforeScreenShot -->
        <test-method signature="beforeScreenShot(java.lang.String,java.lang.String,java.lang.String)[pri:0, instance:com.maplogik.functional.BeforeUpdateScreenShot@632ceb35]" started-at="2022-07-20T01:49:15 IST" name="beforeScreenShot" data-provider="studentIdProvider" finished-at="2022-07-20T01:49:15 IST" duration-ms="432" status="PASS">
          <params>
            <param index="0">
              <value>
                <![CDATA[STUD0342]]>
              </value>
            </param>
            <param index="1">
              <value>
                <![CDATA[7397469468]]>
              </value>
            </param>
            <param index="2">
              <value>
                <![CDATA[./src/main/resources/certificate/certificate.pdf]]>
              </value>
            </param>
          </params>
          <reporter-output>
          </reporter-output>
        </test-method> <!-- beforeScreenShot -->
        <test-method signature="beforeScreenShot(java.lang.String,java.lang.String,java.lang.String)[pri:0, instance:com.maplogik.functional.BeforeUpdateScreenShot@632ceb35]" started-at="2022-07-20T01:49:15 IST" name="beforeScreenShot" data-provider="studentIdProvider" finished-at="2022-07-20T01:49:16 IST" duration-ms="407" status="PASS">
          <params>
            <param index="0">
              <value>
                <![CDATA[STUD0343]]>
              </value>
            </param>
            <param index="1">
              <value>
                <![CDATA[8610835007]]>
              </value>
            </param>
            <param index="2">
              <value>
                <![CDATA[./src/main/resources/certificate/certificate.pdf]]>
              </value>
            </param>
          </params>
          <reporter-output>
          </reporter-output>
        </test-method> <!-- beforeScreenShot -->
        <test-method is-config="true" signature="tearDown()[pri:0, instance:com.maplogik.functional.BeforeUpdateScreenShot@632ceb35]" started-at="2022-07-20T01:49:16 IST" name="tearDown" finished-at="2022-07-20T01:49:16 IST" duration-ms="392" status="PASS">
          <reporter-output>
          </reporter-output>
        </test-method> <!-- tearDown -->
      </class> <!-- com.maplogik.functional.BeforeUpdateScreenShot -->
    </test> <!-- beforeScreenshot -->
  </suite> <!-- Suite (0) -->
  <suite started-at="2022-07-20T01:49:52 IST" name="Suite (2)" finished-at="2022-07-20T01:50:11 IST" duration-ms="19201">
    <groups>
    </groups>
    <test started-at="2022-07-20T01:49:52 IST" name="afterScreenshot" finished-at="2022-07-20T01:50:11 IST" duration-ms="19201">
      <class name="com.maplogik.functional.AfterUpdateScreenShot">
        <test-method is-config="true" signature="openBrowser()[pri:0, instance:com.maplogik.functional.AfterUpdateScreenShot@466276d8]" started-at="2022-07-20T01:49:52 IST" name="openBrowser" finished-at="2022-07-20T01:49:55 IST" duration-ms="2926" status="PASS">
          <reporter-output>
          </reporter-output>
        </test-method> <!-- openBrowser -->
        <test-method signature="afterScreenShot(java.lang.String,java.lang.String,java.lang.String)[pri:0, instance:com.maplogik.functional.AfterUpdateScreenShot@466276d8]" started-at="2022-07-20T01:49:55 IST" name="afterScreenShot" data-provider="studentIdProvider" finished-at="2022-07-20T01:49:56 IST" duration-ms="1478" status="PASS">
          <params>
            <param index="0">
              <value>
                <![CDATA[STUD0301]]>
              </value>
            </param>
            <param index="1">
              <value>
                <![CDATA[9500012608]]>
              </value>
            </param>
            <param index="2">
              <value>
                <![CDATA[./src/main/resources/certificate/certificate.pdf]]>
              </value>
            </param>
          </params>
          <reporter-output>
          </reporter-output>
        </test-method> <!-- afterScreenShot -->
        <test-method signature="afterScreenShot(java.lang.String,java.lang.String,java.lang.String)[pri:0, instance:com.maplogik.functional.AfterUpdateScreenShot@466276d8]" started-at="2022-07-20T01:49:56 IST" name="afterScreenShot" data-provider="studentIdProvider" finished-at="2022-07-20T01:49:57 IST" duration-ms="390" status="PASS">
          <params>
            <param index="0">
              <value>
                <![CDATA[STUD0302]]>
              </value>
            </param>
            <param index="1">
              <value>
                <![CDATA[9444301442]]>
              </value>
            </param>
            <param index="2">
              <value>
                <![CDATA[./src/main/resources/certificate/certificate.pdf]]>
              </value>
            </param>
          </params>
          <reporter-output>
          </reporter-output>
        </test-method> <!-- afterScreenShot -->
        <test-method signature="afterScreenShot(java.lang.String,java.lang.String,java.lang.String)[pri:0, instance:com.maplogik.functional.AfterUpdateScreenShot@466276d8]" started-at="2022-07-20T01:49:57 IST" name="afterScreenShot" data-provider="studentIdProvider" finished-at="2022-07-20T01:49:57 IST" duration-ms="385" status="PASS">
          <params>
            <param index="0">
              <value>
                <![CDATA[STUD0303]]>
              </value>
            </param>
            <param index="1">
              <value>
                <![CDATA[9751759461]]>
              </value>
            </param>
            <param index="2">
              <value>
                <![CDATA[./src/main/resources/certificate/certificate.pdf]]>
              </value>
            </param>
          </params>
          <reporter-output>
          </reporter-output>
        </test-method> <!-- afterScreenShot -->
        <test-method signature="afterScreenShot(java.lang.String,java.lang.String,java.lang.String)[pri:0, instance:com.maplogik.functional.AfterUpdateScreenShot@466276d8]" started-at="2022-07-20T01:49:57 IST" name="afterScreenShot" data-provider="studentIdProvider" finished-at="2022-07-20T01:49:57 IST" duration-ms="305" status="PASS">
          <params>
            <param index="0">
              <value>
                <![CDATA[STUD0304]]>
              </value>
            </param>
            <param index="1">
              <value>
                <![CDATA[9840131115]]>
              </value>
            </param>
            <param index="2">
              <value>
                <![CDATA[./src/main/resources/certificate/certificate.pdf]]>
              </value>
            </param>
          </params>
          <reporter-output>
          </reporter-output>
        </test-method> <!-- afterScreenShot -->
        <test-method signature="afterScreenShot(java.lang.String,java.lang.String,java.lang.String)[pri:0, instance:com.maplogik.functional.AfterUpdateScreenShot@466276d8]" started-at="2022-07-20T01:49:57 IST" name="afterScreenShot" data-provider="studentIdProvider" finished-at="2022-07-20T01:49:58 IST" duration-ms="331" status="PASS">
          <params>
            <param index="0">
              <value>
                <![CDATA[STUD0305]]>
              </value>
            </param>
            <param index="1">
              <value>
                <![CDATA[9962545006]]>
              </value>
            </param>
            <param index="2">
              <value>
                <![CDATA[./src/main/resources/certificate/certificate.pdf]]>
              </value>
            </param>
          </params>
          <reporter-output>
          </reporter-output>
        </test-method> <!-- afterScreenShot -->
        <test-method signature="afterScreenShot(java.lang.String,java.lang.String,java.lang.String)[pri:0, instance:com.maplogik.functional.AfterUpdateScreenShot@466276d8]" started-at="2022-07-20T01:49:58 IST" name="afterScreenShot" data-provider="studentIdProvider" finished-at="2022-07-20T01:49:58 IST" duration-ms="313" status="PASS">
          <params>
            <param index="0">
              <value>
                <![CDATA[STUD0306]]>
              </value>
            </param>
            <param index="1">
              <value>
                <![CDATA[9962276410]]>
              </value>
            </param>
            <param index="2">
              <value>
                <![CDATA[./src/main/resources/certificate/certificate.pdf]]>
              </value>
            </param>
          </params>
          <reporter-output>
          </reporter-output>
        </test-method> <!-- afterScreenShot -->
        <test-method signature="afterScreenShot(java.lang.String,java.lang.String,java.lang.String)[pri:0, instance:com.maplogik.functional.AfterUpdateScreenShot@466276d8]" started-at="2022-07-20T01:49:58 IST" name="afterScreenShot" data-provider="studentIdProvider" finished-at="2022-07-20T01:49:58 IST" duration-ms="317" status="PASS">
          <params>
            <param index="0">
              <value>
                <![CDATA[STUD0307]]>
              </value>
            </param>
            <param index="1">
              <value>
                <![CDATA[9108088142]]>
              </value>
            </param>
            <param index="2">
              <value>
                <![CDATA[./src/main/resources/certificate/certificate.pdf]]>
              </value>
            </param>
          </params>
          <reporter-output>
          </reporter-output>
        </test-method> <!-- afterScreenShot -->
        <test-method signature="afterScreenShot(java.lang.String,java.lang.String,java.lang.String)[pri:0, instance:com.maplogik.functional.AfterUpdateScreenShot@466276d8]" started-at="2022-07-20T01:49:58 IST" name="afterScreenShot" data-provider="studentIdProvider" finished-at="2022-07-20T01:49:59 IST" duration-ms="307" status="PASS">
          <params>
            <param index="0">
              <value>
                <![CDATA[STUD0308]]>
              </value>
            </param>
            <param index="1">
              <value>
                <![CDATA[9597051047]]>
              </value>
            </param>
            <param index="2">
              <value>
                <![CDATA[./src/main/resources/certificate/certificate.pdf]]>
              </value>
            </param>
          </params>
          <reporter-output>
          </reporter-output>
        </test-method> <!-- afterScreenShot -->
        <test-method signature="afterScreenShot(java.lang.String,java.lang.String,java.lang.String)[pri:0, instance:com.maplogik.functional.AfterUpdateScreenShot@466276d8]" started-at="2022-07-20T01:49:59 IST" name="afterScreenShot" data-provider="studentIdProvider" finished-at="2022-07-20T01:49:59 IST" duration-ms="325" status="PASS">
          <params>
            <param index="0">
              <value>
                <![CDATA[STUD0309]]>
              </value>
            </param>
            <param index="1">
              <value>
                <![CDATA[9597051047]]>
              </value>
            </param>
            <param index="2">
              <value>
                <![CDATA[./src/main/resources/certificate/certificate.pdf]]>
              </value>
            </param>
          </params>
          <reporter-output>
          </reporter-output>
        </test-method> <!-- afterScreenShot -->
        <test-method signature="afterScreenShot(java.lang.String,java.lang.String,java.lang.String)[pri:0, instance:com.maplogik.functional.AfterUpdateScreenShot@466276d8]" started-at="2022-07-20T01:49:59 IST" name="afterScreenShot" data-provider="studentIdProvider" finished-at="2022-07-20T01:49:59 IST" duration-ms="355" status="PASS">
          <params>
            <param index="0">
              <value>
                <![CDATA[STUD0310]]>
              </value>
            </param>
            <param index="1">
              <value>
                <![CDATA[9840255396]]>
              </value>
            </param>
            <param index="2">
              <value>
                <![CDATA[./src/main/resources/certificate/certificate.pdf]]>
              </value>
            </param>
          </params>
          <reporter-output>
          </reporter-output>
        </test-method> <!-- afterScreenShot -->
        <test-method signature="afterScreenShot(java.lang.String,java.lang.String,java.lang.String)[pri:0, instance:com.maplogik.functional.AfterUpdateScreenShot@466276d8]" started-at="2022-07-20T01:49:59 IST" name="afterScreenShot" data-provider="studentIdProvider" finished-at="2022-07-20T01:50:00 IST" duration-ms="371" status="PASS">
          <params>
            <param index="0">
              <value>
                <![CDATA[STUD0311]]>
              </value>
            </param>
            <param index="1">
              <value>
                <![CDATA[9840255396]]>
              </value>
            </param>
            <param index="2">
              <value>
                <![CDATA[./src/main/resources/certificate/certificate.pdf]]>
              </value>
            </param>
          </params>
          <reporter-output>
          </reporter-output>
        </test-method> <!-- afterScreenShot -->
        <test-method signature="afterScreenShot(java.lang.String,java.lang.String,java.lang.String)[pri:0, instance:com.maplogik.functional.AfterUpdateScreenShot@466276d8]" started-at="2022-07-20T01:50:00 IST" name="afterScreenShot" data-provider="studentIdProvider" finished-at="2022-07-20T01:50:00 IST" duration-ms="385" status="PASS">
          <params>
            <param index="0">
              <value>
                <![CDATA[STUD0312]]>
              </value>
            </param>
            <param index="1">
              <value>
                <![CDATA[9940039568]]>
              </value>
            </param>
            <param index="2">
              <value>
                <![CDATA[./src/main/resources/certificate/certificate.pdf]]>
              </value>
            </param>
          </params>
          <reporter-output>
          </reporter-output>
        </test-method> <!-- afterScreenShot -->
        <test-method signature="afterScreenShot(java.lang.String,java.lang.String,java.lang.String)[pri:0, instance:com.maplogik.functional.AfterUpdateScreenShot@466276d8]" started-at="2022-07-20T01:50:00 IST" name="afterScreenShot" data-provider="studentIdProvider" finished-at="2022-07-20T01:50:00 IST" duration-ms="340" status="PASS">
          <params>
            <param index="0">
              <value>
                <![CDATA[STUD0313]]>
              </value>
            </param>
            <param index="1">
              <value>
                <![CDATA[9841980031]]>
              </value>
            </param>
            <param index="2">
              <value>
                <![CDATA[./src/main/resources/certificate/certificate.pdf]]>
              </value>
            </param>
          </params>
          <reporter-output>
          </reporter-output>
        </test-method> <!-- afterScreenShot -->
        <test-method signature="afterScreenShot(java.lang.String,java.lang.String,java.lang.String)[pri:0, instance:com.maplogik.functional.AfterUpdateScreenShot@466276d8]" started-at="2022-07-20T01:50:00 IST" name="afterScreenShot" data-provider="studentIdProvider" finished-at="2022-07-20T01:50:01 IST" duration-ms="363" status="PASS">
          <params>
            <param index="0">
              <value>
                <![CDATA[STUD0314]]>
              </value>
            </param>
            <param index="1">
              <value>
                <![CDATA[9940073119]]>
              </value>
            </param>
            <param index="2">
              <value>
                <![CDATA[./src/main/resources/certificate/certificate.pdf]]>
              </value>
            </param>
          </params>
          <reporter-output>
          </reporter-output>
        </test-method> <!-- afterScreenShot -->
        <test-method signature="afterScreenShot(java.lang.String,java.lang.String,java.lang.String)[pri:0, instance:com.maplogik.functional.AfterUpdateScreenShot@466276d8]" started-at="2022-07-20T01:50:01 IST" name="afterScreenShot" data-provider="studentIdProvider" finished-at="2022-07-20T01:50:01 IST" duration-ms="398" status="PASS">
          <params>
            <param index="0">
              <value>
                <![CDATA[STUD0315]]>
              </value>
            </param>
            <param index="1">
              <value>
                <![CDATA[8667853818]]>
              </value>
            </param>
            <param index="2">
              <value>
                <![CDATA[./src/main/resources/certificate/certificate.pdf]]>
              </value>
            </param>
          </params>
          <reporter-output>
          </reporter-output>
        </test-method> <!-- afterScreenShot -->
        <test-method signature="afterScreenShot(java.lang.String,java.lang.String,java.lang.String)[pri:0, instance:com.maplogik.functional.AfterUpdateScreenShot@466276d8]" started-at="2022-07-20T01:50:01 IST" name="afterScreenShot" data-provider="studentIdProvider" finished-at="2022-07-20T01:50:01 IST" duration-ms="322" status="PASS">
          <params>
            <param index="0">
              <value>
                <![CDATA[STUD0316]]>
              </value>
            </param>
            <param index="1">
              <value>
                <![CDATA[9884949490]]>
              </value>
            </param>
            <param index="2">
              <value>
                <![CDATA[./src/main/resources/certificate/certificate.pdf]]>
              </value>
            </param>
          </params>
          <reporter-output>
          </reporter-output>
        </test-method> <!-- afterScreenShot -->
        <test-method signature="afterScreenShot(java.lang.String,java.lang.String,java.lang.String)[pri:0, instance:com.maplogik.functional.AfterUpdateScreenShot@466276d8]" started-at="2022-07-20T01:50:01 IST" name="afterScreenShot" data-provider="studentIdProvider" finished-at="2022-07-20T01:50:02 IST" duration-ms="325" status="PASS">
          <params>
            <param index="0">
              <value>
                <![CDATA[STUD0317]]>
              </value>
            </param>
            <param index="1">
              <value>
                <![CDATA[8056033783]]>
              </value>
            </param>
            <param index="2">
              <value>
                <![CDATA[./src/main/resources/certificate/certificate.pdf]]>
              </value>
            </param>
          </params>
          <reporter-output>
          </reporter-output>
        </test-method> <!-- afterScreenShot -->
        <test-method signature="afterScreenShot(java.lang.String,java.lang.String,java.lang.String)[pri:0, instance:com.maplogik.functional.AfterUpdateScreenShot@466276d8]" started-at="2022-07-20T01:50:02 IST" name="afterScreenShot" data-provider="studentIdProvider" finished-at="2022-07-20T01:50:02 IST" duration-ms="331" status="PASS">
          <params>
            <param index="0">
              <value>
                <![CDATA[STUD0318]]>
              </value>
            </param>
            <param index="1">
              <value>
                <![CDATA[9363356668]]>
              </value>
            </param>
            <param index="2">
              <value>
                <![CDATA[./src/main/resources/certificate/certificate.pdf]]>
              </value>
            </param>
          </params>
          <reporter-output>
          </reporter-output>
        </test-method> <!-- afterScreenShot -->
        <test-method signature="afterScreenShot(java.lang.String,java.lang.String,java.lang.String)[pri:0, instance:com.maplogik.functional.AfterUpdateScreenShot@466276d8]" started-at="2022-07-20T01:50:02 IST" name="afterScreenShot" data-provider="studentIdProvider" finished-at="2022-07-20T01:50:02 IST" duration-ms="333" status="PASS">
          <params>
            <param index="0">
              <value>
                <![CDATA[STUD0319]]>
              </value>
            </param>
            <param index="1">
              <value>
                <![CDATA[9994131429]]>
              </value>
            </param>
            <param index="2">
              <value>
                <![CDATA[./src/main/resources/certificate/certificate.pdf]]>
              </value>
            </param>
          </params>
          <reporter-output>
          </reporter-output>
        </test-method> <!-- afterScreenShot -->
        <test-method signature="afterScreenShot(java.lang.String,java.lang.String,java.lang.String)[pri:0, instance:com.maplogik.functional.AfterUpdateScreenShot@466276d8]" started-at="2022-07-20T01:50:02 IST" name="afterScreenShot" data-provider="studentIdProvider" finished-at="2022-07-20T01:50:03 IST" duration-ms="331" status="PASS">
          <params>
            <param index="0">
              <value>
                <![CDATA[STUD0320]]>
              </value>
            </param>
            <param index="1">
              <value>
                <![CDATA[9444205205]]>
              </value>
            </param>
            <param index="2">
              <value>
                <![CDATA[./src/main/resources/certificate/certificate.pdf]]>
              </value>
            </param>
          </params>
          <reporter-output>
          </reporter-output>
        </test-method> <!-- afterScreenShot -->
        <test-method signature="afterScreenShot(java.lang.String,java.lang.String,java.lang.String)[pri:0, instance:com.maplogik.functional.AfterUpdateScreenShot@466276d8]" started-at="2022-07-20T01:50:03 IST" name="afterScreenShot" data-provider="studentIdProvider" finished-at="2022-07-20T01:50:03 IST" duration-ms="336" status="PASS">
          <params>
            <param index="0">
              <value>
                <![CDATA[STUD0321]]>
              </value>
            </param>
            <param index="1">
              <value>
                <![CDATA[9884246146]]>
              </value>
            </param>
            <param index="2">
              <value>
                <![CDATA[./src/main/resources/certificate/certificate.pdf]]>
              </value>
            </param>
          </params>
          <reporter-output>
          </reporter-output>
        </test-method> <!-- afterScreenShot -->
        <test-method signature="afterScreenShot(java.lang.String,java.lang.String,java.lang.String)[pri:0, instance:com.maplogik.functional.AfterUpdateScreenShot@466276d8]" started-at="2022-07-20T01:50:03 IST" name="afterScreenShot" data-provider="studentIdProvider" finished-at="2022-07-20T01:50:03 IST" duration-ms="345" status="PASS">
          <params>
            <param index="0">
              <value>
                <![CDATA[STUD0322]]>
              </value>
            </param>
            <param index="1">
              <value>
                <![CDATA[9500012608]]>
              </value>
            </param>
            <param index="2">
              <value>
                <![CDATA[./src/main/resources/certificate/certificate.pdf]]>
              </value>
            </param>
          </params>
          <reporter-output>
          </reporter-output>
        </test-method> <!-- afterScreenShot -->
        <test-method signature="afterScreenShot(java.lang.String,java.lang.String,java.lang.String)[pri:0, instance:com.maplogik.functional.AfterUpdateScreenShot@466276d8]" started-at="2022-07-20T01:50:03 IST" name="afterScreenShot" data-provider="studentIdProvider" finished-at="2022-07-20T01:50:04 IST" duration-ms="362" status="PASS">
          <params>
            <param index="0">
              <value>
                <![CDATA[STUD0323]]>
              </value>
            </param>
            <param index="1">
              <value>
                <![CDATA[9444301442]]>
              </value>
            </param>
            <param index="2">
              <value>
                <![CDATA[./src/main/resources/certificate/certificate.pdf]]>
              </value>
            </param>
          </params>
          <reporter-output>
          </reporter-output>
        </test-method> <!-- afterScreenShot -->
        <test-method signature="afterScreenShot(java.lang.String,java.lang.String,java.lang.String)[pri:0, instance:com.maplogik.functional.AfterUpdateScreenShot@466276d8]" started-at="2022-07-20T01:50:04 IST" name="afterScreenShot" data-provider="studentIdProvider" finished-at="2022-07-20T01:50:04 IST" duration-ms="348" status="PASS">
          <params>
            <param index="0">
              <value>
                <![CDATA[STUD0324]]>
              </value>
            </param>
            <param index="1">
              <value>
                <![CDATA[9176702468]]>
              </value>
            </param>
            <param index="2">
              <value>
                <![CDATA[./src/main/resources/certificate/certificate.pdf]]>
              </value>
            </param>
          </params>
          <reporter-output>
          </reporter-output>
        </test-method> <!-- afterScreenShot -->
        <test-method signature="afterScreenShot(java.lang.String,java.lang.String,java.lang.String)[pri:0, instance:com.maplogik.functional.AfterUpdateScreenShot@466276d8]" started-at="2022-07-20T01:50:04 IST" name="afterScreenShot" data-provider="studentIdProvider" finished-at="2022-07-20T01:50:04 IST" duration-ms="340" status="PASS">
          <params>
            <param index="0">
              <value>
                <![CDATA[STUD0325]]>
              </value>
            </param>
            <param index="1">
              <value>
                <![CDATA[8754567710]]>
              </value>
            </param>
            <param index="2">
              <value>
                <![CDATA[./src/main/resources/certificate/certificate.pdf]]>
              </value>
            </param>
          </params>
          <reporter-output>
          </reporter-output>
        </test-method> <!-- afterScreenShot -->
        <test-method signature="afterScreenShot(java.lang.String,java.lang.String,java.lang.String)[pri:0, instance:com.maplogik.functional.AfterUpdateScreenShot@466276d8]" started-at="2022-07-20T01:50:04 IST" name="afterScreenShot" data-provider="studentIdProvider" finished-at="2022-07-20T01:50:05 IST" duration-ms="334" status="PASS">
          <params>
            <param index="0">
              <value>
                <![CDATA[STUD0326]]>
              </value>
            </param>
            <param index="1">
              <value>
                <![CDATA[9442500837]]>
              </value>
            </param>
            <param index="2">
              <value>
                <![CDATA[./src/main/resources/certificate/certificate.pdf]]>
              </value>
            </param>
          </params>
          <reporter-output>
          </reporter-output>
        </test-method> <!-- afterScreenShot -->
        <test-method signature="afterScreenShot(java.lang.String,java.lang.String,java.lang.String)[pri:0, instance:com.maplogik.functional.AfterUpdateScreenShot@466276d8]" started-at="2022-07-20T01:50:05 IST" name="afterScreenShot" data-provider="studentIdProvider" finished-at="2022-07-20T01:50:05 IST" duration-ms="330" status="PASS">
          <params>
            <param index="0">
              <value>
                <![CDATA[STUD0327]]>
              </value>
            </param>
            <param index="1">
              <value>
                <![CDATA[9884287107]]>
              </value>
            </param>
            <param index="2">
              <value>
                <![CDATA[./src/main/resources/certificate/certificate.pdf]]>
              </value>
            </param>
          </params>
          <reporter-output>
          </reporter-output>
        </test-method> <!-- afterScreenShot -->
        <test-method signature="afterScreenShot(java.lang.String,java.lang.String,java.lang.String)[pri:0, instance:com.maplogik.functional.AfterUpdateScreenShot@466276d8]" started-at="2022-07-20T01:50:05 IST" name="afterScreenShot" data-provider="studentIdProvider" finished-at="2022-07-20T01:50:05 IST" duration-ms="320" status="PASS">
          <params>
            <param index="0">
              <value>
                <![CDATA[STUD0328]]>
              </value>
            </param>
            <param index="1">
              <value>
                <![CDATA[9840045652]]>
              </value>
            </param>
            <param index="2">
              <value>
                <![CDATA[./src/main/resources/certificate/certificate.pdf]]>
              </value>
            </param>
          </params>
          <reporter-output>
          </reporter-output>
        </test-method> <!-- afterScreenShot -->
        <test-method signature="afterScreenShot(java.lang.String,java.lang.String,java.lang.String)[pri:0, instance:com.maplogik.functional.AfterUpdateScreenShot@466276d8]" started-at="2022-07-20T01:50:05 IST" name="afterScreenShot" data-provider="studentIdProvider" finished-at="2022-07-20T01:50:06 IST" duration-ms="422" status="PASS">
          <params>
            <param index="0">
              <value>
                <![CDATA[STUD0329]]>
              </value>
            </param>
            <param index="1">
              <value>
                <![CDATA[9884639439]]>
              </value>
            </param>
            <param index="2">
              <value>
                <![CDATA[./src/main/resources/certificate/certificate.pdf]]>
              </value>
            </param>
          </params>
          <reporter-output>
          </reporter-output>
        </test-method> <!-- afterScreenShot -->
        <test-method signature="afterScreenShot(java.lang.String,java.lang.String,java.lang.String)[pri:0, instance:com.maplogik.functional.AfterUpdateScreenShot@466276d8]" started-at="2022-07-20T01:50:06 IST" name="afterScreenShot" data-provider="studentIdProvider" finished-at="2022-07-20T01:50:06 IST" duration-ms="333" status="PASS">
          <params>
            <param index="0">
              <value>
                <![CDATA[STUD0330]]>
              </value>
            </param>
            <param index="1">
              <value>
                <![CDATA[9176666624]]>
              </value>
            </param>
            <param index="2">
              <value>
                <![CDATA[./src/main/resources/certificate/certificate.pdf]]>
              </value>
            </param>
          </params>
          <reporter-output>
          </reporter-output>
        </test-method> <!-- afterScreenShot -->
        <test-method signature="afterScreenShot(java.lang.String,java.lang.String,java.lang.String)[pri:0, instance:com.maplogik.functional.AfterUpdateScreenShot@466276d8]" started-at="2022-07-20T01:50:06 IST" name="afterScreenShot" data-provider="studentIdProvider" finished-at="2022-07-20T01:50:07 IST" duration-ms="318" status="PASS">
          <params>
            <param index="0">
              <value>
                <![CDATA[STUD0331]]>
              </value>
            </param>
            <param index="1">
              <value>
                <![CDATA[9283264409]]>
              </value>
            </param>
            <param index="2">
              <value>
                <![CDATA[./src/main/resources/certificate/certificate.pdf]]>
              </value>
            </param>
          </params>
          <reporter-output>
          </reporter-output>
        </test-method> <!-- afterScreenShot -->
        <test-method signature="afterScreenShot(java.lang.String,java.lang.String,java.lang.String)[pri:0, instance:com.maplogik.functional.AfterUpdateScreenShot@466276d8]" started-at="2022-07-20T01:50:07 IST" name="afterScreenShot" data-provider="studentIdProvider" finished-at="2022-07-20T01:50:07 IST" duration-ms="316" status="PASS">
          <params>
            <param index="0">
              <value>
                <![CDATA[STUD0332]]>
              </value>
            </param>
            <param index="1">
              <value>
                <![CDATA[9840851742]]>
              </value>
            </param>
            <param index="2">
              <value>
                <![CDATA[./src/main/resources/certificate/certificate.pdf]]>
              </value>
            </param>
          </params>
          <reporter-output>
          </reporter-output>
        </test-method> <!-- afterScreenShot -->
        <test-method signature="afterScreenShot(java.lang.String,java.lang.String,java.lang.String)[pri:0, instance:com.maplogik.functional.AfterUpdateScreenShot@466276d8]" started-at="2022-07-20T01:50:07 IST" name="afterScreenShot" data-provider="studentIdProvider" finished-at="2022-07-20T01:50:07 IST" duration-ms="425" status="PASS">
          <params>
            <param index="0">
              <value>
                <![CDATA[STUD0333]]>
              </value>
            </param>
            <param index="1">
              <value>
                <![CDATA[9551700828]]>
              </value>
            </param>
            <param index="2">
              <value>
                <![CDATA[./src/main/resources/certificate/certificate.pdf]]>
              </value>
            </param>
          </params>
          <reporter-output>
          </reporter-output>
        </test-method> <!-- afterScreenShot -->
        <test-method signature="afterScreenShot(java.lang.String,java.lang.String,java.lang.String)[pri:0, instance:com.maplogik.functional.AfterUpdateScreenShot@466276d8]" started-at="2022-07-20T01:50:07 IST" name="afterScreenShot" data-provider="studentIdProvider" finished-at="2022-07-20T01:50:08 IST" duration-ms="326" status="PASS">
          <params>
            <param index="0">
              <value>
                <![CDATA[STUD0334]]>
              </value>
            </param>
            <param index="1">
              <value>
                <![CDATA[7358515253]]>
              </value>
            </param>
            <param index="2">
              <value>
                <![CDATA[./src/main/resources/certificate/certificate.pdf]]>
              </value>
            </param>
          </params>
          <reporter-output>
          </reporter-output>
        </test-method> <!-- afterScreenShot -->
        <test-method signature="afterScreenShot(java.lang.String,java.lang.String,java.lang.String)[pri:0, instance:com.maplogik.functional.AfterUpdateScreenShot@466276d8]" started-at="2022-07-20T01:50:08 IST" name="afterScreenShot" data-provider="studentIdProvider" finished-at="2022-07-20T01:50:08 IST" duration-ms="318" status="PASS">
          <params>
            <param index="0">
              <value>
                <![CDATA[STUD0335]]>
              </value>
            </param>
            <param index="1">
              <value>
                <![CDATA[6385084225]]>
              </value>
            </param>
            <param index="2">
              <value>
                <![CDATA[./src/main/resources/certificate/certificate.pdf]]>
              </value>
            </param>
          </params>
          <reporter-output>
          </reporter-output>
        </test-method> <!-- afterScreenShot -->
        <test-method signature="afterScreenShot(java.lang.String,java.lang.String,java.lang.String)[pri:0, instance:com.maplogik.functional.AfterUpdateScreenShot@466276d8]" started-at="2022-07-20T01:50:08 IST" name="afterScreenShot" data-provider="studentIdProvider" finished-at="2022-07-20T01:50:08 IST" duration-ms="315" status="PASS">
          <params>
            <param index="0">
              <value>
                <![CDATA[STUD0336]]>
              </value>
            </param>
            <param index="1">
              <value>
                <![CDATA[9944813287]]>
              </value>
            </param>
            <param index="2">
              <value>
                <![CDATA[./src/main/resources/certificate/certificate.pdf]]>
              </value>
            </param>
          </params>
          <reporter-output>
          </reporter-output>
        </test-method> <!-- afterScreenShot -->
        <test-method signature="afterScreenShot(java.lang.String,java.lang.String,java.lang.String)[pri:0, instance:com.maplogik.functional.AfterUpdateScreenShot@466276d8]" started-at="2022-07-20T01:50:08 IST" name="afterScreenShot" data-provider="studentIdProvider" finished-at="2022-07-20T01:50:09 IST" duration-ms="337" status="PASS">
          <params>
            <param index="0">
              <value>
                <![CDATA[STUD0337]]>
              </value>
            </param>
            <param index="1">
              <value>
                <![CDATA[9940237513]]>
              </value>
            </param>
            <param index="2">
              <value>
                <![CDATA[./src/main/resources/certificate/certificate.pdf]]>
              </value>
            </param>
          </params>
          <reporter-output>
          </reporter-output>
        </test-method> <!-- afterScreenShot -->
        <test-method signature="afterScreenShot(java.lang.String,java.lang.String,java.lang.String)[pri:0, instance:com.maplogik.functional.AfterUpdateScreenShot@466276d8]" started-at="2022-07-20T01:50:09 IST" name="afterScreenShot" data-provider="studentIdProvider" finished-at="2022-07-20T01:50:09 IST" duration-ms="328" status="PASS">
          <params>
            <param index="0">
              <value>
                <![CDATA[STUD0338]]>
              </value>
            </param>
            <param index="1">
              <value>
                <![CDATA[9884797870]]>
              </value>
            </param>
            <param index="2">
              <value>
                <![CDATA[./src/main/resources/certificate/certificate.pdf]]>
              </value>
            </param>
          </params>
          <reporter-output>
          </reporter-output>
        </test-method> <!-- afterScreenShot -->
        <test-method signature="afterScreenShot(java.lang.String,java.lang.String,java.lang.String)[pri:0, instance:com.maplogik.functional.AfterUpdateScreenShot@466276d8]" started-at="2022-07-20T01:50:09 IST" name="afterScreenShot" data-provider="studentIdProvider" finished-at="2022-07-20T01:50:09 IST" duration-ms="315" status="PASS">
          <params>
            <param index="0">
              <value>
                <![CDATA[STUD0339]]>
              </value>
            </param>
            <param index="1">
              <value>
                <![CDATA[8056780626]]>
              </value>
            </param>
            <param index="2">
              <value>
                <![CDATA[./src/main/resources/certificate/certificate.pdf]]>
              </value>
            </param>
          </params>
          <reporter-output>
          </reporter-output>
        </test-method> <!-- afterScreenShot -->
        <test-method signature="afterScreenShot(java.lang.String,java.lang.String,java.lang.String)[pri:0, instance:com.maplogik.functional.AfterUpdateScreenShot@466276d8]" started-at="2022-07-20T01:50:09 IST" name="afterScreenShot" data-provider="studentIdProvider" finished-at="2022-07-20T01:50:10 IST" duration-ms="319" status="PASS">
          <params>
            <param index="0">
              <value>
                <![CDATA[STUD0340]]>
              </value>
            </param>
            <param index="1">
              <value>
                <![CDATA[9894422627]]>
              </value>
            </param>
            <param index="2">
              <value>
                <![CDATA[./src/main/resources/certificate/certificate.pdf]]>
              </value>
            </param>
          </params>
          <reporter-output>
          </reporter-output>
        </test-method> <!-- afterScreenShot -->
        <test-method signature="afterScreenShot(java.lang.String,java.lang.String,java.lang.String)[pri:0, instance:com.maplogik.functional.AfterUpdateScreenShot@466276d8]" started-at="2022-07-20T01:50:10 IST" name="afterScreenShot" data-provider="studentIdProvider" finished-at="2022-07-20T01:50:10 IST" duration-ms="320" status="PASS">
          <params>
            <param index="0">
              <value>
                <![CDATA[STUD0341]]>
              </value>
            </param>
            <param index="1">
              <value>
                <![CDATA[9840249945]]>
              </value>
            </param>
            <param index="2">
              <value>
                <![CDATA[./src/main/resources/certificate/certificate.pdf]]>
              </value>
            </param>
          </params>
          <reporter-output>
          </reporter-output>
        </test-method> <!-- afterScreenShot -->
        <test-method signature="afterScreenShot(java.lang.String,java.lang.String,java.lang.String)[pri:0, instance:com.maplogik.functional.AfterUpdateScreenShot@466276d8]" started-at="2022-07-20T01:50:10 IST" name="afterScreenShot" data-provider="studentIdProvider" finished-at="2022-07-20T01:50:10 IST" duration-ms="332" status="PASS">
          <params>
            <param index="0">
              <value>
                <![CDATA[STUD0342]]>
              </value>
            </param>
            <param index="1">
              <value>
                <![CDATA[7397469468]]>
              </value>
            </param>
            <param index="2">
              <value>
                <![CDATA[./src/main/resources/certificate/certificate.pdf]]>
              </value>
            </param>
          </params>
          <reporter-output>
          </reporter-output>
        </test-method> <!-- afterScreenShot -->
        <test-method signature="afterScreenShot(java.lang.String,java.lang.String,java.lang.String)[pri:0, instance:com.maplogik.functional.AfterUpdateScreenShot@466276d8]" started-at="2022-07-20T01:50:10 IST" name="afterScreenShot" data-provider="studentIdProvider" finished-at="2022-07-20T01:50:11 IST" duration-ms="330" status="PASS">
          <params>
            <param index="0">
              <value>
                <![CDATA[STUD0343]]>
              </value>
            </param>
            <param index="1">
              <value>
                <![CDATA[8610835007]]>
              </value>
            </param>
            <param index="2">
              <value>
                <![CDATA[./src/main/resources/certificate/certificate.pdf]]>
              </value>
            </param>
          </params>
          <reporter-output>
          </reporter-output>
        </test-method> <!-- afterScreenShot -->
        <test-method is-config="true" signature="tearDown()[pri:0, instance:com.maplogik.functional.AfterUpdateScreenShot@466276d8]" started-at="2022-07-20T01:50:11 IST" name="tearDown" finished-at="2022-07-20T01:50:11 IST" duration-ms="330" status="PASS">
          <reporter-output>
          </reporter-output>
        </test-method> <!-- tearDown -->
      </class> <!-- com.maplogik.functional.AfterUpdateScreenShot -->
    </test> <!-- afterScreenshot -->
  </suite> <!-- Suite (2) -->
</testng-results>
