<?xml version="1.0" encoding="UTF-8"?>
<!-- Generated by org.testng.reporters.JUnitReportReporter -->
<testsuite hostname="Radhakrishnan" failures="0" tests="45" name="com.maplogik.base.BeforeUpdateScreenShot" time="51.776" errors="3" timestamp="2022-06-24T01:23:45 IST" skipped="42">
  <testcase classname="com.maplogik.base.BeforeUpdateScreenShot" name="beforeScreenShot" time="10.774">
    <skipped/>
  </testcase> <!-- beforeScreenShot -->
  <system-out/>
  <testcase classname="com.maplogik.base.BeforeUpdateScreenShot" name="beforeScreenShot" time="10.286">
    <skipped/>
  </testcase> <!-- beforeScreenShot -->
  <system-out/>
  <testcase classname="com.maplogik.base.BeforeUpdateScreenShot" name="beforeScreenShot" time="8.067">
    <skipped/>
  </testcase> <!-- beforeScreenShot -->
  <system-out/>
  <testcase classname="com.maplogik.base.BeforeUpdateScreenShot" name="beforeScreenShot" time="0.000">
    <skipped/>
  </testcase> <!-- beforeScreenShot -->
  <system-out/>
  <testcase classname="com.maplogik.base.BeforeUpdateScreenShot" name="beforeScreenShot" time="0.000">
    <skipped/>
  </testcase> <!-- beforeScreenShot -->
  <system-out/>
  <testcase classname="com.maplogik.base.BeforeUpdateScreenShot" name="beforeScreenShot" time="0.000">
    <skipped/>
  </testcase> <!-- beforeScreenShot -->
  <system-out/>
  <testcase classname="com.maplogik.base.BeforeUpdateScreenShot" name="beforeScreenShot" time="0.000">
    <skipped/>
  </testcase> <!-- beforeScreenShot -->
  <system-out/>
  <testcase classname="com.maplogik.base.BeforeUpdateScreenShot" name="beforeScreenShot" time="0.000">
    <skipped/>
  </testcase> <!-- beforeScreenShot -->
  <system-out/>
  <testcase classname="com.maplogik.base.BeforeUpdateScreenShot" name="beforeScreenShot" time="0.000">
    <skipped/>
  </testcase> <!-- beforeScreenShot -->
  <system-out/>
  <testcase classname="com.maplogik.base.BeforeUpdateScreenShot" name="beforeScreenShot" time="0.000">
    <skipped/>
  </testcase> <!-- beforeScreenShot -->
  <system-out/>
  <testcase classname="com.maplogik.base.BeforeUpdateScreenShot" name="beforeScreenShot" time="0.000">
    <skipped/>
  </testcase> <!-- beforeScreenShot -->
  <system-out/>
  <testcase classname="com.maplogik.base.BeforeUpdateScreenShot" name="beforeScreenShot" time="0.000">
    <skipped/>
  </testcase> <!-- beforeScreenShot -->
  <system-out/>
  <testcase classname="com.maplogik.base.BeforeUpdateScreenShot" name="beforeScreenShot" time="0.000">
    <skipped/>
  </testcase> <!-- beforeScreenShot -->
  <system-out/>
  <testcase classname="com.maplogik.base.BeforeUpdateScreenShot" name="beforeScreenShot" time="0.000">
    <skipped/>
  </testcase> <!-- beforeScreenShot -->
  <system-out/>
  <testcase classname="com.maplogik.base.BeforeUpdateScreenShot" name="beforeScreenShot" time="0.000">
    <skipped/>
  </testcase> <!-- beforeScreenShot -->
  <system-out/>
  <testcase classname="com.maplogik.base.BeforeUpdateScreenShot" name="beforeScreenShot" time="0.000">
    <skipped/>
  </testcase> <!-- beforeScreenShot -->
  <system-out/>
  <testcase classname="com.maplogik.base.BeforeUpdateScreenShot" name="beforeScreenShot" time="0.000">
    <skipped/>
  </testcase> <!-- beforeScreenShot -->
  <system-out/>
  <testcase classname="com.maplogik.base.BeforeUpdateScreenShot" name="beforeScreenShot" time="0.000">
    <skipped/>
  </testcase> <!-- beforeScreenShot -->
  <system-out/>
  <testcase classname="com.maplogik.base.BeforeUpdateScreenShot" name="beforeScreenShot" time="0.000">
    <skipped/>
  </testcase> <!-- beforeScreenShot -->
  <system-out/>
  <testcase classname="com.maplogik.base.BeforeUpdateScreenShot" name="beforeScreenShot" time="0.000">
    <skipped/>
  </testcase> <!-- beforeScreenShot -->
  <system-out/>
  <testcase classname="com.maplogik.base.BeforeUpdateScreenShot" name="beforeScreenShot" time="0.000">
    <skipped/>
  </testcase> <!-- beforeScreenShot -->
  <system-out/>
  <testcase classname="com.maplogik.base.BeforeUpdateScreenShot" name="beforeScreenShot" time="11.493">
    <error message="Expected condition failed: waiting for text found by By.id: test_otp to match pattern &quot;\d+&quot;. Current text: &quot;&quot; (tried for 10 second(s) with 500 milliseconds interval)
Build info: version: &#039;4.1.4&#039;, revision: &#039;535d840ee2&#039;
System info: host: &#039;RADHAKRISHNAN&#039;, ip: &#039;192.168.1.3&#039;, os.name: &#039;Windows 10&#039;, os.arch: &#039;amd64&#039;, os.version: &#039;10.0&#039;, java.version: &#039;17.0.1&#039;
Driver info: org.openqa.selenium.chrome.ChromeDriver
Capabilities {acceptInsecureCerts: false, browserName: chrome, browserVersion: 102.0.5005.115, chrome: {chromedriverVersion: 102.0.5005.61 (0e59bcc00cc4..., userDataDir: C:\Users\RADHAK~1\AppData\L...}, goog:chromeOptions: {debuggerAddress: localhost:58708}, javascriptEnabled: true, networkConnectionEnabled: false, pageLoadStrategy: normal, platform: WINDOWS, platformName: WINDOWS, proxy: Proxy(), se:cdp: ws://localhost:58708/devtoo..., se:cdpVersion: 102.0.5005.115, setWindowRect: true, strictFileInteractability: false, timeouts: {implicit: 0, pageLoad: 300000, script: 30000}, unhandledPromptBehavior: dismiss and notify, webauthn:extension:credBlob: true, webauthn:extension:largeBlob: true, webauthn:virtualAuthenticators: true}
Session ID: 0381180f1b962e69bb0f0bc354f20790" type="org.openqa.selenium.TimeoutException">
      <![CDATA[org.openqa.selenium.TimeoutException: Expected condition failed: waiting for text found by By.id: test_otp to match pattern "\d+". Current text: "" (tried for 10 second(s) with 500 milliseconds interval)
Build info: version: '4.1.4', revision: '535d840ee2'
System info: host: 'RADHAKRISHNAN', ip: '192.168.1.3', os.name: 'Windows 10', os.arch: 'amd64', os.version: '10.0', java.version: '17.0.1'
Driver info: org.openqa.selenium.chrome.ChromeDriver
Capabilities {acceptInsecureCerts: false, browserName: chrome, browserVersion: 102.0.5005.115, chrome: {chromedriverVersion: 102.0.5005.61 (0e59bcc00cc4..., userDataDir: C:\Users\RADHAK~1\AppData\L...}, goog:chromeOptions: {debuggerAddress: localhost:58708}, javascriptEnabled: true, networkConnectionEnabled: false, pageLoadStrategy: normal, platform: WINDOWS, platformName: WINDOWS, proxy: Proxy(), se:cdp: ws://localhost:58708/devtoo..., se:cdpVersion: 102.0.5005.115, setWindowRect: true, strictFileInteractability: false, timeouts: {implicit: 0, pageLoad: 300000, script: 30000}, unhandledPromptBehavior: dismiss and notify, webauthn:extension:credBlob: true, webauthn:extension:largeBlob: true, webauthn:virtualAuthenticators: true}
Session ID: 0381180f1b962e69bb0f0bc354f20790
at org.openqa.selenium.support.ui.WebDriverWait.timeoutException(WebDriverWait.java:87)
at org.openqa.selenium.support.ui.FluentWait.until(FluentWait.java:231)
at com.maplogik.base.BeforeUpdateScreenShot.beforeScreenShot(BeforeUpdateScreenShot.java:61)
at java.base/jdk.internal.reflect.NativeMethodAccessorImpl.invoke0(Native Method)
at java.base/jdk.internal.reflect.NativeMethodAccessorImpl.invoke(NativeMethodAccessorImpl.java:77)
at java.base/jdk.internal.reflect.DelegatingMethodAccessorImpl.invoke(DelegatingMethodAccessorImpl.java:43)
at java.base/java.lang.reflect.Method.invoke(Method.java:568)
at org.testng.internal.MethodInvocationHelper.invokeMethod(MethodInvocationHelper.java:133)
at org.testng.internal.TestInvoker.invokeMethod(TestInvoker.java:598)
at org.testng.internal.TestInvoker.invokeTestMethod(TestInvoker.java:173)
at org.testng.internal.TestMethodWithDataProviderMethodWorker.call(TestMethodWithDataProviderMethodWorker.java:77)
at org.testng.internal.TestMethodWithDataProviderMethodWorker.call(TestMethodWithDataProviderMethodWorker.java:15)
at java.base/java.util.concurrent.FutureTask.run(FutureTask.java:264)
at java.base/java.util.concurrent.Executors$RunnableAdapter.call(Executors.java:539)
at java.base/java.util.concurrent.FutureTask.run(FutureTask.java:264)
at java.base/java.util.concurrent.ThreadPoolExecutor.runWorker(ThreadPoolExecutor.java:1136)
at java.base/java.util.concurrent.ThreadPoolExecutor$Worker.run(ThreadPoolExecutor.java:635)
at java.base/java.lang.Thread.run(Thread.java:833)
]]>
    </error>
  </testcase> <!-- beforeScreenShot -->
  <system-out/>
  <testcase classname="com.maplogik.base.BeforeUpdateScreenShot" name="tearDown" time="0.084">
    <error message="Timed out waiting for driver server to stop.
Build info: version: &#039;4.1.4&#039;, revision: &#039;535d840ee2&#039;
System info: host: &#039;RADHAKRISHNAN&#039;, ip: &#039;192.168.1.3&#039;, os.name: &#039;Windows 10&#039;, os.arch: &#039;amd64&#039;, os.version: &#039;10.0&#039;, java.version: &#039;17.0.1&#039;
Driver info: org.openqa.selenium.chrome.ChromeDriver
Command: [0381180f1b962e69bb0f0bc354f20790, quit {}]
Capabilities {acceptInsecureCerts: false, browserName: chrome, browserVersion: 102.0.5005.115, chrome: {chromedriverVersion: 102.0.5005.61 (0e59bcc00cc4..., userDataDir: C:\Users\RADHAK~1\AppData\L...}, goog:chromeOptions: {debuggerAddress: localhost:58708}, javascriptEnabled: true, networkConnectionEnabled: false, pageLoadStrategy: normal, platform: WINDOWS, platformName: WINDOWS, proxy: Proxy(), se:cdp: ws://localhost:58708/devtoo..., se:cdpVersion: 102.0.5005.115, setWindowRect: true, strictFileInteractability: false, timeouts: {implicit: 0, pageLoad: 300000, script: 30000}, unhandledPromptBehavior: dismiss and notify, webauthn:extension:credBlob: true, webauthn:extension:largeBlob: true, webauthn:virtualAuthenticators: true}
Session ID: 0381180f1b962e69bb0f0bc354f20790" type="org.openqa.selenium.WebDriverException">
      <![CDATA[org.openqa.selenium.WebDriverException: Timed out waiting for driver server to stop.
Build info: version: '4.1.4', revision: '535d840ee2'
System info: host: 'RADHAKRISHNAN', ip: '192.168.1.3', os.name: 'Windows 10', os.arch: 'amd64', os.version: '10.0', java.version: '17.0.1'
Driver info: org.openqa.selenium.chrome.ChromeDriver
Command: [0381180f1b962e69bb0f0bc354f20790, quit {}]
Capabilities {acceptInsecureCerts: false, browserName: chrome, browserVersion: 102.0.5005.115, chrome: {chromedriverVersion: 102.0.5005.61 (0e59bcc00cc4..., userDataDir: C:\Users\RADHAK~1\AppData\L...}, goog:chromeOptions: {debuggerAddress: localhost:58708}, javascriptEnabled: true, networkConnectionEnabled: false, pageLoadStrategy: normal, platform: WINDOWS, platformName: WINDOWS, proxy: Proxy(), se:cdp: ws://localhost:58708/devtoo..., se:cdpVersion: 102.0.5005.115, setWindowRect: true, strictFileInteractability: false, timeouts: {implicit: 0, pageLoad: 300000, script: 30000}, unhandledPromptBehavior: dismiss and notify, webauthn:extension:credBlob: true, webauthn:extension:largeBlob: true, webauthn:virtualAuthenticators: true}
Session ID: 0381180f1b962e69bb0f0bc354f20790
at org.openqa.selenium.remote.service.DriverCommandExecutor.execute(DriverCommandExecutor.java:132)
at org.openqa.selenium.remote.RemoteWebDriver.execute(RemoteWebDriver.java:567)
at org.openqa.selenium.remote.RemoteWebDriver.execute(RemoteWebDriver.java:622)
at org.openqa.selenium.remote.RemoteWebDriver.execute(RemoteWebDriver.java:626)
at org.openqa.selenium.remote.RemoteWebDriver.quit(RemoteWebDriver.java:463)
at org.openqa.selenium.chromium.ChromiumDriver.quit(ChromiumDriver.java:293)
at com.maplogik.base.BeforeUpdateScreenShot.tearDown(BeforeUpdateScreenShot.java:80)
at java.base/jdk.internal.reflect.NativeMethodAccessorImpl.invoke0(Native Method)
at java.base/jdk.internal.reflect.NativeMethodAccessorImpl.invoke(NativeMethodAccessorImpl.java:77)
at java.base/jdk.internal.reflect.DelegatingMethodAccessorImpl.invoke(DelegatingMethodAccessorImpl.java:43)
at java.base/java.lang.reflect.Method.invoke(Method.java:568)
at org.testng.internal.MethodInvocationHelper.invokeMethod(MethodInvocationHelper.java:133)
at org.testng.internal.MethodInvocationHelper.invokeMethodConsideringTimeout(MethodInvocationHelper.java:62)
at org.testng.internal.ConfigInvoker.invokeConfigurationMethod(ConfigInvoker.java:385)
at org.testng.internal.ConfigInvoker.invokeConfigurations(ConfigInvoker.java:321)
at org.testng.internal.TestInvoker.runConfigMethods(TestInvoker.java:700)
at org.testng.internal.TestInvoker.runAfterGroupsConfigurations(TestInvoker.java:676)
at org.testng.internal.TestInvoker.invokeMethod(TestInvoker.java:660)
at org.testng.internal.TestInvoker.invokeTestMethod(TestInvoker.java:173)
at org.testng.internal.TestMethodWithDataProviderMethodWorker.call(TestMethodWithDataProviderMethodWorker.java:77)
at org.testng.internal.TestMethodWithDataProviderMethodWorker.call(TestMethodWithDataProviderMethodWorker.java:15)
at java.base/java.util.concurrent.FutureTask.run(FutureTask.java:264)
at java.base/java.util.concurrent.Executors$RunnableAdapter.call(Executors.java:539)
at java.base/java.util.concurrent.FutureTask.run(FutureTask.java:264)
at java.base/java.util.concurrent.ThreadPoolExecutor.runWorker(ThreadPoolExecutor.java:1136)
at java.base/java.util.concurrent.ThreadPoolExecutor$Worker.run(ThreadPoolExecutor.java:635)
at java.base/java.lang.Thread.run(Thread.java:833)
Caused by: java.util.concurrent.ExecutionException: java.io.UncheckedIOException: java.net.ConnectException: Connection refused: no further information: localhost/[0:0:0:0:0:0:0:1]:61744
at java.base/java.util.concurrent.CompletableFuture.reportGet(CompletableFuture.java:396)
at java.base/java.util.concurrent.CompletableFuture.get(CompletableFuture.java:2096)
at org.openqa.selenium.remote.service.DriverCommandExecutor.execute(DriverCommandExecutor.java:128)
... 26 more
Caused by: java.io.UncheckedIOException: java.net.ConnectException: Connection refused: no further information: localhost/[0:0:0:0:0:0:0:1]:61744
at org.openqa.selenium.remote.http.netty.NettyHttpHandler.makeCall(NettyHttpHandler.java:73)
at org.openqa.selenium.remote.http.AddSeleniumUserAgent.lambda$apply$0(AddSeleniumUserAgent.java:42)
at org.openqa.selenium.remote.http.Filter.lambda$andFinally$1(Filter.java:56)
at org.openqa.selenium.remote.http.netty.NettyHttpHandler.execute(NettyHttpHandler.java:49)
at org.openqa.selenium.remote.http.AddSeleniumUserAgent.lambda$apply$0(AddSeleniumUserAgent.java:42)
at org.openqa.selenium.remote.http.Filter.lambda$andFinally$1(Filter.java:56)
at org.openqa.selenium.remote.http.netty.NettyClient.execute(NettyClient.java:97)
at org.openqa.selenium.remote.HttpCommandExecutor.execute(HttpCommandExecutor.java:181)
at org.openqa.selenium.remote.service.DriverCommandExecutor.invokeExecute(DriverCommandExecutor.java:167)
at org.openqa.selenium.remote.service.DriverCommandExecutor.lambda$execute$1(DriverCommandExecutor.java:105)
at java.base/java.util.concurrent.CompletableFuture$AsyncSupply.run(CompletableFuture.java:1768)
... 3 more
Caused by: java.net.ConnectException: Connection refused: no further information: localhost/[0:0:0:0:0:0:0:1]:61744
at org.asynchttpclient.netty.channel.NettyConnectListener.onFailure(NettyConnectListener.java:179)
at org.asynchttpclient.netty.channel.NettyChannelConnector$1.onFailure(NettyChannelConnector.java:108)
at org.asynchttpclient.netty.SimpleChannelFutureListener.operationComplete(SimpleChannelFutureListener.java:28)
at org.asynchttpclient.netty.SimpleChannelFutureListener.operationComplete(SimpleChannelFutureListener.java:20)
at io.netty.util.concurrent.DefaultPromise.notifyListener0(DefaultPromise.java:578)
at io.netty.util.concurrent.DefaultPromise.notifyListeners0(DefaultPromise.java:571)
at io.netty.util.concurrent.DefaultPromise.notifyListenersNow(DefaultPromise.java:550)
at io.netty.util.concurrent.DefaultPromise.notifyListeners(DefaultPromise.java:491)
at io.netty.util.concurrent.DefaultPromise.setValue0(DefaultPromise.java:616)
at io.netty.util.concurrent.DefaultPromise.setFailure0(DefaultPromise.java:609)
at io.netty.util.concurrent.DefaultPromise.tryFailure(DefaultPromise.java:117)
at io.netty.channel.nio.AbstractNioChannel$AbstractNioUnsafe.fulfillConnectPromise(AbstractNioChannel.java:321)
at io.netty.channel.nio.AbstractNioChannel$AbstractNioUnsafe.finishConnect(AbstractNioChannel.java:337)
at io.netty.channel.nio.NioEventLoop.processSelectedKey(NioEventLoop.java:710)
at io.netty.channel.nio.NioEventLoop.processSelectedKeysOptimized(NioEventLoop.java:658)
at io.netty.channel.nio.NioEventLoop.processSelectedKeys(NioEventLoop.java:584)
at io.netty.channel.nio.NioEventLoop.run(NioEventLoop.java:496)
at io.netty.util.concurrent.SingleThreadEventExecutor$4.run(SingleThreadEventExecutor.java:986)
at io.netty.util.internal.ThreadExecutorMap$2.run(ThreadExecutorMap.java:74)
at io.netty.util.concurrent.FastThreadLocalRunnable.run(FastThreadLocalRunnable.java:30)
... 1 more
Caused by: io.netty.channel.AbstractChannel$AnnotatedConnectException: Connection refused: no further information: localhost/[0:0:0:0:0:0:0:1]:61744
Caused by: java.net.ConnectException: Connection refused: no further information
at java.base/sun.nio.ch.Net.pollConnect(Native Method)
at java.base/sun.nio.ch.Net.pollConnectNow(Net.java:672)
at java.base/sun.nio.ch.SocketChannelImpl.finishConnect(SocketChannelImpl.java:946)
at io.netty.channel.socket.nio.NioSocketChannel.doFinishConnect(NioSocketChannel.java:337)
at io.netty.channel.nio.AbstractNioChannel$AbstractNioUnsafe.finishConnect(AbstractNioChannel.java:334)
at io.netty.channel.nio.NioEventLoop.processSelectedKey(NioEventLoop.java:710)
at io.netty.channel.nio.NioEventLoop.processSelectedKeysOptimized(NioEventLoop.java:658)
at io.netty.channel.nio.NioEventLoop.processSelectedKeys(NioEventLoop.java:584)
at io.netty.channel.nio.NioEventLoop.run(NioEventLoop.java:496)
at io.netty.util.concurrent.SingleThreadEventExecutor$4.run(SingleThreadEventExecutor.java:986)
at io.netty.util.internal.ThreadExecutorMap$2.run(ThreadExecutorMap.java:74)
at io.netty.util.concurrent.FastThreadLocalRunnable.run(FastThreadLocalRunnable.java:30)
at java.base/java.lang.Thread.run(Thread.java:833)
]]>
    </error>
  </testcase> <!-- tearDown -->
  <system-out/>
  <testcase classname="com.maplogik.base.BeforeUpdateScreenShot" name="beforeScreenShot" time="0.000">
    <skipped/>
  </testcase> <!-- beforeScreenShot -->
  <system-out/>
  <testcase classname="com.maplogik.base.BeforeUpdateScreenShot" name="beforeScreenShot" time="0.000">
    <skipped/>
  </testcase> <!-- beforeScreenShot -->
  <system-out/>
  <testcase classname="com.maplogik.base.BeforeUpdateScreenShot" name="beforeScreenShot" time="0.000">
    <skipped/>
  </testcase> <!-- beforeScreenShot -->
  <system-out/>
  <testcase classname="com.maplogik.base.BeforeUpdateScreenShot" name="beforeScreenShot" time="0.000">
    <skipped/>
  </testcase> <!-- beforeScreenShot -->
  <system-out/>
  <testcase classname="com.maplogik.base.BeforeUpdateScreenShot" name="beforeScreenShot" time="0.000">
    <skipped/>
  </testcase> <!-- beforeScreenShot -->
  <system-out/>
  <testcase classname="com.maplogik.base.BeforeUpdateScreenShot" name="beforeScreenShot" time="11.072">
    <error message="Expected condition failed: waiting for text found by By.id: test_otp to match pattern &quot;\d+&quot;. Current text: &quot;&quot; (tried for 10 second(s) with 500 milliseconds interval)
Build info: version: &#039;4.1.4&#039;, revision: &#039;535d840ee2&#039;
System info: host: &#039;RADHAKRISHNAN&#039;, ip: &#039;192.168.1.3&#039;, os.name: &#039;Windows 10&#039;, os.arch: &#039;amd64&#039;, os.version: &#039;10.0&#039;, java.version: &#039;17.0.1&#039;
Driver info: org.openqa.selenium.chrome.ChromeDriver
Capabilities {acceptInsecureCerts: false, browserName: chrome, browserVersion: 102.0.5005.115, chrome: {chromedriverVersion: 102.0.5005.61 (0e59bcc00cc4..., userDataDir: C:\Users\RADHAK~1\AppData\L...}, goog:chromeOptions: {debuggerAddress: localhost:58708}, javascriptEnabled: true, networkConnectionEnabled: false, pageLoadStrategy: normal, platform: WINDOWS, platformName: WINDOWS, proxy: Proxy(), se:cdp: ws://localhost:58708/devtoo..., se:cdpVersion: 102.0.5005.115, setWindowRect: true, strictFileInteractability: false, timeouts: {implicit: 0, pageLoad: 300000, script: 30000}, unhandledPromptBehavior: dismiss and notify, webauthn:extension:credBlob: true, webauthn:extension:largeBlob: true, webauthn:virtualAuthenticators: true}
Session ID: 0381180f1b962e69bb0f0bc354f20790" type="org.openqa.selenium.TimeoutException">
      <![CDATA[org.openqa.selenium.TimeoutException: Expected condition failed: waiting for text found by By.id: test_otp to match pattern "\d+". Current text: "" (tried for 10 second(s) with 500 milliseconds interval)
Build info: version: '4.1.4', revision: '535d840ee2'
System info: host: 'RADHAKRISHNAN', ip: '192.168.1.3', os.name: 'Windows 10', os.arch: 'amd64', os.version: '10.0', java.version: '17.0.1'
Driver info: org.openqa.selenium.chrome.ChromeDriver
Capabilities {acceptInsecureCerts: false, browserName: chrome, browserVersion: 102.0.5005.115, chrome: {chromedriverVersion: 102.0.5005.61 (0e59bcc00cc4..., userDataDir: C:\Users\RADHAK~1\AppData\L...}, goog:chromeOptions: {debuggerAddress: localhost:58708}, javascriptEnabled: true, networkConnectionEnabled: false, pageLoadStrategy: normal, platform: WINDOWS, platformName: WINDOWS, proxy: Proxy(), se:cdp: ws://localhost:58708/devtoo..., se:cdpVersion: 102.0.5005.115, setWindowRect: true, strictFileInteractability: false, timeouts: {implicit: 0, pageLoad: 300000, script: 30000}, unhandledPromptBehavior: dismiss and notify, webauthn:extension:credBlob: true, webauthn:extension:largeBlob: true, webauthn:virtualAuthenticators: true}
Session ID: 0381180f1b962e69bb0f0bc354f20790
at org.openqa.selenium.support.ui.WebDriverWait.timeoutException(WebDriverWait.java:87)
at org.openqa.selenium.support.ui.FluentWait.until(FluentWait.java:231)
at com.maplogik.base.BeforeUpdateScreenShot.beforeScreenShot(BeforeUpdateScreenShot.java:61)
at java.base/jdk.internal.reflect.NativeMethodAccessorImpl.invoke0(Native Method)
at java.base/jdk.internal.reflect.NativeMethodAccessorImpl.invoke(NativeMethodAccessorImpl.java:77)
at java.base/jdk.internal.reflect.DelegatingMethodAccessorImpl.invoke(DelegatingMethodAccessorImpl.java:43)
at java.base/java.lang.reflect.Method.invoke(Method.java:568)
at org.testng.internal.MethodInvocationHelper.invokeMethod(MethodInvocationHelper.java:133)
at org.testng.internal.TestInvoker.invokeMethod(TestInvoker.java:598)
at org.testng.internal.TestInvoker.invokeTestMethod(TestInvoker.java:173)
at org.testng.internal.TestMethodWithDataProviderMethodWorker.call(TestMethodWithDataProviderMethodWorker.java:77)
at org.testng.internal.TestMethodWithDataProviderMethodWorker.call(TestMethodWithDataProviderMethodWorker.java:15)
at java.base/java.util.concurrent.FutureTask.run(FutureTask.java:264)
at java.base/java.util.concurrent.Executors$RunnableAdapter.call(Executors.java:539)
at java.base/java.util.concurrent.FutureTask.run(FutureTask.java:264)
at java.base/java.util.concurrent.ThreadPoolExecutor.runWorker(ThreadPoolExecutor.java:1136)
at java.base/java.util.concurrent.ThreadPoolExecutor$Worker.run(ThreadPoolExecutor.java:635)
at java.base/java.lang.Thread.run(Thread.java:833)
]]>
    </error>
  </testcase> <!-- beforeScreenShot -->
  <system-out/>
  <testcase classname="com.maplogik.base.BeforeUpdateScreenShot" name="beforeScreenShot" time="0.000">
    <skipped/>
  </testcase> <!-- beforeScreenShot -->
  <system-out/>
  <testcase classname="com.maplogik.base.BeforeUpdateScreenShot" name="beforeScreenShot" time="0.000">
    <skipped/>
  </testcase> <!-- beforeScreenShot -->
  <system-out/>
  <testcase classname="com.maplogik.base.BeforeUpdateScreenShot" name="beforeScreenShot" time="0.000">
    <skipped/>
  </testcase> <!-- beforeScreenShot -->
  <system-out/>
  <testcase classname="com.maplogik.base.BeforeUpdateScreenShot" name="beforeScreenShot" time="0.000">
    <skipped/>
  </testcase> <!-- beforeScreenShot -->
  <system-out/>
  <testcase classname="com.maplogik.base.BeforeUpdateScreenShot" name="beforeScreenShot" time="0.000">
    <skipped/>
  </testcase> <!-- beforeScreenShot -->
  <system-out/>
  <testcase classname="com.maplogik.base.BeforeUpdateScreenShot" name="beforeScreenShot" time="0.000">
    <skipped/>
  </testcase> <!-- beforeScreenShot -->
  <system-out/>
  <testcase classname="com.maplogik.base.BeforeUpdateScreenShot" name="beforeScreenShot" time="0.000">
    <skipped/>
  </testcase> <!-- beforeScreenShot -->
  <system-out/>
  <testcase classname="com.maplogik.base.BeforeUpdateScreenShot" name="beforeScreenShot" time="0.000">
    <skipped/>
  </testcase> <!-- beforeScreenShot -->
  <system-out/>
  <testcase classname="com.maplogik.base.BeforeUpdateScreenShot" name="beforeScreenShot" time="0.000">
    <skipped/>
  </testcase> <!-- beforeScreenShot -->
  <system-out/>
  <testcase classname="com.maplogik.base.BeforeUpdateScreenShot" name="beforeScreenShot" time="0.000">
    <skipped/>
  </testcase> <!-- beforeScreenShot -->
  <system-out/>
  <testcase classname="com.maplogik.base.BeforeUpdateScreenShot" name="beforeScreenShot" time="0.000">
    <skipped/>
  </testcase> <!-- beforeScreenShot -->
  <system-out/>
  <testcase classname="com.maplogik.base.BeforeUpdateScreenShot" name="beforeScreenShot" time="0.000">
    <skipped/>
  </testcase> <!-- beforeScreenShot -->
  <system-out/>
  <testcase classname="com.maplogik.base.BeforeUpdateScreenShot" name="beforeScreenShot" time="0.000">
    <skipped/>
  </testcase> <!-- beforeScreenShot -->
  <system-out/>
  <testcase classname="com.maplogik.base.BeforeUpdateScreenShot" name="beforeScreenShot" time="0.000">
    <skipped/>
  </testcase> <!-- beforeScreenShot -->
  <system-out/>
  <testcase classname="com.maplogik.base.BeforeUpdateScreenShot" name="beforeScreenShot" time="0.000">
    <skipped/>
  </testcase> <!-- beforeScreenShot -->
  <system-out/>
  <testcase classname="com.maplogik.base.BeforeUpdateScreenShot" name="beforeScreenShot" time="0.000">
    <skipped/>
  </testcase> <!-- beforeScreenShot -->
  <system-out/>
</testsuite> <!-- com.maplogik.base.BeforeUpdateScreenShot -->
